============================================================
German-English Dictionary Builder (Parallel)
============================================================
Total words in list: 5000
Processing range: 3750 to 5000 (1250 words)

Processing words 3751 to 5000 (1250 words)
Output: german_english_dict_batch2_part_4.json
Rate limit: 4s between requests

[3751/5000] Processing: rüstung... ✓
[3752/5000] Processing: attentäter... ✓
[3753/5000] Processing: tauben... ✓
[3754/5000] Processing: gewohnheit... ✓
[3755/5000] Processing: mieses... ✓
[3756/5000] Processing: kindermädchen... ✓
[3757/5000] Processing: brenda... ✓
[3758/5000] Processing: nervst... ✓
[3759/5000] Processing: japanische... ✓
[3760/5000] Processing: bitch... ✓
  Progress: 10/1250 (0.8%) | Rate: 7.3 words/min | ETA: 168.7 min
[3761/5000] Processing: nsa... ✓
[3762/5000] Processing: werner... ✓
[3763/5000] Processing: beinhaltet... ✓
[3764/5000] Processing: donuts... ✓
[3765/5000] Processing: abgefeuert... ✓
[3766/5000] Processing: luther... ✓
[3767/5000] Processing: davonkommen... ✓
[3768/5000] Processing: godzilla... ✓
[3769/5000] Processing: hinzufügen... ✓
[3770/5000] Processing: dreier... ✓
  Progress: 20/1250 (1.6%) | Rate: 6.7 words/min | ETA: 183.9 min
[3771/5000] Processing: werwolf... ✓
[3772/5000] Processing: denver... ✓
[3773/5000] Processing: hebe... ✓
[3774/5000] Processing: ehrgeiz... ✓
[3775/5000] Processing: aufenthaltsort... ✓
[3776/5000] Processing: hinreißend... ✓
[3777/5000] Processing: gruß... ✓
[3778/5000] Processing: borgia... ✓
[3779/5000] Processing: howie... ✓
[3780/5000] Processing: mckay... ✓
  Progress: 30/1250 (2.4%) | Rate: 6.9 words/min | ETA: 177.9 min
[3781/5000] Processing: dj... ✓
[3782/5000] Processing: nu... ✓
[3783/5000] Processing: zeichnung... ✓
[3784/5000] Processing: geige... ✓
[3785/5000] Processing: fortsetzung... ✓
[3786/5000] Processing: kotzt... ✓
[3787/5000] Processing: glückstag... ✓
[3788/5000] Processing: japanisch... ✓
[3789/5000] Processing: archiv... ✓
[3790/5000] Processing: einholen... ✓
  Progress: 40/1250 (3.2%) | Rate: 6.8 words/min | ETA: 177.6 min
[3791/5000] Processing: bush... ✓
[3792/5000] Processing: raushalten... ✓
[3793/5000] Processing: verheimlicht... ✓
[3794/5000] Processing: hacker... ✓
[3795/5000] Processing: hingabe... ✓
[3796/5000] Processing: uhren... ✓
[3797/5000] Processing: cyril... ✓
[3798/5000] Processing: erobert... ✓
[3799/5000] Processing: bandit... ✓
[3800/5000] Processing: linien... ✓
  Progress: 50/1250 (4.0%) | Rate: 6.7 words/min | ETA: 178.7 min
[3801/5000] Processing: umzugehen... ✓
[3802/5000] Processing: roberto... ✓
[3803/5000] Processing: vornamen... ✓
[3804/5000] Processing: tessa... ✓
[3805/5000] Processing: nerv... ✓
[3806/5000] Processing: berührung... ✓
[3807/5000] Processing: ergreift... ✓
[3808/5000] Processing: sattel... ✓
[3809/5000] Processing: gelangweilt... ✓
[3810/5000] Processing: intakt... ✓
  Progress: 60/1250 (4.8%) | Rate: 6.8 words/min | ETA: 174.7 min
[3811/5000] Processing: isabella... ✓
[3812/5000] Processing: poesie... ✓
[3813/5000] Processing: pflegen... ✓
[3814/5000] Processing: belastet... ✓
[3815/5000] Processing: reinlassen... ✓
[3816/5000] Processing: yen... ✓
[3817/5000] Processing: geprügelt... ✓
[3818/5000] Processing: perspektive... ✓
[3819/5000] Processing: schreist... ✓
[3820/5000] Processing: sperma... ✓
  Progress: 70/1250 (5.6%) | Rate: 6.7 words/min | ETA: 175.3 min
[3821/5000] Processing: hingelegt... ✓
[3822/5000] Processing: wildes... ✓
[3823/5000] Processing: begreifst... ✓
[3824/5000] Processing: marcie... ✓
[3825/5000] Processing: ii... ✓
[3826/5000] Processing: metropolis... ✓
[3827/5000] Processing: schildkröte... ✓
[3828/5000] Processing: umzingelt... ✓
[3829/5000] Processing: buddha... ✓
[3830/5000] Processing: bonus... ✓
  Progress: 80/1250 (6.4%) | Rate: 6.8 words/min | ETA: 172.7 min
[3831/5000] Processing: wagst... ✓
[3832/5000] Processing: spucken... ✓
[3833/5000] Processing: einlassen... ✓
[3834/5000] Processing: günstig... ✓
[3835/5000] Processing: yu... ✓
[3836/5000] Processing: lebenslänglich... ✓
[3837/5000] Processing: sloane... ✓
[3838/5000] Processing: präzise... ✓
[3839/5000] Processing: bilde... ✓
[3840/5000] Processing: sorgerecht... ✓
  Progress: 90/1250 (7.2%) | Rate: 6.8 words/min | ETA: 171.5 min
[3841/5000] Processing: blinde... ✓
[3842/5000] Processing: gebot... ✓
[3843/5000] Processing: zurückzahlen... ✓
[3844/5000] Processing: ameisen... ✓
[3845/5000] Processing: verleihen... ✓
[3846/5000] Processing: bearbeitet... ✓
[3847/5000] Processing: riker... ✓
[3848/5000] Processing: deckel... ✓
[3849/5000] Processing: theresa... ✓
[3850/5000] Processing: pentagon... ✓
  Progress: 100/1250 (8.0%) | Rate: 6.8 words/min | ETA: 169.4 min
[3851/5000] Processing: frechheit... ✓
[3852/5000] Processing: sinkt... ✓
[3853/5000] Processing: gastfreundschaft... ✓
[3854/5000] Processing: enthalten... ✓
[3855/5000] Processing: schwamm... ✓
[3856/5000] Processing: glückliches... ✓
[3857/5000] Processing: sperrt... ✓
[3858/5000] Processing: cliff... ✓
[3859/5000] Processing: healey... ✓
[3860/5000] Processing: container... ✓
  Progress: 110/1250 (8.8%) | Rate: 6.8 words/min | ETA: 167.4 min
[3861/5000] Processing: aufsetzen... ✓
[3862/5000] Processing: erhielten... ✓
[3863/5000] Processing: ermöglicht... ✓
[3864/5000] Processing: erstellen... ✓
[3865/5000] Processing: cesare... ✓
[3866/5000] Processing: rausgeschmissen... ✓
[3867/5000] Processing: vorgefallen... ✓
[3868/5000] Processing: herbringen... ✓
[3869/5000] Processing: freiwillige... ✓
[3870/5000] Processing: korrigieren... ✓
  Progress: 120/1250 (9.6%) | Rate: 6.7 words/min | ETA: 168.4 min
[3871/5000] Processing: leichnam... ✓
[3872/5000] Processing: negative... ✓
[3873/5000] Processing: never... ✓
[3874/5000] Processing: schwebt... ✓
[3875/5000] Processing: vorsichtiger... ✓
[3876/5000] Processing: pilze... ✓
[3877/5000] Processing: kürzer... ✓
[3878/5000] Processing: bezahl... ✓
[3879/5000] Processing: behältst... ✓
[3880/5000] Processing: erfüllung... ✓
  Progress: 130/1250 (10.4%) | Rate: 6.7 words/min | ETA: 166.0 min
[3881/5000] Processing: verbündeten... ✓
[3882/5000] Processing: achtet... ✓
[3883/5000] Processing: meiden... ✓
[3884/5000] Processing: ansichten... ✓
[3885/5000] Processing: isoliert... ✓
[3886/5000] Processing: ausschlag... ✓
[3887/5000] Processing: fünfzehn... ✓
[3888/5000] Processing: aufruhr... ✓
[3889/5000] Processing: felder... ✓
[3890/5000] Processing: make... ✓
  Progress: 140/1250 (11.2%) | Rate: 6.8 words/min | ETA: 163.7 min
[3891/5000] Processing: gesunde... ✓
[3892/5000] Processing: toiletten... ✓
[3893/5000] Processing: schwierigen... ✓
[3894/5000] Processing: crawford... ✓
[3895/5000] Processing: quittung... ✓
[3896/5000] Processing: portal... ✓
[3897/5000] Processing: gesetzes... ✓
[3898/5000] Processing: großeltern... ✓
[3899/5000] Processing: mo... ✓
[3900/5000] Processing: investition... ✓
  Progress: 150/1250 (12.0%) | Rate: 6.8 words/min | ETA: 160.6 min
[3901/5000] Processing: raj... ✓
[3902/5000] Processing: schweiß... ✓
[3903/5000] Processing: selbstvertrauen... ✓
[3904/5000] Processing: geschluckt... ✓
[3905/5000] Processing: sendet... ✓
[3906/5000] Processing: aufgehängt... ✓
[3907/5000] Processing: susie... ✓
[3908/5000] Processing: taschenlampe... ✓
[3909/5000] Processing: saint... ✓
[3910/5000] Processing: justiz... ✓
  Progress: 160/1250 (12.8%) | Rate: 6.8 words/min | ETA: 159.6 min
[3911/5000] Processing: jägerin... ✓
[3912/5000] Processing: heer... ✓
[3913/5000] Processing: neapel... ✓
[3914/5000] Processing: illegalen... ✓
[3915/5000] Processing: schuft... ✓
[3916/5000] Processing: rückt... ✓
[3917/5000] Processing: drohte... ✓
[3918/5000] Processing: scheiss... ✓
[3919/5000] Processing: zurückkehrt... ✓
[3920/5000] Processing: verlangst... ✓
  Progress: 170/1250 (13.6%) | Rate: 6.8 words/min | ETA: 158.5 min
[3921/5000] Processing: zünden... ✓
[3922/5000] Processing: ärgert... ✓
[3923/5000] Processing: großteil... ✓
[3924/5000] Processing: instrument... ✓
[3925/5000] Processing: codes... ✓
[3926/5000] Processing: herzogin... ✓
[3927/5000] Processing: bumsen... ✓
[3928/5000] Processing: aktivität... ✓
[3929/5000] Processing: entwickelte... ✓
[3930/5000] Processing: ronald... ✓
  Progress: 180/1250 (14.4%) | Rate: 6.8 words/min | ETA: 157.2 min
[3931/5000] Processing: gegenmittel... ✓
[3932/5000] Processing: reiches... ✓
[3933/5000] Processing: sheridan... ✓
[3934/5000] Processing: taktik... ✓
[3935/5000] Processing: studien... ✓
[3936/5000] Processing: dramatisch... ✓
[3937/5000] Processing: potenzial... ✓
[3938/5000] Processing: anpassung... ✓
[3939/5000] Processing: jugendliche... ✓
[3940/5000] Processing: ass... ✓
  Progress: 190/1250 (15.2%) | Rate: 6.8 words/min | ETA: 155.0 min
[3941/5000] Processing: zerstörte... ✓
[3942/5000] Processing: clowns... ✓
[3943/5000] Processing: professionelle... ✓
[3944/5000] Processing: verlorenen... ✓
[3945/5000] Processing: gelingen... ✓
[3946/5000] Processing: militärische... ✓
[3947/5000] Processing: atlanta... ✓
[3948/5000] Processing: richards... ✓
[3949/5000] Processing: ausgenutzt... ✓
[3950/5000] Processing: maestro... ✓
  Progress: 200/1250 (16.0%) | Rate: 6.8 words/min | ETA: 154.1 min
[3951/5000] Processing: brooks... ✓
[3952/5000] Processing: freies... ✓
[3953/5000] Processing: cheryl... ✓
[3954/5000] Processing: gier... ✓
[3955/5000] Processing: insbesondere... ✓
[3956/5000] Processing: überzeugung... ✓
[3957/5000] Processing: angemeldet... ✓
[3958/5000] Processing: winzige... ✓
[3959/5000] Processing: vorstellungen... ✓
[3960/5000] Processing: massaker... ✓
  Progress: 210/1250 (16.8%) | Rate: 6.8 words/min | ETA: 152.1 min
[3961/5000] Processing: gail... ✓
[3962/5000] Processing: ausdenken... ✓
[3963/5000] Processing: auspacken... ✓
[3964/5000] Processing: heizung... ✓
[3965/5000] Processing: haley... ✓
[3966/5000] Processing: magnus... ✓
[3967/5000] Processing: mußte... ✓
[3968/5000] Processing: erzähler... ✓
[3969/5000] Processing: kolonie... ✓
[3970/5000] Processing: gps... ✓
  Progress: 220/1250 (17.6%) | Rate: 6.8 words/min | ETA: 150.7 min
[3971/5000] Processing: girls... ✓
[3972/5000] Processing: gerichtssaal... ✓
[3973/5000] Processing: donnerwetter... ✓
[3974/5000] Processing: studentin... ✓
[3975/5000] Processing: greta... ✓
[3976/5000] Processing: tickt... ✓
[3977/5000] Processing: räumt... ✓
[3978/5000] Processing: boom... ✓
[3979/5000] Processing: miriam... ✓
[3980/5000] Processing: gesichtet... ✓
  Progress: 230/1250 (18.4%) | Rate: 6.8 words/min | ETA: 149.6 min
[3981/5000] Processing: kleben... ✓
[3982/5000] Processing: zuzuhören... ✓
[3983/5000] Processing: ritt... ✓
[3984/5000] Processing: bauten... ✓
[3985/5000] Processing: abgeschaltet... ✓
[3986/5000] Processing: atlantic... ✓
[3987/5000] Processing: marquis... ✓
[3988/5000] Processing: teich... ✓
[3989/5000] Processing: raubüberfall... ✓
[3990/5000] Processing: duell... ✓
  Progress: 240/1250 (19.2%) | Rate: 6.8 words/min | ETA: 148.5 min
[3991/5000] Processing: keuchen... ✓
[3992/5000] Processing: chirurgen... ✓
[3993/5000] Processing: wange... ✓
[3994/5000] Processing: auszuschalten... ✓
[3995/5000] Processing: wiedergutmachen... ✓
[3996/5000] Processing: vorbereitung... ✓
[3997/5000] Processing: geile... ✓
[3998/5000] Processing: kranker... ✓
[3999/5000] Processing: festplatte... ✓
[4000/5000] Processing: stoß... ✓
  Progress: 250/1250 (20.0%) | Rate: 6.8 words/min | ETA: 146.9 min
[4001/5000] Processing: stieß... ✓
[4002/5000] Processing: eingreifen... ✓
[4003/5000] Processing: portland... ✓
[4004/5000] Processing: enorm... ✓
[4005/5000] Processing: aufsuchen... ✓
[4006/5000] Processing: verzichte... ✓
[4007/5000] Processing: sichtbar... ✓
[4008/5000] Processing: pässe... ✓
[4009/5000] Processing: vorschrift... ✓
[4010/5000] Processing: gehör... ✓
  Progress: 260/1250 (20.8%) | Rate: 6.8 words/min | ETA: 145.6 min
[4011/5000] Processing: jedermann... ✓
[4012/5000] Processing: genieß... ✓
[4013/5000] Processing: irgendjemanden... ✓
[4014/5000] Processing: ups... ✓
[4015/5000] Processing: substanz... ✓
[4016/5000] Processing: amsterdam... ✓
[4017/5000] Processing: arbeitszimmer... ✓
[4018/5000] Processing: notwehr... ✓
[4019/5000] Processing: patrouille... ✓
[4020/5000] Processing: gewitter... ✓
  Progress: 270/1250 (21.6%) | Rate: 6.8 words/min | ETA: 143.5 min
[4021/5000] Processing: dax... ✓
[4022/5000] Processing: zeigten... ✓
[4023/5000] Processing: klappern... ✓
[4024/5000] Processing: schmetterling... ✓
[4025/5000] Processing: sarge... ✓
[4026/5000] Processing: preston... ✓
[4027/5000] Processing: förmlich... ✓
[4028/5000] Processing: celia... ✓
[4029/5000] Processing: tammy... ✓
[4030/5000] Processing: enger... ✓
  Progress: 280/1250 (22.4%) | Rate: 6.9 words/min | ETA: 141.6 min
[4031/5000] Processing: piep... ✓
[4032/5000] Processing: ausgetauscht... ✓
[4033/5000] Processing: baustelle... ✓
[4034/5000] Processing: bewirkt... ✓
[4035/5000] Processing: brennan... ✓
[4036/5000] Processing: pratt... ✓
[4037/5000] Processing: gerochen... ✓
[4038/5000] Processing: meintest... ✓
[4039/5000] Processing: wusstet... ✓
[4040/5000] Processing: broadway... ✓
  Progress: 290/1250 (23.2%) | Rate: 6.8 words/min | ETA: 140.8 min
[4041/5000] Processing: drehst... ✓
[4042/5000] Processing: martini... ✓
[4043/5000] Processing: starrt... ✓
[4044/5000] Processing: austauschen... ✓
[4045/5000] Processing: janice... ✓
[4046/5000] Processing: schnellen... ✓
[4047/5000] Processing: beerdigt... ✓
[4048/5000] Processing: sozialen... ✓
[4049/5000] Processing: angerührt... ✓
[4050/5000] Processing: say... ✓
  Progress: 300/1250 (24.0%) | Rate: 6.8 words/min | ETA: 140.1 min
[4051/5000] Processing: verläuft... ✓
[4052/5000] Processing: abschlussball... ✓
[4053/5000] Processing: medaille... ✓
[4054/5000] Processing: vielmehr... ✓
[4055/5000] Processing: anschluss... ✓
[4056/5000] Processing: anzünden... ✓
[4057/5000] Processing: wunderschöner... ✓
[4058/5000] Processing: naht... ✓
[4059/5000] Processing: handtücher... ✓
[4060/5000] Processing: basierend... ✓
  Progress: 310/1250 (24.8%) | Rate: 6.8 words/min | ETA: 138.4 min
[4061/5000] Processing: perfekter... ✓
[4062/5000] Processing: ungewöhnliche... ✓
[4063/5000] Processing: international... ✓
[4064/5000] Processing: mistkerle... ✓
[4065/5000] Processing: vizepräsident... ✓
[4066/5000] Processing: brichst... ✓
[4067/5000] Processing: abgelegt... ✓
[4068/5000] Processing: halluzinationen... ✓
[4069/5000] Processing: festnahme... ✓
[4070/5000] Processing: steph... ✓
  Progress: 320/1250 (25.6%) | Rate: 6.8 words/min | ETA: 136.5 min
[4071/5000] Processing: pirat... ✓
[4072/5000] Processing: umwelt... ✓
[4073/5000] Processing: axel... ✓
[4074/5000] Processing: butch... ✓
[4075/5000] Processing: teilweise... ✓
[4076/5000] Processing: verfickte... ✓
[4077/5000] Processing: dat... ✓
[4078/5000] Processing: bearbeiten... ✓
[4079/5000] Processing: fetter... ✓
[4080/5000] Processing: natürlichen... ✓
  Progress: 330/1250 (26.4%) | Rate: 6.8 words/min | ETA: 134.5 min
[4081/5000] Processing: ausgestellt... ✓
[4082/5000] Processing: wendet... ✓
[4083/5000] Processing: gewöhnlicher... ✓
[4084/5000] Processing: lavon... ✓
[4085/5000] Processing: springe... ✓
[4086/5000] Processing: gingst... ✓
[4087/5000] Processing: änderungen... ✓
[4088/5000] Processing: orbit... ✓
[4089/5000] Processing: kapsel... ✓
[4090/5000] Processing: unbewaffnet... ✓
  Progress: 340/1250 (27.2%) | Rate: 6.8 words/min | ETA: 133.2 min
[4091/5000] Processing: internat... ✓
[4092/5000] Processing: zeile... ✓
[4093/5000] Processing: mühle... ✓
[4094/5000] Processing: zeitalter... ✓
[4095/5000] Processing: gabst... ✓
[4096/5000] Processing: neger... ✓
[4097/5000] Processing: prediger... ✓
[4098/5000] Processing: schwache... ✓
[4099/5000] Processing: minen... ✓
[4100/5000] Processing: paulie... ✓
  Progress: 350/1250 (28.0%) | Rate: 6.8 words/min | ETA: 131.5 min
[4101/5000] Processing: geheimes... ✓
[4102/5000] Processing: sessel... ✓
[4103/5000] Processing: wegbringen... ✓
[4104/5000] Processing: shepherd... ✓
[4105/5000] Processing: weiterhelfen... ✓
[4106/5000] Processing: verpflichtung... ✓
[4107/5000] Processing: baten... ✓
[4108/5000] Processing: geparkt... ✓
[4109/5000] Processing: gerichtsmediziner... ✓
[4110/5000] Processing: anita... ✓
  Progress: 360/1250 (28.8%) | Rate: 6.8 words/min | ETA: 130.2 min
[4111/5000] Processing: zurückkommst... ✓
[4112/5000] Processing: bluse... ✓
[4113/5000] Processing: reines... ✓
[4114/5000] Processing: gegenleistung... ✓
[4115/5000] Processing: jaffa... ✓
[4116/5000] Processing: gemeinsames... ✓
[4117/5000] Processing: japanischen... ✓
[4118/5000] Processing: kehre... ✓
[4119/5000] Processing: helfer... ✓
[4120/5000] Processing: aufstieg... ✓
  Progress: 370/1250 (29.6%) | Rate: 6.8 words/min | ETA: 128.7 min
[4121/5000] Processing: entkommt... ✓
[4122/5000] Processing: partie... ✓
[4123/5000] Processing: lächle... ✓
[4124/5000] Processing: verdeckt... ✓
[4125/5000] Processing: abfall... ✓
[4126/5000] Processing: hauptrolle... ✓
[4127/5000] Processing: lilly... ✓
[4128/5000] Processing: tarzan... ✓
[4129/5000] Processing: klingel... ✓
[4130/5000] Processing: jens... ✓
  Progress: 380/1250 (30.4%) | Rate: 6.8 words/min | ETA: 127.9 min
[4131/5000] Processing: flirten... ✓
[4132/5000] Processing: spanier... ✓
[4133/5000] Processing: taxifahrer... ✓
[4134/5000] Processing: länge... ✓
[4135/5000] Processing: träumst... ✓
[4136/5000] Processing: tausenden... ✓
[4137/5000] Processing: blockieren... ✓
[4138/5000] Processing: darcy... ✓
[4139/5000] Processing: ausschließen... ✓
[4140/5000] Processing: kiki... ✓
  Progress: 390/1250 (31.2%) | Rate: 6.8 words/min | ETA: 126.7 min
[4141/5000] Processing: wechselt... ✓
[4142/5000] Processing: erforschen... ✓
[4143/5000] Processing: scanner... ✓
[4144/5000] Processing: eisenbahn... ✓
[4145/5000] Processing: rumsitzen... ✓
[4146/5000] Processing: munter... ✓
[4147/5000] Processing: zugesehen... ✓
[4148/5000] Processing: karma... ✓
[4149/5000] Processing: tristan... ✓
[4150/5000] Processing: stückchen... ✓
  Progress: 400/1250 (32.0%) | Rate: 6.8 words/min | ETA: 125.6 min
[4151/5000] Processing: provinz... ✓
[4152/5000] Processing: mitgemacht... ✓
[4153/5000] Processing: yvonne... ✓
[4154/5000] Processing: pärchen... ✓
[4155/5000] Processing: kritisch... ✓
[4156/5000] Processing: peters... ✓
[4157/5000] Processing: suzanne... ✓
[4158/5000] Processing: gesunden... ✓
[4159/5000] Processing: finanziert... ✓
[4160/5000] Processing: elektrizität... ✓
  Progress: 410/1250 (32.8%) | Rate: 6.8 words/min | ETA: 123.8 min
[4161/5000] Processing: busen... ✓
[4162/5000] Processing: erlebnis... ✓
[4163/5000] Processing: mccoy... ✓
[4164/5000] Processing: vaterland... ✓
[4165/5000] Processing: bitter... ✓
[4166/5000] Processing: schleier... ✓
[4167/5000] Processing: notarzt... ✓
[4168/5000] Processing: stattfindet... ✓
[4169/5000] Processing: hervorragende... ✓
[4170/5000] Processing: krimineller... ✓
  Progress: 420/1250 (33.6%) | Rate: 6.8 words/min | ETA: 122.1 min
[4171/5000] Processing: durchatmen... ✓
[4172/5000] Processing: stopfen... ✓
[4173/5000] Processing: übergabe... ✓
[4174/5000] Processing: monatelang... ✓
[4175/5000] Processing: beeile... ✓
[4176/5000] Processing: harley... ✓
[4177/5000] Processing: unterschreibe... ✓
[4178/5000] Processing: effekt... ✓
[4179/5000] Processing: einlegen... ✓
[4180/5000] Processing: verwirrung... ✓
  Progress: 430/1250 (34.4%) | Rate: 6.8 words/min | ETA: 121.1 min
[4181/5000] Processing: überschritten... ✓
[4182/5000] Processing: where... ✓
[4183/5000] Processing: instrumente... ✓
[4184/5000] Processing: mailand... ✓
[4185/5000] Processing: belassen... ✓
[4186/5000] Processing: latein... ✓
[4187/5000] Processing: caine... ✓
[4188/5000] Processing: großartiges... ✓
[4189/5000] Processing: billie... ✓
[4190/5000] Processing: grundlage... ✓
  Progress: 440/1250 (35.2%) | Rate: 6.8 words/min | ETA: 119.7 min
[4191/5000] Processing: reihenfolge... ✓
[4192/5000] Processing: körperliche... ✓
[4193/5000] Processing: würmer... ✓
[4194/5000] Processing: arena... ✓
[4195/5000] Processing: mexico... ✓
[4196/5000] Processing: hong... ✓
[4197/5000] Processing: ballett... ✓
[4198/5000] Processing: luder... ✓
[4199/5000] Processing: gerald... ✓
[4200/5000] Processing: werke... ✓
  Progress: 450/1250 (36.0%) | Rate: 6.8 words/min | ETA: 117.9 min
[4201/5000] Processing: bullshit... ✓
[4202/5000] Processing: mae... ✓
[4203/5000] Processing: verfolgung... ✓
[4204/5000] Processing: lizzie... ✓
[4205/5000] Processing: männlichen... ✓
[4206/5000] Processing: exemplar... ✓
[4207/5000] Processing: bedauerlich... ✓
[4208/5000] Processing: blinden... ✓
[4209/5000] Processing: jage... ✓
[4210/5000] Processing: cd... ✓
  Progress: 460/1250 (36.8%) | Rate: 6.8 words/min | ETA: 116.4 min
[4211/5000] Processing: honey... ✓
[4212/5000] Processing: finanzieren... ✓
[4213/5000] Processing: anstalt... ✓
[4214/5000] Processing: vorbeischauen... ✓
[4215/5000] Processing: pakt... ✓
[4216/5000] Processing: damm... ✓
[4217/5000] Processing: laser... ✓
[4218/5000] Processing: gustav... ✓
[4219/5000] Processing: einsamen... ✓
[4220/5000] Processing: derart... ✓
  Progress: 470/1250 (37.6%) | Rate: 6.8 words/min | ETA: 114.9 min
[4221/5000] Processing: unteren... ✓
[4222/5000] Processing: versammeln... ✓
[4223/5000] Processing: behörde... ✓
[4224/5000] Processing: info... ✓
[4225/5000] Processing: beckett... ✓
[4226/5000] Processing: gedeckt... ✓
[4227/5000] Processing: köter... ✓
[4228/5000] Processing: positionen... ✓
[4229/5000] Processing: vertrete... ✓
[4230/5000] Processing: kirby... ✓
  Progress: 480/1250 (38.4%) | Rate: 6.8 words/min | ETA: 113.3 min
[4231/5000] Processing: vergewaltigen... ✓
[4232/5000] Processing: chemikalien... ✓
[4233/5000] Processing: verwechseln... ✓
[4234/5000] Processing: helle... ✓
[4235/5000] Processing: vergrößern... ✓
[4236/5000] Processing: anhaben... ✓
[4237/5000] Processing: tuvok... ✓
[4238/5000] Processing: angepisst... ✓
[4239/5000] Processing: ida... ✓
[4240/5000] Processing: mississippi... ✓
  Progress: 490/1250 (39.2%) | Rate: 6.8 words/min | ETA: 112.0 min
[4241/5000] Processing: unterschlupf... ✓
[4242/5000] Processing: hemden... ✓
[4243/5000] Processing: besen... ✓
[4244/5000] Processing: herkomme... ✓
[4245/5000] Processing: ließe... ✓
[4246/5000] Processing: jazz... ✓
[4247/5000] Processing: eilt... ✓
[4248/5000] Processing: candy... ✓
[4249/5000] Processing: vorwerfen... ✓
[4250/5000] Processing: plans... ✓
  Progress: 500/1250 (40.0%) | Rate: 6.8 words/min | ETA: 110.5 min
[4251/5000] Processing: il... ✓
[4252/5000] Processing: abzuhalten... ✓
[4253/5000] Processing: odo... ✓
[4254/5000] Processing: tugend... ✓
[4255/5000] Processing: fürsten... ✓
[4256/5000] Processing: neuanfang... ✓
[4257/5000] Processing: drängt... ✓
[4258/5000] Processing: verweigern... ✓
[4259/5000] Processing: töne... ✓
[4260/5000] Processing: patricia... ✓
  Progress: 510/1250 (40.8%) | Rate: 6.8 words/min | ETA: 108.9 min
[4261/5000] Processing: maureen... ✓
[4262/5000] Processing: staates... ✓
[4263/5000] Processing: anordnung... ✓
[4264/5000] Processing: orchester... ✓
[4265/5000] Processing: senf... ✓
[4266/5000] Processing: qualen... ✓
[4267/5000] Processing: verwaltung... ✓
[4268/5000] Processing: übertreibst... ✓
[4269/5000] Processing: anonymen... ✓
[4270/5000] Processing: galt... ✓
  Progress: 520/1250 (41.6%) | Rate: 6.8 words/min | ETA: 107.3 min
[4271/5000] Processing: ver... ✓
[4272/5000] Processing: scherzen... ✓
[4273/5000] Processing: ausgeflippt... ✓
[4274/5000] Processing: modern... ✓
[4275/5000] Processing: schwiegersohn... ✓
[4276/5000] Processing: getränk... ✓
[4277/5000] Processing: hörer... ✓
[4278/5000] Processing: finanzen... ✓
[4279/5000] Processing: bang... ✓
[4280/5000] Processing: colorado... ✓
  Progress: 530/1250 (42.4%) | Rate: 6.8 words/min | ETA: 105.8 min
[4281/5000] Processing: vernünftige... ✓
[4282/5000] Processing: verteidiger... ✓
[4283/5000] Processing: rupert... ✓
[4284/5000] Processing: verbirgt... ✓
[4285/5000] Processing: ähnliche... ✓
[4286/5000] Processing: bevorzugen... ✓
[4287/5000] Processing: bea... ✓
[4288/5000] Processing: hindurch... ✓
[4289/5000] Processing: eigentliche... ✓
[4290/5000] Processing: belästigung... ✓
  Progress: 540/1250 (43.2%) | Rate: 6.8 words/min | ETA: 104.1 min
[4291/5000] Processing: seltene... ✓
[4292/5000] Processing: mysteriöse... ✓
[4293/5000] Processing: vorsitzende... ✓
[4294/5000] Processing: anzüge... ✓
[4295/5000] Processing: haue... ✓
[4296/5000] Processing: häh... ✓
[4297/5000] Processing: feuert... ✓
[4298/5000] Processing: vorausgesetzt... ✓
[4299/5000] Processing: profitieren... ✓
[4300/5000] Processing: sabine... ✓
  Progress: 550/1250 (44.0%) | Rate: 6.8 words/min | ETA: 102.7 min
[4301/5000] Processing: kaltes... ✓
[4302/5000] Processing: eingedrungen... ✓
[4303/5000] Processing: huch... ✓
[4304/5000] Processing: creek... ✓
[4305/5000] Processing: vorläufig... ✓
[4306/5000] Processing: canyon... ✓
[4307/5000] Processing: adern... ✓
[4308/5000] Processing: mordkommission... ✓
[4309/5000] Processing: schnattert... ✓
[4310/5000] Processing: baxter... ✓
  Progress: 560/1250 (44.8%) | Rate: 6.8 words/min | ETA: 101.2 min
[4311/5000] Processing: piepsen... ✓
[4312/5000] Processing: benutz... ✓
[4313/5000] Processing: chelsea... ✓
[4314/5000] Processing: dämliche... ✓
[4315/5000] Processing: erkältung... ✓
[4316/5000] Processing: belohnt... ✓
[4317/5000] Processing: grinsen... ✓
[4318/5000] Processing: bund... ✓
[4319/5000] Processing: gestochen... ✓
[4320/5000] Processing: katharina... ✓
  Progress: 570/1250 (45.6%) | Rate: 6.8 words/min | ETA: 99.9 min
[4321/5000] Processing: moms... ✓
[4322/5000] Processing: provozieren... ✓
[4323/5000] Processing: geschmeichelt... ✓
[4324/5000] Processing: anrichten... ✓
[4325/5000] Processing: letztlich... ✓
[4326/5000] Processing: gehirnerschütterung... ✓
[4327/5000] Processing: lehnen... ✓
[4328/5000] Processing: geknackt... ✓
[4329/5000] Processing: partnerschaft... ✓
[4330/5000] Processing: eingeschaltet... ✓
  Progress: 580/1250 (46.4%) | Rate: 6.8 words/min | ETA: 98.8 min
[4331/5000] Processing: whitney... ✓
[4332/5000] Processing: skye... ✓
[4333/5000] Processing: gestohlenen... ✓
[4334/5000] Processing: aufhörst... ✓
[4335/5000] Processing: tagelang... ✓
[4336/5000] Processing: oswald... ✓
[4337/5000] Processing: scofield... ✓
[4338/5000] Processing: unterscheidet... ✓
[4339/5000] Processing: begleiter... ✓
[4340/5000] Processing: margot... ✓
  Progress: 590/1250 (47.2%) | Rate: 6.8 words/min | ETA: 97.4 min
[4341/5000] Processing: ober... ✓
[4342/5000] Processing: tödlichen... ✓
[4343/5000] Processing: apokalypse... ✓
[4344/5000] Processing: much... ✓
[4345/5000] Processing: knabe... ✓
[4346/5000] Processing: montgomery... ✓
[4347/5000] Processing: eingebildet... ✓
[4348/5000] Processing: berühmter... ✓
[4349/5000] Processing: reihen... ✓
[4350/5000] Processing: schwindler... ✓
  Progress: 600/1250 (48.0%) | Rate: 6.8 words/min | ETA: 95.8 min
[4351/5000] Processing: verarschst... ✓
[4352/5000] Processing: maß... ✓
[4353/5000] Processing: rechtsanwalt... ✓
[4354/5000] Processing: geritten... ✓
[4355/5000] Processing: romantik... ✓
[4356/5000] Processing: net... ✓
[4357/5000] Processing: räder... ✓
[4358/5000] Processing: nanny... ✓
[4359/5000] Processing: betsy... ✓
[4360/5000] Processing: erklärungen... ✓
  Progress: 610/1250 (48.8%) | Rate: 6.8 words/min | ETA: 94.2 min
[4361/5000] Processing: haushälterin... ✓
[4362/5000] Processing: gütig... ✓
[4363/5000] Processing: privatdetektiv... ✓
[4364/5000] Processing: rumhängen... ✓
[4365/5000] Processing: ansteckend... ✓
[4366/5000] Processing: marcy... ✓
[4367/5000] Processing: anstoßen... ✓
[4368/5000] Processing: michaels... ✓
[4369/5000] Processing: gefüttert... ✓
[4370/5000] Processing: nackten... ✓
  Progress: 620/1250 (49.6%) | Rate: 6.8 words/min | ETA: 92.8 min
[4371/5000] Processing: nervig... ✓
[4372/5000] Processing: neuem... ✓
[4373/5000] Processing: sheppard... ✓
[4374/5000] Processing: geistig... ✓
[4375/5000] Processing: niedergeschlagen... ✓
[4376/5000] Processing: nicolas... ✓
[4377/5000] Processing: herumlaufen... ✓
[4378/5000] Processing: einmalige... ✓
[4379/5000] Processing: verstößt... ✓
[4380/5000] Processing: ähnelt... ✓
  Progress: 630/1250 (50.4%) | Rate: 6.8 words/min | ETA: 91.3 min
[4381/5000] Processing: morphium... ✓
[4382/5000] Processing: tool... ✓
[4383/5000] Processing: bote... ✓
[4384/5000] Processing: monitor... ✓
[4385/5000] Processing: kooperation... ✓
[4386/5000] Processing: schwerkraft... ✓
[4387/5000] Processing: abgewiesen... ✓
[4388/5000] Processing: auserwählt... ✓
[4389/5000] Processing: bedacht... ✓
[4390/5000] Processing: frucht... ✓
  Progress: 640/1250 (51.2%) | Rate: 6.8 words/min | ETA: 89.8 min
[4391/5000] Processing: phaser... ✓
[4392/5000] Processing: söldner... ✓
[4393/5000] Processing: taugt... ✓
[4394/5000] Processing: dalton... ✓
[4395/5000] Processing: objekte... ✓
[4396/5000] Processing: pulli... ✓
[4397/5000] Processing: ärzten... ✓
[4398/5000] Processing: kiefer... ✓
[4399/5000] Processing: aufwecken... ✓
[4400/5000] Processing: angemacht... ✓
  Progress: 650/1250 (52.0%) | Rate: 6.8 words/min | ETA: 88.3 min
[4401/5000] Processing: klugscheißer... ✓
[4402/5000] Processing: zaubern... ✓
[4403/5000] Processing: gabel... ✓
[4404/5000] Processing: engagieren... ✓
[4405/5000] Processing: funktionierte... ✓
[4406/5000] Processing: gross... ✓
[4407/5000] Processing: schwächer... ✓
[4408/5000] Processing: empfindest... ✓
[4409/5000] Processing: führ... ✓
[4410/5000] Processing: ernsthafte... ✓
  Progress: 660/1250 (52.8%) | Rate: 6.8 words/min | ETA: 86.9 min
[4411/5000] Processing: vermitteln... ✓
[4412/5000] Processing: einzusetzen... ✓
[4413/5000] Processing: andreas... ✓
[4414/5000] Processing: hughes... ✓
[4415/5000] Processing: jenen... ✓
[4416/5000] Processing: nonnen... ✓
[4417/5000] Processing: vorgehensweise... ✓
[4418/5000] Processing: wat... ✓
[4419/5000] Processing: spender... ✓
[4420/5000] Processing: val... ✓
  Progress: 670/1250 (53.6%) | Rate: 6.8 words/min | ETA: 85.3 min
[4421/5000] Processing: company... ✓
[4422/5000] Processing: blauer... ✓
[4423/5000] Processing: rasiert... ✓
[4424/5000] Processing: vergebt... ✓
[4425/5000] Processing: mayday... ✓
[4426/5000] Processing: venus... ✓
[4427/5000] Processing: verhafte... ✓
[4428/5000] Processing: steigst... ✓
[4429/5000] Processing: identisch... ✓
[4430/5000] Processing: bange... ✓
  Progress: 680/1250 (54.4%) | Rate: 6.8 words/min | ETA: 83.8 min
[4431/5000] Processing: bekämpft... ✓
[4432/5000] Processing: jep... ✓
[4433/5000] Processing: gastgeber... ✓
[4434/5000] Processing: innenstadt... ✓
[4435/5000] Processing: mitbewohnerin... ✓
[4436/5000] Processing: papas... ✓
[4437/5000] Processing: schwindelig... ✓
[4438/5000] Processing: dc... ✓
[4439/5000] Processing: ratschlag... ✓
[4440/5000] Processing: scham... ✓
  Progress: 690/1250 (55.2%) | Rate: 6.8 words/min | ETA: 82.3 min
[4441/5000] Processing: intensiv... ✓
[4442/5000] Processing: amigo... ✓
[4443/5000] Processing: louie... ✓
[4444/5000] Processing: defekt... ✓
[4445/5000] Processing: beziehen... ✓
[4446/5000] Processing: talentiert... ✓
[4447/5000] Processing: bridget... ✓
[4448/5000] Processing: gretchen... ✓
[4449/5000] Processing: angezeigt... ✓
[4450/5000] Processing: schaufel... ✓
  Progress: 700/1250 (56.0%) | Rate: 6.8 words/min | ETA: 80.7 min
[4451/5000] Processing: erschüttert... ✓
[4452/5000] Processing: reingefallen... ✓
[4453/5000] Processing: vetter... ✓
[4454/5000] Processing: braunen... ✓
[4455/5000] Processing: boys... ✓
[4456/5000] Processing: bestechen... ✓
[4457/5000] Processing: rücksitz... ✓
[4458/5000] Processing: sicherzustellen... ✓
[4459/5000] Processing: verärgern... ✓
[4460/5000] Processing: magier... ✓
  Progress: 710/1250 (56.8%) | Rate: 6.8 words/min | ETA: 79.4 min
[4461/5000] Processing: management... ✓
[4462/5000] Processing: eröffnung... ✓
[4463/5000] Processing: grill... ✓
[4464/5000] Processing: schiffen... ✓
[4465/5000] Processing: passte... ✓
[4466/5000] Processing: deacon... ✓
[4467/5000] Processing: chefs... ✓
[4468/5000] Processing: verbinde... ✓
[4469/5000] Processing: würfel... ✓
[4470/5000] Processing: physik... ✓
  Progress: 720/1250 (57.6%) | Rate: 6.8 words/min | ETA: 77.9 min
[4471/5000] Processing: dosen... ✓
[4472/5000] Processing: grove... ✓
[4473/5000] Processing: champ... ✓
[4474/5000] Processing: möchtet... ✓
[4475/5000] Processing: porno... ✓
[4476/5000] Processing: absoluter... ✓
[4477/5000] Processing: stadion... ✓
[4478/5000] Processing: abgeschossen... ✓
[4479/5000] Processing: streben... ✓
[4480/5000] Processing: durchstehen... ✓
  Progress: 730/1250 (58.4%) | Rate: 6.8 words/min | ETA: 76.5 min
[4481/5000] Processing: beging... ✓
[4482/5000] Processing: streik... ✓
[4483/5000] Processing: weiterfahren... ✓
[4484/5000] Processing: ramon... ✓
[4485/5000] Processing: tipps... ✓
[4486/5000] Processing: sweet... ✓
[4487/5000] Processing: hinsehen... ✓
[4488/5000] Processing: isabel... ✓
[4489/5000] Processing: starte... ✓
[4490/5000] Processing: plätzchen... ✓
  Progress: 740/1250 (59.2%) | Rate: 6.8 words/min | ETA: 75.1 min
[4491/5000] Processing: magazine... ✓
[4492/5000] Processing: wanda... ✓
[4493/5000] Processing: beruht... ✓
[4494/5000] Processing: ragnar... ✓
[4495/5000] Processing: korruption... ✓
[4496/5000] Processing: wimmelt... ✓
[4497/5000] Processing: hook... ✓
[4498/5000] Processing: lux... ✓
[4499/5000] Processing: abgestellt... ✓
[4500/5000] Processing: liefere... ✓
  Progress: 750/1250 (60.0%) | Rate: 6.8 words/min | ETA: 73.7 min
[4501/5000] Processing: anschließend... ✓
[4502/5000] Processing: grube... ✓
[4503/5000] Processing: mei... ✓
[4504/5000] Processing: flieht... ✓
[4505/5000] Processing: schriftlich... ✓
[4506/5000] Processing: kamerad... ✓
[4507/5000] Processing: irrelevant... ✓
[4508/5000] Processing: ironisch... ✓
[4509/5000] Processing: herab... ✓
[4510/5000] Processing: friedrich... ✓
  Progress: 760/1250 (60.8%) | Rate: 6.8 words/min | ETA: 72.3 min
[4511/5000] Processing: stier... ✓
[4512/5000] Processing: entschluss... ✓
[4513/5000] Processing: gescheitert... ✓
[4514/5000] Processing: begrüße... ✓
[4515/5000] Processing: kitt... ✓
[4516/5000] Processing: desaster... ✓
[4517/5000] Processing: wachsam... ✓
[4518/5000] Processing: startklar... ✓
[4519/5000] Processing: gutmachen... ✓
[4520/5000] Processing: log... ✓
  Progress: 770/1250 (61.6%) | Rate: 6.8 words/min | ETA: 70.9 min
[4521/5000] Processing: luca... ✓
[4522/5000] Processing: hypothek... ✓
[4523/5000] Processing: anhand... ✓
[4524/5000] Processing: schlagzeilen... ✓
[4525/5000] Processing: auslöser... ✓
[4526/5000] Processing: gaius... ✓
[4527/5000] Processing: kündigung... ✓
[4528/5000] Processing: atlantis... ✓
[4529/5000] Processing: entzug... ✓
[4530/5000] Processing: server... ✓
  Progress: 780/1250 (62.4%) | Rate: 6.8 words/min | ETA: 69.4 min
[4531/5000] Processing: adele... ✓
[4532/5000] Processing: leibwächter... ✓
[4533/5000] Processing: abzulenken... ✓
[4534/5000] Processing: angeben... ✓
[4535/5000] Processing: abknallen... ✓
[4536/5000] Processing: schuldigen... ✓
[4537/5000] Processing: thor... ✓
[4538/5000] Processing: erschrocken... ✓
[4539/5000] Processing: lehrte... ✓
[4540/5000] Processing: häschen... ✓
  Progress: 790/1250 (63.2%) | Rate: 6.8 words/min | ETA: 68.1 min
[4541/5000] Processing: daily... ✓
[4542/5000] Processing: handschuh... ✓
[4543/5000] Processing: seide... ✓
[4544/5000] Processing: bewaffnete... ✓
[4545/5000] Processing: caesar... ✓
[4546/5000] Processing: sklavin... ✓
[4547/5000] Processing: leinwand... ✓
[4548/5000] Processing: erzählten... ✓
[4549/5000] Processing: geguckt... ✓
[4550/5000] Processing: georgie... ✓
  Progress: 800/1250 (64.0%) | Rate: 6.8 words/min | ETA: 66.7 min
[4551/5000] Processing: stimmts... ✓
[4552/5000] Processing: brendan... ✓
[4553/5000] Processing: leichten... ✓
[4554/5000] Processing: phillips... ✓
[4555/5000] Processing: pistolen... ✓
[4556/5000] Processing: verbringst... ✓
[4557/5000] Processing: scannen... ✓
[4558/5000] Processing: richmond... ✓
[4559/5000] Processing: klatschen... ✓
[4560/5000] Processing: städten... ✓
  Progress: 810/1250 (64.8%) | Rate: 6.7 words/min | ETA: 65.3 min
[4561/5000] Processing: ohrringe... ✓
[4562/5000] Processing: präsentation... ✓
[4563/5000] Processing: gotham... ✓
[4564/5000] Processing: häuschen... ✓
[4565/5000] Processing: vermittlung... ✓
[4566/5000] Processing: zahnbürste... ✓
[4567/5000] Processing: feinen... ✓
[4568/5000] Processing: blei... ✓
[4569/5000] Processing: gönnen... ✓
[4570/5000] Processing: schlugen... ✓
  Progress: 820/1250 (65.6%) | Rate: 6.7 words/min | ETA: 63.7 min
[4571/5000] Processing: sprüche... ✓
[4572/5000] Processing: erreichbar... ✓
[4573/5000] Processing: scheißdreck... ✓
[4574/5000] Processing: kerlen... ✓
[4575/5000] Processing: zuverlässig... ✓
[4576/5000] Processing: sasha... ✓
[4577/5000] Processing: aufprall... ✓
[4578/5000] Processing: stewart... ✓
[4579/5000] Processing: hochzeiten... ✓
[4580/5000] Processing: aneinander... ✓
  Progress: 830/1250 (66.4%) | Rate: 6.8 words/min | ETA: 62.2 min
[4581/5000] Processing: vorwurf... ✓
[4582/5000] Processing: gehörten... ✓
[4583/5000] Processing: ausflippen... ✓
[4584/5000] Processing: kehrte... ✓
[4585/5000] Processing: sonntags... ✓
[4586/5000] Processing: cyrus... ✓
[4587/5000] Processing: garde... ✓
[4588/5000] Processing: sonde... ✓
[4589/5000] Processing: blutungen... ✓
[4590/5000] Processing: roosevelt... ✓
  Progress: 840/1250 (67.2%) | Rate: 6.8 words/min | ETA: 60.7 min
[4591/5000] Processing: flüchtlinge... ✓
[4592/5000] Processing: unterhose... ✓
[4593/5000] Processing: scotland... ✓
[4594/5000] Processing: instrumentalmusik... ✓
[4595/5000] Processing: becca... ✓
[4596/5000] Processing: heldin... ✓
[4597/5000] Processing: geschmeckt... ✓
[4598/5000] Processing: rod... ✓
[4599/5000] Processing: unterstütze... ✓
[4600/5000] Processing: schluchzen... ✓
  Progress: 850/1250 (68.0%) | Rate: 6.8 words/min | ETA: 59.1 min
[4601/5000] Processing: säcke... ✓
[4602/5000] Processing: psychopath... ✓
[4603/5000] Processing: madonna... ✓
[4604/5000] Processing: bezeugen... ✓
[4605/5000] Processing: massage... ✓
[4606/5000] Processing: geschmissen... ✓
[4607/5000] Processing: pudding... ✓
[4608/5000] Processing: einzuladen... ✓
[4609/5000] Processing: meldete... ✓
[4610/5000] Processing: ecken... ✓
  Progress: 860/1250 (68.8%) | Rate: 6.8 words/min | ETA: 57.7 min
[4611/5000] Processing: bedrohen... ✓
[4612/5000] Processing: lulu... ✓
[4613/5000] Processing: lichtjahre... ✓
[4614/5000] Processing: line... ✓
[4615/5000] Processing: schweig... ✓
[4616/5000] Processing: zwecklos... ✓
[4617/5000] Processing: teilnehmer... ✓
[4618/5000] Processing: charley... ✓
[4619/5000] Processing: langeweile... ✓
[4620/5000] Processing: offiziellen... ✓
  Progress: 870/1250 (69.6%) | Rate: 6.8 words/min | ETA: 56.1 min
[4621/5000] Processing: rudi... ✓
[4622/5000] Processing: verzeihe... ✓
[4623/5000] Processing: hässlichen... ✓
[4624/5000] Processing: gewidmet... ✓
[4625/5000] Processing: tabak... ✓
[4626/5000] Processing: ernannt... ✓
[4627/5000] Processing: übler... ✓
[4628/5000] Processing: sandwiches... ✓
[4629/5000] Processing: adoptieren... ✓
[4630/5000] Processing: geistern... ✓
  Progress: 880/1250 (70.4%) | Rate: 6.8 words/min | ETA: 54.6 min
[4631/5000] Processing: sheriffs... ✓
[4632/5000] Processing: vorgesetzter... ✓
[4633/5000] Processing: kodex... ✓
[4634/5000] Processing: südamerika... ✓
[4635/5000] Processing: kostete... ✓
[4636/5000] Processing: verführt... ✓
[4637/5000] Processing: schonen... ✓
[4638/5000] Processing: pauline... ✓
[4639/5000] Processing: machtlos... ✓
[4640/5000] Processing: einsehen... ✓
  Progress: 890/1250 (71.2%) | Rate: 6.8 words/min | ETA: 53.0 min
[4641/5000] Processing: mythos... ✓
[4642/5000] Processing: verantworten... ✓
[4643/5000] Processing: ausschließlich... ✓
[4644/5000] Processing: ahh... ✓
[4645/5000] Processing: pamela... ✓
[4646/5000] Processing: geschäften... ✓
[4647/5000] Processing: zurückbekommen... ✓
[4648/5000] Processing: anrufst... ✓
[4649/5000] Processing: marihuana... ✓
[4650/5000] Processing: mithalten... ✓
  Progress: 900/1250 (72.0%) | Rate: 6.8 words/min | ETA: 51.5 min
[4651/5000] Processing: lebenszeichen... ✓
[4652/5000] Processing: woody... ✓
[4653/5000] Processing: anmachen... ✓
[4654/5000] Processing: sklaverei... ✓
[4655/5000] Processing: haustier... ✓
[4656/5000] Processing: inseln... ✓
[4657/5000] Processing: ohh... ✓
[4658/5000] Processing: stützpunkt... ✓
[4659/5000] Processing: trennt... ✓
[4660/5000] Processing: gesichtsausdruck... ✓
  Progress: 910/1250 (72.8%) | Rate: 6.8 words/min | ETA: 50.0 min
[4661/5000] Processing: gesunken... ✓
[4662/5000] Processing: fernbedienung... ✓
[4663/5000] Processing: verstärkt... ✓
[4664/5000] Processing: markus... ✓
[4665/5000] Processing: element... ✓
[4666/5000] Processing: sterling... ✓
[4667/5000] Processing: olga... ✓
[4668/5000] Processing: verlegenheit... ✓
[4669/5000] Processing: metro... ✓
[4670/5000] Processing: bruderschaft... ✓
  Progress: 920/1250 (73.6%) | Rate: 6.8 words/min | ETA: 48.4 min
[4671/5000] Processing: probiere... ✓
[4672/5000] Processing: wiederum... ✓
[4673/5000] Processing: bereitschaft... ✓
[4674/5000] Processing: chet... ✓
[4675/5000] Processing: börse... ✓
[4676/5000] Processing: aufsatz... ✓
[4677/5000] Processing: untergrund... ✓
[4678/5000] Processing: versiegelt... ✓
[4679/5000] Processing: gegenstände... ✓
[4680/5000] Processing: gebildet... ✓
  Progress: 930/1250 (74.4%) | Rate: 6.8 words/min | ETA: 46.9 min
[4681/5000] Processing: rast... ✓
[4682/5000] Processing: regiment... ✓
[4683/5000] Processing: kostenlos... ✓
[4684/5000] Processing: ausschuss... ✓
[4685/5000] Processing: dvd... ✓
[4686/5000] Processing: gesprengt... 