============================================================
German-English Dictionary Builder (Parallel)
============================================================
Total words in list: 5000
Processing range: 2500 to 3750 (1250 words)

Processing words 2501 to 3750 (1250 words)
Output: german_english_dict_batch2_part_3.json
Rate limit: 4s between requests

[2501/5000] Processing: chinesischen... ✓
[2502/5000] Processing: beängstigend... ✓
[2503/5000] Processing: hills... ✓
[2504/5000] Processing: quentin... ✓
[2505/5000] Processing: frequenz... ✓
[2506/5000] Processing: vorhast... ✓
[2507/5000] Processing: tödliche... ✓
[2508/5000] Processing: summer... ✓
[2509/5000] Processing: verband... ✓
[2510/5000] Processing: gebucht... ✓
  Progress: 10/1250 (0.8%) | Rate: 7.3 words/min | ETA: 168.7 min
[2511/5000] Processing: investieren... ✓
[2512/5000] Processing: website... ✓
[2513/5000] Processing: diät... ✓
[2514/5000] Processing: benimm... ✓
[2515/5000] Processing: vergangenen... ✓
[2516/5000] Processing: rodney... ✓
[2517/5000] Processing: verbringe... ✓
[2518/5000] Processing: zukünftige... ✓
[2519/5000] Processing: kong... ✓
[2520/5000] Processing: ehemalige... ✓
  Progress: 20/1250 (1.6%) | Rate: 6.9 words/min | ETA: 177.3 min
[2521/5000] Processing: aufklären... ✓
[2522/5000] Processing: kämen... ✓
[2523/5000] Processing: unauffällig... ✓
[2524/5000] Processing: gefälscht... ✓
[2525/5000] Processing: geier... ✓
[2526/5000] Processing: anschuldigungen... ✓
[2527/5000] Processing: sal... ✓
[2528/5000] Processing: restlichen... ✓
[2529/5000] Processing: tomaten... ✓
[2530/5000] Processing: gonna... ✓
  Progress: 30/1250 (2.4%) | Rate: 6.8 words/min | ETA: 178.9 min
[2531/5000] Processing: philosophie... ✓
[2532/5000] Processing: liebten... ✓
[2533/5000] Processing: programmiert... ✓
[2534/5000] Processing: shawn... ✓
[2535/5000] Processing: festgestellt... ✓
[2536/5000] Processing: fällig... ✓
[2537/5000] Processing: kneipe... ✓
[2538/5000] Processing: bezahlst... ✓
[2539/5000] Processing: beende... ✓
[2540/5000] Processing: fehlst... ✓
  Progress: 40/1250 (3.2%) | Rate: 6.6 words/min | ETA: 183.5 min
[2541/5000] Processing: vornehmen... ✓
[2542/5000] Processing: sumpf... ✓
[2543/5000] Processing: apotheke... ✓
[2544/5000] Processing: internationale... ✓
[2545/5000] Processing: liefert... ✓
[2546/5000] Processing: wehen... ✓
[2547/5000] Processing: bastarde... ✓
[2548/5000] Processing: erstochen... ✓
[2549/5000] Processing: schiffes... ✓
[2550/5000] Processing: manuel... ✓
  Progress: 50/1250 (4.0%) | Rate: 6.6 words/min | ETA: 183.1 min
[2551/5000] Processing: nördlich... ✓
[2552/5000] Processing: american... ✓
[2553/5000] Processing: körpers... ✓
[2554/5000] Processing: schal... ✓
[2555/5000] Processing: anklagen... ✓
[2556/5000] Processing: schlagt... ✓
[2557/5000] Processing: entscheidest... ✓
[2558/5000] Processing: sammelt... ✓
[2559/5000] Processing: gegenzug... ✓
[2560/5000] Processing: vorzubereiten... ✓
  Progress: 60/1250 (4.8%) | Rate: 6.5 words/min | ETA: 182.4 min
[2561/5000] Processing: enttäuschung... ✓
[2562/5000] Processing: unterkunft... ✓
[2563/5000] Processing: freilassen... ✓
[2564/5000] Processing: grau... ✓
[2565/5000] Processing: hunt... ✓
[2566/5000] Processing: verlobter... ✓
[2567/5000] Processing: niere... ✓
[2568/5000] Processing: kratzen... ✓
[2569/5000] Processing: altar... ✓
[2570/5000] Processing: erstaunt... ✓
  Progress: 70/1250 (5.6%) | Rate: 6.6 words/min | ETA: 178.8 min
[2571/5000] Processing: ausbruch... ✓
[2572/5000] Processing: tuch... ✓
[2573/5000] Processing: fahne... ✓
[2574/5000] Processing: beleidigung... ✓
[2575/5000] Processing: bedeutete... ✓
[2576/5000] Processing: verhält... ✓
[2577/5000] Processing: unheimliche... ✓
[2578/5000] Processing: unsterblich... ✓
[2579/5000] Processing: hohes... ✓
[2580/5000] Processing: evakuieren... ✓
  Progress: 80/1250 (6.4%) | Rate: 6.6 words/min | ETA: 176.2 min
[2581/5000] Processing: produziert... ✓
[2582/5000] Processing: nachfolger... ✓
[2583/5000] Processing: blicke... ✓
[2584/5000] Processing: vorschläge... ✓
[2585/5000] Processing: chauffeur... ✓
[2586/5000] Processing: englische... ✓
[2587/5000] Processing: ironie... ✓
[2588/5000] Processing: ausreichend... ✓
[2589/5000] Processing: hit... ✓
[2590/5000] Processing: anderthalb... ✓
  Progress: 90/1250 (7.2%) | Rate: 6.7 words/min | ETA: 172.8 min
[2591/5000] Processing: erlösung... ✓
[2592/5000] Processing: käfer... ✓
[2593/5000] Processing: küsschen... ✓
[2594/5000] Processing: eugene... ✓
[2595/5000] Processing: auslöschen... ✓
[2596/5000] Processing: ihretwegen... ✓
[2597/5000] Processing: limonade... ✓
[2598/5000] Processing: hedley... ✓
[2599/5000] Processing: billige... ✓
[2600/5000] Processing: tequila... ✓
  Progress: 100/1250 (8.0%) | Rate: 6.8 words/min | ETA: 169.0 min
[2601/5000] Processing: schlachtfeld... ✓
[2602/5000] Processing: knight... ✓
[2603/5000] Processing: gemäß... ✓
[2604/5000] Processing: angreifer... ✓
[2605/5000] Processing: hingegangen... ✓
[2606/5000] Processing: dns... ✓
[2607/5000] Processing: zero... ✓
[2608/5000] Processing: liefen... ✓
[2609/5000] Processing: schale... ✓
[2610/5000] Processing: restaurants... ✓
  Progress: 110/1250 (8.8%) | Rate: 6.8 words/min | ETA: 166.8 min
[2611/5000] Processing: ausfindig... ✓
[2612/5000] Processing: mills... ✓
[2613/5000] Processing: angriffe... ✓
[2614/5000] Processing: rotes... ✓
[2615/5000] Processing: percy... ✓
[2616/5000] Processing: modernen... ✓
[2617/5000] Processing: motto... ✓
[2618/5000] Processing: eintritt... ✓
[2619/5000] Processing: bh... ✓
[2620/5000] Processing: betroffen... ✓
  Progress: 120/1250 (9.6%) | Rate: 6.9 words/min | ETA: 163.4 min
[2621/5000] Processing: misstrauisch... ✓
[2622/5000] Processing: verwirrend... ✓
[2623/5000] Processing: kapelle... ✓
[2624/5000] Processing: starkes... ✓
[2625/5000] Processing: brick... ✓
[2626/5000] Processing: gebetet... ✓
[2627/5000] Processing: einrichten... ✓
[2628/5000] Processing: ausnutzen... ✓
[2629/5000] Processing: kinn... ✓
[2630/5000] Processing: frisches... ✓
  Progress: 130/1250 (10.4%) | Rate: 6.9 words/min | ETA: 162.8 min
[2631/5000] Processing: quatschen... ✓
[2632/5000] Processing: automatisch... ✓
[2633/5000] Processing: chad... ✓
[2634/5000] Processing: körperverletzung... ✓
[2635/5000] Processing: spritzen... ✓
[2636/5000] Processing: einwohner... ✓
[2637/5000] Processing: renn... ✓
[2638/5000] Processing: pink... ✓
[2639/5000] Processing: chen... ✓
[2640/5000] Processing: gezeichnet... ✓
  Progress: 140/1250 (11.2%) | Rate: 6.9 words/min | ETA: 160.9 min
[2641/5000] Processing: anständige... ✓
[2642/5000] Processing: steif... ✓
[2643/5000] Processing: rekord... ✓
[2644/5000] Processing: durchgeknallt... ✓
[2645/5000] Processing: foltern... ✓
[2646/5000] Processing: erspart... ✓
[2647/5000] Processing: kuba... ✓
[2648/5000] Processing: bräuchten... ✓
[2649/5000] Processing: überdosis... ✓
[2650/5000] Processing: armband... ✓
  Progress: 150/1250 (12.0%) | Rate: 6.9 words/min | ETA: 159.6 min
[2651/5000] Processing: bert... ✓
[2652/5000] Processing: adoptiert... ✓
[2653/5000] Processing: komplizen... ✓
[2654/5000] Processing: ehemaligen... ✓
[2655/5000] Processing: department... ✓
[2656/5000] Processing: einschalten... ✓
[2657/5000] Processing: handschrift... ✓
[2658/5000] Processing: ältesten... ✓
[2659/5000] Processing: assistenten... ✓
[2660/5000] Processing: großartigen... ✓
  Progress: 160/1250 (12.8%) | Rate: 6.9 words/min | ETA: 158.0 min
[2661/5000] Processing: männlich... ✓
[2662/5000] Processing: übernimmst... ✓
[2663/5000] Processing: übrigen... ✓
[2664/5000] Processing: klaviermusik... ✓
[2665/5000] Processing: ash... ✓
[2666/5000] Processing: viktor... ✓
[2667/5000] Processing: judith... ✓
[2668/5000] Processing: gemietet... ✓
[2669/5000] Processing: mischung... ✓
[2670/5000] Processing: luxus... ✓
  Progress: 170/1250 (13.6%) | Rate: 6.9 words/min | ETA: 156.3 min
[2671/5000] Processing: schwung... ✓
[2672/5000] Processing: vicky... ✓
[2673/5000] Processing: hochgehen... ✓
[2674/5000] Processing: wegtreten... ✓
[2675/5000] Processing: stargate... ✓
[2676/5000] Processing: carlo... ✓
[2677/5000] Processing: beherrscht... ✓
[2678/5000] Processing: grippe... ✓
[2679/5000] Processing: informanten... ✓
[2680/5000] Processing: mm-hmm... ✓
  Progress: 180/1250 (14.4%) | Rate: 6.9 words/min | ETA: 155.1 min
[2681/5000] Processing: hülle... ✓
[2682/5000] Processing: side... ✓
[2683/5000] Processing: floh... ✓
[2684/5000] Processing: kit... ✓
[2685/5000] Processing: fitz... ✓
[2686/5000] Processing: nudeln... ✓
[2687/5000] Processing: schaf... ✓
[2688/5000] Processing: uhrzeit... ✓
[2689/5000] Processing: zigarre... ✓
[2690/5000] Processing: tänzerin... ✓
  Progress: 190/1250 (15.2%) | Rate: 7.0 words/min | ETA: 152.4 min
[2691/5000] Processing: einkaufszentrum... ✓
[2692/5000] Processing: vollmond... ✓
[2693/5000] Processing: mexikaner... ✓
[2694/5000] Processing: piepst... ✓
[2695/5000] Processing: gestoppt... ✓
[2696/5000] Processing: gray... ✓
[2697/5000] Processing: eingerichtet... ✓
[2698/5000] Processing: umarmung... ✓
[2699/5000] Processing: rohr... ✓
[2700/5000] Processing: batterien... ✓
  Progress: 200/1250 (16.0%) | Rate: 6.9 words/min | ETA: 151.1 min
[2701/5000] Processing: ella... ✓
[2702/5000] Processing: spende... ✓
[2703/5000] Processing: julius... ✓
[2704/5000] Processing: mumm... ✓
[2705/5000] Processing: gans... ✓
[2706/5000] Processing: leuchten... ✓
[2707/5000] Processing: alien... ✓
[2708/5000] Processing: dom... ✓
[2709/5000] Processing: geriet... ✓
[2710/5000] Processing: unterzeichnet... ✓
  Progress: 210/1250 (16.8%) | Rate: 6.9 words/min | ETA: 149.8 min
[2711/5000] Processing: operationen... ✓
[2712/5000] Processing: schütteln... ✓
[2713/5000] Processing: vermissten... ✓
[2714/5000] Processing: angespannt... ✓
[2715/5000] Processing: folgenden... ✓
[2716/5000] Processing: fantastische... ✓
[2717/5000] Processing: fies... ✓
[2718/5000] Processing: warp... ✓
[2719/5000] Processing: heilt... ✓
[2720/5000] Processing: auswirkungen... ✓
  Progress: 220/1250 (17.6%) | Rate: 6.9 words/min | ETA: 148.3 min
[2721/5000] Processing: geschlecht... ✓
[2722/5000] Processing: buchhalter... ✓
[2723/5000] Processing: drache... ✓
[2724/5000] Processing: computerlogbuch... ✓
[2725/5000] Processing: deuten... ✓
[2726/5000] Processing: bildung... ✓
[2727/5000] Processing: aufbewahrt... ✓
[2728/5000] Processing: persönlicher... ✓
[2729/5000] Processing: erpresst... ✓
[2730/5000] Processing: sang... ✓
  Progress: 230/1250 (18.4%) | Rate: 6.9 words/min | ETA: 147.0 min
[2731/5000] Processing: hinbringen... ✓
[2732/5000] Processing: amerikanischer... ✓
[2733/5000] Processing: üble... ✓
[2734/5000] Processing: einfaches... ✓
[2735/5000] Processing: angesetzt... ✓
[2736/5000] Processing: mmm... ✓
[2737/5000] Processing: hudson... ✓
[2738/5000] Processing: josef... ✓
[2739/5000] Processing: reagan... ✓
[2740/5000] Processing: volltreffer... ✓
  Progress: 240/1250 (19.2%) | Rate: 7.0 words/min | ETA: 145.1 min
[2741/5000] Processing: jonah... ✓
[2742/5000] Processing: totaler... ✓
[2743/5000] Processing: robinson... ✓
[2744/5000] Processing: zustößt... ✓
[2745/5000] Processing: herrschaft... ✓
[2746/5000] Processing: verhören... ✓
[2747/5000] Processing: unverzüglich... ✓
[2748/5000] Processing: christina... ✓
[2749/5000] Processing: bemüht... ✓
[2750/5000] Processing: aufgefunden... ✓
  Progress: 250/1250 (20.0%) | Rate: 7.0 words/min | ETA: 143.8 min
[2751/5000] Processing: unfähig... ✓
[2752/5000] Processing: stellten... ✓
[2753/5000] Processing: mi... ✓
[2754/5000] Processing: ursprünglich... ✓
[2755/5000] Processing: distanz... ✓
[2756/5000] Processing: rufus... ✓
[2757/5000] Processing: verheimlichen... ✓
[2758/5000] Processing: verstorben... ✓
[2759/5000] Processing: göttern... ✓
[2760/5000] Processing: hunden... ✓
  Progress: 260/1250 (20.8%) | Rate: 6.9 words/min | ETA: 142.5 min
[2761/5000] Processing: letztens... ✓
[2762/5000] Processing: jasper... ✓
[2763/5000] Processing: napoleon... ✓
[2764/5000] Processing: joshua... ✓
[2765/5000] Processing: billigen... ✓
[2766/5000] Processing: verschont... ✓
[2767/5000] Processing: rendezvous... ✓
[2768/5000] Processing: empfehlung... ✓
[2769/5000] Processing: handgelenk... ✓
[2770/5000] Processing: boten... ✓
  Progress: 270/1250 (21.6%) | Rate: 6.9 words/min | ETA: 141.1 min
[2771/5000] Processing: unterzeichnen... ✓
[2772/5000] Processing: belasten... ✓
[2773/5000] Processing: speziellen... ✓
[2774/5000] Processing: literatur... ✓
[2775/5000] Processing: landete... ✓
[2776/5000] Processing: gelangt... ✓
[2777/5000] Processing: cooler... ✓
[2778/5000] Processing: quer... ✓
[2779/5000] Processing: satelliten... ✓
[2780/5000] Processing: triff... ✓
  Progress: 280/1250 (22.4%) | Rate: 6.9 words/min | ETA: 140.0 min
[2781/5000] Processing: analysieren... ✓
[2782/5000] Processing: zuhälter... ✓
[2783/5000] Processing: zutiefst... ✓
[2784/5000] Processing: geleitet... ✓
[2785/5000] Processing: schlachten... ✓
[2786/5000] Processing: angestellte... ✓
[2787/5000] Processing: gestalten... ✓
[2788/5000] Processing: köpfen... ✓
[2789/5000] Processing: stipendium... ✓
[2790/5000] Processing: illegale... ✓
  Progress: 290/1250 (23.2%) | Rate: 6.9 words/min | ETA: 138.7 min
[2791/5000] Processing: vergiften... ✓
[2792/5000] Processing: here... ✓
[2793/5000] Processing: feiert... ✓
[2794/5000] Processing: bewundern... ✓
[2795/5000] Processing: herbert... ✓
[2796/5000] Processing: furchtbaren... ✓
[2797/5000] Processing: hüfte... ✓
[2798/5000] Processing: involviert... ✓
[2799/5000] Processing: wurf... ✓
[2800/5000] Processing: maschinenraum... ✓
  Progress: 300/1250 (24.0%) | Rate: 6.9 words/min | ETA: 137.6 min
[2801/5000] Processing: inspiration... ✓
[2802/5000] Processing: ohio... ✓
[2803/5000] Processing: samen... ✓
[2804/5000] Processing: hinterhalt... ✓
[2805/5000] Processing: gewahrsam... ✓
[2806/5000] Processing: schweres... ✓
[2807/5000] Processing: einatmen... ✓
[2808/5000] Processing: zurückhalten... ✓
[2809/5000] Processing: schlampen... ✓
[2810/5000] Processing: parfüm... ✓
  Progress: 310/1250 (24.8%) | Rate: 6.9 words/min | ETA: 136.1 min
[2811/5000] Processing: präsidentin... ✓
[2812/5000] Processing: abe... ✓
[2813/5000] Processing: entlassung... ✓
[2814/5000] Processing: todesstrafe... ✓
[2815/5000] Processing: ausgebrochen... ✓
[2816/5000] Processing: wegfahren... ✓
[2817/5000] Processing: sultan... ✓
[2818/5000] Processing: hauch... ✓
[2819/5000] Processing: abstellen... ✓
[2820/5000] Processing: pornos... ✓
  Progress: 320/1250 (25.6%) | Rate: 6.9 words/min | ETA: 134.5 min
[2821/5000] Processing: erklärte... ✓
[2822/5000] Processing: produzieren... ✓
[2823/5000] Processing: müller... ✓
[2824/5000] Processing: gehängt... ✓
[2825/5000] Processing: weinte... ✓
[2826/5000] Processing: routine... ✓
[2827/5000] Processing: merci... ✓
[2828/5000] Processing: nellie... ✓
[2829/5000] Processing: xander... ✓
[2830/5000] Processing: schneid... ✓
  Progress: 330/1250 (26.4%) | Rate: 6.9 words/min | ETA: 133.3 min
[2831/5000] Processing: kluge... ✓
[2832/5000] Processing: heart... ✓
[2833/5000] Processing: ländern... ✓
[2834/5000] Processing: bevorzuge... ✓
[2835/5000] Processing: ctu... ✓
[2836/5000] Processing: umkreis... ✓
[2837/5000] Processing: beschwerden... ✓
[2838/5000] Processing: teufels... ✓
[2839/5000] Processing: brooke... ✓
[2840/5000] Processing: genehmigt... ✓
  Progress: 340/1250 (27.2%) | Rate: 6.9 words/min | ETA: 131.6 min
[2841/5000] Processing: bildern... ✓
[2842/5000] Processing: scheißen... ✓
[2843/5000] Processing: schenkte... ✓
[2844/5000] Processing: erschlagen... ✓
[2845/5000] Processing: irland... ✓
[2846/5000] Processing: yard... ✓
[2847/5000] Processing: journalisten... ✓
[2848/5000] Processing: fände... ✓
[2849/5000] Processing: zurückkomme... ✓
[2850/5000] Processing: ärmel... ✓
  Progress: 350/1250 (28.0%) | Rate: 6.9 words/min | ETA: 130.8 min
[2851/5000] Processing: fließen... ✓
[2852/5000] Processing: arabisch... ✓
[2853/5000] Processing: verfolge... ✓
[2854/5000] Processing: juckt... ✓
[2855/5000] Processing: männliche... ✓
[2856/5000] Processing: klingonen... ✓
[2857/5000] Processing: zerrissen... ✓
[2858/5000] Processing: tausch... ✓
[2859/5000] Processing: schlaganfall... ✓
[2860/5000] Processing: johannes... ✓
  Progress: 360/1250 (28.8%) | Rate: 6.9 words/min | ETA: 129.7 min
[2861/5000] Processing: popcorn... ✓
[2862/5000] Processing: gärtner... ✓
[2863/5000] Processing: bläst... ✓
[2864/5000] Processing: jet... ✓
[2865/5000] Processing: chester... ✓
[2866/5000] Processing: garantie... ✓
[2867/5000] Processing: ändere... ✓
[2868/5000] Processing: jessie... ✓
[2869/5000] Processing: anstand... ✓
[2870/5000] Processing: power... ✓
  Progress: 370/1250 (29.6%) | Rate: 6.9 words/min | ETA: 128.1 min
[2871/5000] Processing: junkie... ✓
[2872/5000] Processing: vati... ✓
[2873/5000] Processing: topf... ✓
[2874/5000] Processing: packe... ✓
[2875/5000] Processing: knöpfe... ✓
[2876/5000] Processing: aussehe... ✓
[2877/5000] Processing: verabschiedet... ✓
[2878/5000] Processing: bedürfnis... ✓
[2879/5000] Processing: nähen... ✓
[2880/5000] Processing: sprecher... ✓
  Progress: 380/1250 (30.4%) | Rate: 6.9 words/min | ETA: 126.8 min
[2881/5000] Processing: chemie... ✓
[2882/5000] Processing: hinweisen... ✓
[2883/5000] Processing: stumm... ✓
[2884/5000] Processing: zusammenhalten... ✓
[2885/5000] Processing: geradezu... ✓
[2886/5000] Processing: mitzunehmen... ✓
[2887/5000] Processing: weite... ✓
[2888/5000] Processing: lori... ✓
[2889/5000] Processing: rippen... ✓
[2890/5000] Processing: kühl... ✓
  Progress: 390/1250 (31.2%) | Rate: 6.8 words/min | ETA: 125.6 min
[2891/5000] Processing: dahinten... ✓
[2892/5000] Processing: techniker... ✓
[2893/5000] Processing: abel... ✓
[2894/5000] Processing: betet... ✓
[2895/5000] Processing: beachten... ✓
[2896/5000] Processing: baute... ✓
[2897/5000] Processing: bonjour... ✓
[2898/5000] Processing: schecks... ✓
[2899/5000] Processing: ausgabe... ✓
[2900/5000] Processing: boyd... ✓
  Progress: 400/1250 (32.0%) | Rate: 6.8 words/min | ETA: 124.1 min
[2901/5000] Processing: vermasseln... ✓
[2902/5000] Processing: nötige... ✓
[2903/5000] Processing: südlich... ✓
[2904/5000] Processing: gramm... ✓
[2905/5000] Processing: laken... ✓
[2906/5000] Processing: bildet... ✓
[2907/5000] Processing: bewahre... ✓
[2908/5000] Processing: leises... ✓
[2909/5000] Processing: lastwagen... ✓
[2910/5000] Processing: kritik... ✓
  Progress: 410/1250 (32.8%) | Rate: 6.8 words/min | ETA: 122.8 min
[2911/5000] Processing: stürzte... ✓
[2912/5000] Processing: behält... ✓
[2913/5000] Processing: sofern... ✓
[2914/5000] Processing: vermisste... ✓
[2915/5000] Processing: entsetzlich... ✓
[2916/5000] Processing: francine... ✓
[2917/5000] Processing: ermittler... ✓
[2918/5000] Processing: nikki... ✓
[2919/5000] Processing: aufgestanden... ✓
[2920/5000] Processing: fälschung... ✓
  Progress: 420/1250 (33.6%) | Rate: 6.8 words/min | ETA: 121.4 min
[2921/5000] Processing: visiontext... ✓
[2922/5000] Processing: abschnitt... ✓
[2923/5000] Processing: hausarrest... ✓
[2924/5000] Processing: sensibel... ✓
[2925/5000] Processing: album... ✓
[2926/5000] Processing: lebewesen... ✓
[2927/5000] Processing: lösegeld... ✓
[2928/5000] Processing: verwechselt... ✓
[2929/5000] Processing: prügeln... ✓
[2930/5000] Processing: regnen... ✓
  Progress: 430/1250 (34.4%) | Rate: 6.8 words/min | ETA: 120.2 min
[2931/5000] Processing: weichen... ✓
[2932/5000] Processing: point... ✓
[2933/5000] Processing: pussy... ✓
[2934/5000] Processing: anvertrauen... ✓
[2935/5000] Processing: ollie... ✓
[2936/5000] Processing: kuppel... ✓
[2937/5000] Processing: verließen... ✓
[2938/5000] Processing: jakob... ✓
[2939/5000] Processing: besuchte... ✓
[2940/5000] Processing: gewerkschaft... ✓
  Progress: 440/1250 (35.2%) | Rate: 6.8 words/min | ETA: 118.9 min
[2941/5000] Processing: herhören... ✓
[2942/5000] Processing: vorbeigekommen... ✓
[2943/5000] Processing: stärken... ✓
[2944/5000] Processing: hinzu... ✓
[2945/5000] Processing: wrack... ✓
[2946/5000] Processing: knarren... ✓
[2947/5000] Processing: treibstoff... ✓
[2948/5000] Processing: signale... ✓
[2949/5000] Processing: nachkommen... ✓
[2950/5000] Processing: hoppla... ✓
  Progress: 450/1250 (36.0%) | Rate: 6.8 words/min | ETA: 117.8 min
[2951/5000] Processing: verborgen... ✓
[2952/5000] Processing: belegt... ✓
[2953/5000] Processing: babylon... ✓
[2954/5000] Processing: waisenhaus... ✓
[2955/5000] Processing: brasilien... ✓
[2956/5000] Processing: bitteschön... ✓
[2957/5000] Processing: wurmloch... ✓
[2958/5000] Processing: alters... ✓
[2959/5000] Processing: deb... ✓
[2960/5000] Processing: fee... ✓
  Progress: 460/1250 (36.8%) | Rate: 6.8 words/min | ETA: 116.2 min
[2961/5000] Processing: milton... ✓
[2962/5000] Processing: quarantäne... ✓
[2963/5000] Processing: kommunisten... ✓
[2964/5000] Processing: stiftung... ✓
[2965/5000] Processing: milo... ✓
[2966/5000] Processing: gestapo... ✓
[2967/5000] Processing: verreisen... ✓
[2968/5000] Processing: halleluja... ✓
[2969/5000] Processing: süchtig... ✓
[2970/5000] Processing: jammern... ✓
  Progress: 470/1250 (37.6%) | Rate: 6.8 words/min | ETA: 114.6 min
[2971/5000] Processing: hofft... ✓
[2972/5000] Processing: wertvolle... ✓
[2973/5000] Processing: maulwurf... ✓
[2974/5000] Processing: konflikt... ✓
[2975/5000] Processing: turnier... ✓
[2976/5000] Processing: gebacken... ✓
[2977/5000] Processing: rauszufinden... ✓
[2978/5000] Processing: taube... ✓
[2979/5000] Processing: mais... ✓
[2980/5000] Processing: nüsse... ✓
  Progress: 480/1250 (38.4%) | Rate: 6.8 words/min | ETA: 113.0 min
[2981/5000] Processing: trieb... ✓
[2982/5000] Processing: eigenschaften... ✓
[2983/5000] Processing: feder... ✓
[2984/5000] Processing: sänger... ✓
[2985/5000] Processing: elias... ✓
[2986/5000] Processing: dessert... ✓
[2987/5000] Processing: rathaus... ✓
[2988/5000] Processing: drohungen... ✓
[2989/5000] Processing: bewirken... ✓
[2990/5000] Processing: mörderin... ✓
  Progress: 490/1250 (39.2%) | Rate: 6.8 words/min | ETA: 111.4 min
[2991/5000] Processing: edith... ✓
[2992/5000] Processing: wanne... ✓
[2993/5000] Processing: durchkommen... ✓
[2994/5000] Processing: reid... ✓
[2995/5000] Processing: mandy... ✓
[2996/5000] Processing: vertraute... ✓
[2997/5000] Processing: schätzt... ✓
[2998/5000] Processing: freuden... ✓
[2999/5000] Processing: dauer... ✓
[3000/5000] Processing: regt... ✓
  Progress: 500/1250 (40.0%) | Rate: 6.8 words/min | ETA: 109.9 min
[3001/5000] Processing: verbessert... ✓
[3002/5000] Processing: unerwartet... ✓
[3003/5000] Processing: drogendealer... ✓
[3004/5000] Processing: gefährlichen... ✓
[3005/5000] Processing: fach... ✓
[3006/5000] Processing: verdanke... ✓
[3007/5000] Processing: wohnungen... ✓
[3008/5000] Processing: commissioner... ✓
[3009/5000] Processing: cross... ✓
[3010/5000] Processing: kragen... ✓
  Progress: 510/1250 (40.8%) | Rate: 6.8 words/min | ETA: 108.3 min
[3011/5000] Processing: schwachen... ✓
[3012/5000] Processing: mercedes... ✓
[3013/5000] Processing: klirren... ✓
[3014/5000] Processing: valentinstag... ✓
[3015/5000] Processing: anstelle... ✓
[3016/5000] Processing: plane... ✓
[3017/5000] Processing: reizende... ✓
[3018/5000] Processing: höheren... ✓
[3019/5000] Processing: markiert... ✓
[3020/5000] Processing: ehrenwort... ✓
  Progress: 520/1250 (41.6%) | Rate: 6.8 words/min | ETA: 106.6 min
[3021/5000] Processing: cheers... ✓
[3022/5000] Processing: schlamm... ✓
[3023/5000] Processing: wälder... ✓
[3024/5000] Processing: diner... ✓
[3025/5000] Processing: handlung... ✓
[3026/5000] Processing: costa... ✓
[3027/5000] Processing: versauen... ✓
[3028/5000] Processing: klassiker... ✓
[3029/5000] Processing: stange... ✓
[3030/5000] Processing: empfohlen... ✓
  Progress: 530/1250 (42.4%) | Rate: 6.9 words/min | ETA: 105.1 min
[3031/5000] Processing: cynthia... ✓
[3032/5000] Processing: gaby... ✓
[3033/5000] Processing: rauswerfen... ✓
[3034/5000] Processing: mechaniker... ✓
[3035/5000] Processing: beichten... ✓
[3036/5000] Processing: abkürzung... ✓
[3037/5000] Processing: professionell... ✓
[3038/5000] Processing: begräbnis... ✓
[3039/5000] Processing: verführen... ✓
[3040/5000] Processing: meinerseits... ✓
  Progress: 540/1250 (43.2%) | Rate: 6.9 words/min | ETA: 103.6 min
[3041/5000] Processing: valerie... ✓
[3042/5000] Processing: magischen... ✓
[3043/5000] Processing: ellis... ✓
[3044/5000] Processing: dienstmädchen... ✓
[3045/5000] Processing: chirurg... ✓
[3046/5000] Processing: wal... ✓
[3047/5000] Processing: paare... ✓
[3048/5000] Processing: center... ✓
[3049/5000] Processing: sähe... ✓
[3050/5000] Processing: aufgemacht... ✓
  Progress: 550/1250 (44.0%) | Rate: 6.9 words/min | ETA: 101.9 min
[3051/5000] Processing: leide... ✓
[3052/5000] Processing: amüsant... ✓
[3053/5000] Processing: obersten... ✓
[3054/5000] Processing: fletcher... ✓
[3055/5000] Processing: gerührt... ✓
[3056/5000] Processing: schwänze... ✓
[3057/5000] Processing: note... ✓
[3058/5000] Processing: datei... ✓
[3059/5000] Processing: zugleich... ✓
[3060/5000] Processing: nackte... ✓
  Progress: 560/1250 (44.8%) | Rate: 6.9 words/min | ETA: 100.2 min
[3061/5000] Processing: doppelten... ✓
[3062/5000] Processing: bewundert... ✓
[3063/5000] Processing: dimension... ✓
[3064/5000] Processing: quere... ✓
[3065/5000] Processing: wecker... ✓
[3066/5000] Processing: entstanden... ✓
[3067/5000] Processing: kreischen... ✓
[3068/5000] Processing: vivian... ✓
[3069/5000] Processing: läden... ✓
[3070/5000] Processing: ios... ✓
  Progress: 570/1250 (45.6%) | Rate: 6.9 words/min | ETA: 98.8 min
[3071/5000] Processing: lobby... ✓
[3072/5000] Processing: umgezogen... ✓
[3073/5000] Processing: angeklagte... ✓
[3074/5000] Processing: perlen... ✓
[3075/5000] Processing: schwulen... ✓
[3076/5000] Processing: dutzende... ✓
[3077/5000] Processing: simmons... ✓
[3078/5000] Processing: aufgezogen... ✓
[3079/5000] Processing: campus... ✓
[3080/5000] Processing: herd... ✓
  Progress: 580/1250 (46.4%) | Rate: 6.9 words/min | ETA: 97.3 min
[3081/5000] Processing: hospital... ✓
[3082/5000] Processing: leichtes... ✓
[3083/5000] Processing: rich... ✓
[3084/5000] Processing: gegrüßt... ✓
[3085/5000] Processing: aufsicht... ✓
[3086/5000] Processing: hündchen... ✓
[3087/5000] Processing: gegenstand... ✓
[3088/5000] Processing: tageslicht... ✓
[3089/5000] Processing: emotionale... ✓
[3090/5000] Processing: clean... ✓
  Progress: 590/1250 (47.2%) | Rate: 6.9 words/min | ETA: 95.7 min
[3091/5000] Processing: cassie... ✓
[3092/5000] Processing: sünder... ✓
[3093/5000] Processing: beträgt... ✓
[3094/5000] Processing: wunderschönes... ✓
[3095/5000] Processing: schickst... ✓
[3096/5000] Processing: weiblichen... ✓
[3097/5000] Processing: rauszuholen... ✓
[3098/5000] Processing: kapier... ✓
[3099/5000] Processing: rausgeholt... ✓
[3100/5000] Processing: entworfen... ✓
  Progress: 600/1250 (48.0%) | Rate: 6.9 words/min | ETA: 94.4 min
[3101/5000] Processing: eingenommen... ✓
[3102/5000] Processing: daphne... ✓
[3103/5000] Processing: mochten... ✓
[3104/5000] Processing: köchin... ✓
[3105/5000] Processing: willi... ✓
[3106/5000] Processing: beichte... ✓
[3107/5000] Processing: seven... ✓
[3108/5000] Processing: marina... ✓
[3109/5000] Processing: ausliefern... ✓
[3110/5000] Processing: perfektes... ✓
  Progress: 610/1250 (48.8%) | Rate: 6.9 words/min | ETA: 93.0 min
[3111/5000] Processing: glücklichen... ✓
[3112/5000] Processing: wodurch... ✓
[3113/5000] Processing: entsprechend... ✓
[3114/5000] Processing: umher... ✓
[3115/5000] Processing: erica... ✓
[3116/5000] Processing: wurst... ✓
[3117/5000] Processing: notiz... ✓
[3118/5000] Processing: vorsprechen... ✓
[3119/5000] Processing: bekannter... ✓
[3120/5000] Processing: antrieb... ✓
  Progress: 620/1250 (49.6%) | Rate: 6.9 words/min | ETA: 91.5 min
[3121/5000] Processing: zwerge... ✓
[3122/5000] Processing: trösten... ✓
[3123/5000] Processing: armut... ✓
[3124/5000] Processing: verbannt... ✓
[3125/5000] Processing: parade... ✓
[3126/5000] Processing: konzentriere... ✓
[3127/5000] Processing: angefahren... ✓
[3128/5000] Processing: kindisch... ✓
[3129/5000] Processing: krüppel... ✓
[3130/5000] Processing: kreisen... ✓
  Progress: 630/1250 (50.4%) | Rate: 6.9 words/min | ETA: 90.2 min
[3131/5000] Processing: bestrafung... ✓
[3132/5000] Processing: araber... ✓
[3133/5000] Processing: klebt... ✓
[3134/5000] Processing: perücke... ✓
[3135/5000] Processing: gemma... ✓
[3136/5000] Processing: hummer... ✓
[3137/5000] Processing: se... ✓
[3138/5000] Processing: june... ✓
[3139/5000] Processing: wimmert... ✓
[3140/5000] Processing: drittel... ✓
  Progress: 640/1250 (51.2%) | Rate: 6.9 words/min | ETA: 88.8 min
[3141/5000] Processing: budget... ✓
[3142/5000] Processing: lieferwagen... ✓
[3143/5000] Processing: shannon... ✓
[3144/5000] Processing: zurückgebracht... ✓
[3145/5000] Processing: verschwiegen... ✓
[3146/5000] Processing: drang... ✓
[3147/5000] Processing: redeten... ✓
[3148/5000] Processing: chi... ✓
[3149/5000] Processing: herzukommen... ✓
[3150/5000] Processing: anhängen... ✓
  Progress: 650/1250 (52.0%) | Rate: 6.9 words/min | ETA: 87.3 min
[3151/5000] Processing: einsame... ✓
[3152/5000] Processing: wu... ✓
[3153/5000] Processing: wraith... ✓
[3154/5000] Processing: erwartete... ✓
[3155/5000] Processing: tierarzt... ✓
[3156/5000] Processing: cousins... ✓
[3157/5000] Processing: zudem... ✓
[3158/5000] Processing: sturz... ✓
[3159/5000] Processing: rusty... ✓
[3160/5000] Processing: untergehen... ✓
  Progress: 660/1250 (52.8%) | Rate: 6.9 words/min | ETA: 85.7 min
[3161/5000] Processing: gelang... ✓
[3162/5000] Processing: wasch... ✓
[3163/5000] Processing: schmutzigen... ✓
[3164/5000] Processing: abkommen... ✓
[3165/5000] Processing: tänzer... ✓
[3166/5000] Processing: dürften... ✓
[3167/5000] Processing: erstatten... ✓
[3168/5000] Processing: verarbeiten... ✓
[3169/5000] Processing: verfügbar... ✓
[3170/5000] Processing: autobahn... ✓
  Progress: 670/1250 (53.6%) | Rate: 6.9 words/min | ETA: 84.4 min
[3171/5000] Processing: mandant... ✓
[3172/5000] Processing: clubs... ✓
[3173/5000] Processing: lukas... ✓
[3174/5000] Processing: widmen... ✓
[3175/5000] Processing: sprichwort... ✓
[3176/5000] Processing: hierfür... ✓
[3177/5000] Processing: vergeltung... ✓
[3178/5000] Processing: hardy... ✓
[3179/5000] Processing: gekleidet... ✓
[3180/5000] Processing: fotografiert... ✓
  Progress: 680/1250 (54.4%) | Rate: 6.9 words/min | ETA: 82.9 min
[3181/5000] Processing: knallen... ✓
[3182/5000] Processing: wichtigeres... ✓
[3183/5000] Processing: immerzu... ✓
[3184/5000] Processing: schuldgefühle... ✓
[3185/5000] Processing: schnurrbart... ✓
[3186/5000] Processing: genügen... ✓
[3187/5000] Processing: rumlaufen... ✓
[3188/5000] Processing: brötchen... ✓
[3189/5000] Processing: flut... ✓
[3190/5000] Processing: haushalt... ✓
  Progress: 690/1250 (55.2%) | Rate: 6.9 words/min | ETA: 81.4 min
[3191/5000] Processing: angelo... ✓
[3192/5000] Processing: cleveland... ✓
[3193/5000] Processing: ministerium... ✓
[3194/5000] Processing: aufgestellt... ✓
[3195/5000] Processing: est... ✓
[3196/5000] Processing: anker... ✓
[3197/5000] Processing: wang... ✓
[3198/5000] Processing: qual... ✓
[3199/5000] Processing: rauschen... ✓
[3200/5000] Processing: debatte... ✓
  Progress: 700/1250 (56.0%) | Rate: 6.9 words/min | ETA: 80.0 min
[3201/5000] Processing: informant... ✓
[3202/5000] Processing: masse... ✓
[3203/5000] Processing: insekten... ✓
[3204/5000] Processing: lud... ✓
[3205/5000] Processing: glotzt... ✓
[3206/5000] Processing: rückseite... ✓
[3207/5000] Processing: spezialität... ✓
[3208/5000] Processing: schimmer... ✓
[3209/5000] Processing: mordfall... ✓
[3210/5000] Processing: verbieten... ✓
  Progress: 710/1250 (56.8%) | Rate: 6.9 words/min | ETA: 78.5 min
[3211/5000] Processing: terrorist... ✓
[3212/5000] Processing: sirenen... ✓
[3213/5000] Processing: theorien... ✓
[3214/5000] Processing: kichern... ✓
[3215/5000] Processing: positive... ✓
[3216/5000] Processing: gestresst... ✓
[3217/5000] Processing: korea... ✓
[3218/5000] Processing: zeitschrift... ✓
[3219/5000] Processing: wildnis... ✓
[3220/5000] Processing: menschlicher... ✓
  Progress: 720/1250 (57.6%) | Rate: 6.9 words/min | ETA: 77.0 min
[3221/5000] Processing: schlamassel... ✓
[3222/5000] Processing: behindert... ✓
[3223/5000] Processing: überbringen... ✓
[3224/5000] Processing: reingezogen... ✓
[3225/5000] Processing: mitzuteilen... ✓
[3226/5000] Processing: zurückkam... ✓
[3227/5000] Processing: abstimmung... ✓
[3228/5000] Processing: dritt... ✓
[3229/5000] Processing: senat... ✓
[3230/5000] Processing: mittags... ✓
  Progress: 730/1250 (58.4%) | Rate: 6.9 words/min | ETA: 75.7 min
[3231/5000] Processing: marshal... ✓
[3232/5000] Processing: bridge... ✓
[3233/5000] Processing: price... ✓
[3234/5000] Processing: raucht... ✓
[3235/5000] Processing: veranstalten... ✓
[3236/5000] Processing: jahreszeit... ✓
[3237/5000] Processing: zusätzliche... ✓
[3238/5000] Processing: want... ✓
[3239/5000] Processing: drucken... ✓
[3240/5000] Processing: segel... ✓
  Progress: 740/1250 (59.2%) | Rate: 6.9 words/min | ETA: 74.3 min
[3241/5000] Processing: crowley... ✓
[3242/5000] Processing: bezahlte... ✓
[3243/5000] Processing: überflüssig... ✓
[3244/5000] Processing: taschentuch... ✓
[3245/5000] Processing: square... ✓
[3246/5000] Processing: rockmusik... ✓
[3247/5000] Processing: beschleunigen... ✓
[3248/5000] Processing: wählte... ✓
[3249/5000] Processing: lustiger... ✓
[3250/5000] Processing: marian... ✓
  Progress: 750/1250 (60.0%) | Rate: 6.9 words/min | ETA: 72.9 min
[3251/5000] Processing: glocken... ✓
[3252/5000] Processing: tennis... ✓
[3253/5000] Processing: seither... ✓
[3254/5000] Processing: christen... ✓
[3255/5000] Processing: überqueren... ✓
[3256/5000] Processing: kreuzung... ✓
[3257/5000] Processing: häusern... ✓
[3258/5000] Processing: weiche... ✓
[3259/5000] Processing: trudy... ✓
[3260/5000] Processing: punkten... ✓
  Progress: 760/1250 (60.8%) | Rate: 6.9 words/min | ETA: 71.4 min
[3261/5000] Processing: henderson... ✓
[3262/5000] Processing: verpasse... ✓
[3263/5000] Processing: potter... ✓
[3264/5000] Processing: reinlegen... ✓
[3265/5000] Processing: jeep... ✓
[3266/5000] Processing: gefilmt... ✓
[3267/5000] Processing: hamilton... ✓
[3268/5000] Processing: bucht... ✓
[3269/5000] Processing: bildschirm... ✓
[3270/5000] Processing: saufen... ✓
  Progress: 770/1250 (61.6%) | Rate: 6.8 words/min | ETA: 70.1 min
[3271/5000] Processing: gehackt... ✓
[3272/5000] Processing: eminenz... ✓
[3273/5000] Processing: mailbox... ✓
[3274/5000] Processing: münchen... ✓
[3275/5000] Processing: erschoss... ✓
[3276/5000] Processing: jenkins... ✓
[3277/5000] Processing: attentat... ✓
[3278/5000] Processing: garrett... ✓
[3279/5000] Processing: verschwendung... ✓
[3280/5000] Processing: bemerkte... ✓
  Progress: 780/1250 (62.4%) | Rate: 6.8 words/min | ETA: 68.7 min
[3281/5000] Processing: miesen... ✓
[3282/5000] Processing: zischen... ✓
[3283/5000] Processing: helf... ✓
[3284/5000] Processing: geschirr... ✓
[3285/5000] Processing: ähnlichkeit... ✓
[3286/5000] Processing: feiglinge... ✓
[3287/5000] Processing: spass... ✓
[3288/5000] Processing: lächelt... ✓
[3289/5000] Processing: klaut... ✓
[3290/5000] Processing: setzten... ✓
  Progress: 790/1250 (63.2%) | Rate: 6.8 words/min | ETA: 67.4 min
[3291/5000] Processing: bon... ✓
[3292/5000] Processing: entwischt... ✓
[3293/5000] Processing: rauchst... ✓
[3294/5000] Processing: masken... ✓
[3295/5000] Processing: schwimmt... ✓
[3296/5000] Processing: ausgezeichnete... ✓
[3297/5000] Processing: vorname... ✓
[3298/5000] Processing: schwitzen... ✓
[3299/5000] Processing: ginger... ✓
[3300/5000] Processing: bourbon... ✓
  Progress: 800/1250 (64.0%) | Rate: 6.8 words/min | ETA: 66.0 min
[3301/5000] Processing: haust... ✓
[3302/5000] Processing: befand... ✓
[3303/5000] Processing: lacey... ✓
[3304/5000] Processing: elefant... ✓
[3305/5000] Processing: annähernd... ✓
[3306/5000] Processing: gewebe... ✓
[3307/5000] Processing: unterschätzt... ✓
[3308/5000] Processing: sternzeit... ✓
[3309/5000] Processing: wachte... ✓
[3310/5000] Processing: barbie... ✓
  Progress: 810/1250 (64.8%) | Rate: 6.8 words/min | ETA: 64.7 min
[3311/5000] Processing: eichhörnchen... ✓
[3312/5000] Processing: zerbrechen... ✓
[3313/5000] Processing: poker... ✓
[3314/5000] Processing: wechsel... ✓
[3315/5000] Processing: lesbe... ✓
[3316/5000] Processing: cordelia... ✓
[3317/5000] Processing: konten... ✓
[3318/5000] Processing: schleichen... ✓
[3319/5000] Processing: strasse... ✓
[3320/5000] Processing: höschen... ✓
  Progress: 820/1250 (65.6%) | Rate: 6.8 words/min | ETA: 63.1 min
[3321/5000] Processing: jüngsten... ✓
[3322/5000] Processing: niedrig... ✓
[3323/5000] Processing: sonja... ✓
[3324/5000] Processing: klimaanlage... ✓
[3325/5000] Processing: vulkan... ✓
[3326/5000] Processing: thea... ✓
[3327/5000] Processing: anbetracht... ✓
[3328/5000] Processing: lesbisch... ✓
[3329/5000] Processing: cristina... ✓
[3330/5000] Processing: platziert... ✓
  Progress: 830/1250 (66.4%) | Rate: 6.8 words/min | ETA: 61.6 min
[3331/5000] Processing: abgrund... ✓
[3332/5000] Processing: zeichnungen... ✓
[3333/5000] Processing: sinken... ✓
[3334/5000] Processing: hamburg... ✓
[3335/5000] Processing: trauern... ✓
[3336/5000] Processing: abreise... ✓
[3337/5000] Processing: dates... ✓
[3338/5000] Processing: bette... ✓
[3339/5000] Processing: klemmt... ✓
[3340/5000] Processing: ansehe... ✓
  Progress: 840/1250 (67.2%) | Rate: 6.8 words/min | ETA: 60.2 min
[3341/5000] Processing: lin... ✓
[3342/5000] Processing: passend... ✓
[3343/5000] Processing: sidney... ✓
[3344/5000] Processing: mittagspause... ✓
[3345/5000] Processing: wettkampf... ✓
[3346/5000] Processing: verschluckt... ✓
[3347/5000] Processing: limo... ✓
[3348/5000] Processing: erhebt... ✓
[3349/5000] Processing: beneide... ✓
[3350/5000] Processing: beschwerde... ✓
  Progress: 850/1250 (68.0%) | Rate: 6.8 words/min | ETA: 58.7 min
[3351/5000] Processing: erregen... ✓
[3352/5000] Processing: überwältigt... ✓
[3353/5000] Processing: turtle... ✓
[3354/5000] Processing: nypd... ✓
[3355/5000] Processing: benannt... ✓
[3356/5000] Processing: begrüßt... ✓
[3357/5000] Processing: trommeln... ✓
[3358/5000] Processing: burns... ✓
[3359/5000] Processing: hayes... ✓
[3360/5000] Processing: fortsetzen... ✓
  Progress: 860/1250 (68.8%) | Rate: 6.8 words/min | ETA: 57.4 min
[3361/5000] Processing: geplatzt... ✓
[3362/5000] Processing: pan... ✓
[3363/5000] Processing: mildred... ✓
[3364/5000] Processing: erschieße... ✓
[3365/5000] Processing: locke... ✓
[3366/5000] Processing: nachnamen... ✓
[3367/5000] Processing: anpassen... ✓
[3368/5000] Processing: altmodisch... ✓
[3369/5000] Processing: teurer... ✓
[3370/5000] Processing: feuerzeug... ✓
  Progress: 870/1250 (69.6%) | Rate: 6.8 words/min | ETA: 55.9 min
[3371/5000] Processing: trau... ✓
[3372/5000] Processing: serienmörder... ✓
[3373/5000] Processing: georges... ✓
[3374/5000] Processing: dr... ✓
[3375/5000] Processing: durchgegangen... ✓
[3376/5000] Processing: beseitigt... ✓
[3377/5000] Processing: alkoholiker... ✓
[3378/5000] Processing: laßt... ✓
[3379/5000] Processing: ganzem... ✓
[3380/5000] Processing: elemente... ✓
  Progress: 880/1250 (70.4%) | Rate: 6.8 words/min | ETA: 54.4 min
[3381/5000] Processing: feinden... ✓
[3382/5000] Processing: rückweg... ✓
[3383/5000] Processing: amelia... ✓
[3384/5000] Processing: abigail... ✓
[3385/5000] Processing: heimweg... ✓
[3386/5000] Processing: menschlichkeit... ✓
[3387/5000] Processing: signora... ✓
[3388/5000] Processing: geheimnisvolle... ✓
[3389/5000] Processing: mcgee... ✓
[3390/5000] Processing: befolgt... ✓
  Progress: 890/1250 (71.2%) | Rate: 6.8 words/min | ETA: 52.8 min
[3391/5000] Processing: abreisen... ✓
[3392/5000] Processing: premiere... ✓
[3393/5000] Processing: schwingen... ✓
[3394/5000] Processing: initiative... ✓
[3395/5000] Processing: from... ✓
[3396/5000] Processing: felicity... ✓
[3397/5000] Processing: sexuellen... ✓
[3398/5000] Processing: geschäftsführer... ✓
[3399/5000] Processing: telefone... ✓
[3400/5000] Processing: peterson... ✓
  Progress: 900/1250 (72.0%) | Rate: 6.8 words/min | ETA: 51.3 min
[3401/5000] Processing: strafzettel... ✓
[3402/5000] Processing: gelobt... ✓
[3403/5000] Processing: uniformen... ✓
[3404/5000] Processing: beschissener... ✓
[3405/5000] Processing: pulver... ✓
[3406/5000] Processing: welpen... ✓
[3407/5000] Processing: angesprochen... ✓
[3408/5000] Processing: kung... ✓
[3409/5000] Processing: angenehme... ✓
[3410/5000] Processing: kostüme... ✓
  Progress: 910/1250 (72.8%) | Rate: 6.8 words/min | ETA: 49.8 min
[3411/5000] Processing: nachmittags... ✓
[3412/5000] Processing: lebewohl... ✓
[3413/5000] Processing: reporterin... ✓
[3414/5000] Processing: crystal... ✓
[3415/5000] Processing: nikita... ✓
[3416/5000] Processing: vorwand... ✓
[3417/5000] Processing: genervt... ✓
[3418/5000] Processing: kreditkarten... ✓
[3419/5000] Processing: durstig... ✓
[3420/5000] Processing: eintreffen... ✓
  Progress: 920/1250 (73.6%) | Rate: 6.8 words/min | ETA: 48.2 min
[3421/5000] Processing: nationalen... ✓
[3422/5000] Processing: mitteln... ✓
[3423/5000] Processing: trauma... ✓
[3424/5000] Processing: beobachtung... ✓
[3425/5000] Processing: aufhält... ✓
[3426/5000] Processing: dergleichen... ✓
[3427/5000] Processing: erwacht... ✓
[3428/5000] Processing: schlaft... ✓
[3429/5000] Processing: lebenslauf... ✓
[3430/5000] Processing: anrufbeantworter... ✓
  Progress: 930/1250 (74.4%) | Rate: 6.9 words/min | ETA: 46.7 min
[3431/5000] Processing: feiner... ✓
[3432/5000] Processing: verschoben... ✓
[3433/5000] Processing: zumachen... ✓
[3434/5000] Processing: relativ... ✓
[3435/5000] Processing: wes... ✓
[3436/5000] Processing: rücksicht... ✓
[3437/5000] Processing: lamm... ✓
[3438/5000] Processing: pier... ✓
[3439/5000] Processing: widersprechen... ✓
[3440/5000] Processing: erwische... 