============================================================
German-English Dictionary Builder (Parallel)
============================================================
Total words in list: 5000
Processing range: 0 to 1250 (1250 words)

Processing words 1 to 1250 (1250 words)
Output: german_english_dict_batch2_part_1.json
Rate limit: 4s between requests

[1/5000] Processing: guy... ✓
[2/5000] Processing: detail... ✓
[3/5000] Processing: ausgewählt... ✓
[4/5000] Processing: herunter... ✓
[5/5000] Processing: schriftsteller... ✓
[6/5000] Processing: wärt... ✓
[7/5000] Processing: kümmer... ✓
[8/5000] Processing: andererseits... ✓
[9/5000] Processing: bay... ✓
[10/5000] Processing: gene... ✓
  Progress: 10/1250 (0.8%) | Rate: 6.9 words/min | ETA: 179.5 min
[11/5000] Processing: shuttle... ✓
[12/5000] Processing: üblich... ✓
[13/5000] Processing: entführen... ✓
[14/5000] Processing: ike... ✓
[15/5000] Processing: jury... ✓
[16/5000] Processing: box... ✓
[17/5000] Processing: ausgedacht... ✓
[18/5000] Processing: freddy... ✓
[19/5000] Processing: partys... ✓
[20/5000] Processing: rausgefunden... ✓
  Progress: 20/1250 (1.6%) | Rate: 6.9 words/min | ETA: 179.5 min
[21/5000] Processing: plant... ✓
[22/5000] Processing: feige... ✓
[23/5000] Processing: gesungen... ✓
[24/5000] Processing: möbel... ✓
[25/5000] Processing: bewährung... ✓
[26/5000] Processing: schieße... ✓
[27/5000] Processing: umgeben... ✓
[28/5000] Processing: berater... ✓
[29/5000] Processing: e-mail... ✓
[30/5000] Processing: bailey... ✓
  Progress: 30/1250 (2.4%) | Rate: 6.7 words/min | ETA: 181.2 min
[31/5000] Processing: zoo... ✓
[32/5000] Processing: gedicht... ✓
[33/5000] Processing: lorelai... ✓
[34/5000] Processing: bellt... ✓
[35/5000] Processing: vorschlagen... ✓
[36/5000] Processing: genießt... ✓
[37/5000] Processing: baseball... ✓
[38/5000] Processing: locken... ✓
[39/5000] Processing: ooh... ✓
[40/5000] Processing: trennung... ✓
  Progress: 40/1250 (3.2%) | Rate: 6.6 words/min | ETA: 184.0 min
[41/5000] Processing: lautsprecher... ✓
[42/5000] Processing: ticket... ✓
[43/5000] Processing: umwerfend... ✓
[44/5000] Processing: kanzlei... ✓
[45/5000] Processing: wahres... ✓
[46/5000] Processing: zufolge... ✓
[47/5000] Processing: come... ✓
[48/5000] Processing: hebt... ✓
[49/5000] Processing: anschlag... ✓
[50/5000] Processing: timing... ✓
  Progress: 50/1250 (4.0%) | Rate: 6.6 words/min | ETA: 180.6 min
[51/5000] Processing: kid... ✓
[52/5000] Processing: tucker... ✓
[53/5000] Processing: befehlen... ✓
[54/5000] Processing: etage... ✓
[55/5000] Processing: dazwischen... ✓
[56/5000] Processing: jules... ✓
[57/5000] Processing: heisst... ✓
[58/5000] Processing: objekt... ✓
[59/5000] Processing: bedaure... ✓
[60/5000] Processing: wobei... ✓
  Progress: 60/1250 (4.8%) | Rate: 6.7 words/min | ETA: 177.5 min
[61/5000] Processing: kokain... ✓
[62/5000] Processing: strategie... ✓
[63/5000] Processing: freundes... ✓
[64/5000] Processing: wolken... ✓
[65/5000] Processing: gräfin... ✓
[66/5000] Processing: bruno... ✓
[67/5000] Processing: getreten... ✓
[68/5000] Processing: cal... ✓
[69/5000] Processing: pardon... ✓
[70/5000] Processing: genosse... ✓
  Progress: 70/1250 (5.6%) | Rate: 6.8 words/min | ETA: 172.9 min
[71/5000] Processing: ungut... ✓
[72/5000] Processing: verteilen... ✓
[73/5000] Processing: fuchs... ✓
[74/5000] Processing: day... ✓
[75/5000] Processing: organisiert... ✓
[76/5000] Processing: bla... ✓
[77/5000] Processing: up... ✓
[78/5000] Processing: world... ✓
[79/5000] Processing: east... ✓
[80/5000] Processing: löcher... ✓
  Progress: 80/1250 (6.4%) | Rate: 6.9 words/min | ETA: 169.8 min
[81/5000] Processing: aktiv... ✓
[82/5000] Processing: hunter... ✓
[83/5000] Processing: werfe... ✓
[84/5000] Processing: beantwortet... ✓
[85/5000] Processing: meist... ✓
[86/5000] Processing: reis... ✓
[87/5000] Processing: hierhin... ✓
[88/5000] Processing: scotch... ✓
[89/5000] Processing: überfahren... ✓
[90/5000] Processing: logisch... ✓
  Progress: 90/1250 (7.2%) | Rate: 6.9 words/min | ETA: 167.6 min
[91/5000] Processing: heather... ✓
[92/5000] Processing: französische... ✓
[93/5000] Processing: bekannte... ✓
[94/5000] Processing: episode... ✓
[95/5000] Processing: engagiert... ✓
[96/5000] Processing: manipuliert... ✓
[97/5000] Processing: zellen... ✓
[98/5000] Processing: are... ✓
[99/5000] Processing: blake... ✓
[100/5000] Processing: dienste... ✓
  Progress: 100/1250 (8.0%) | Rate: 7.0 words/min | ETA: 164.7 min
[101/5000] Processing: sodass... ✓
[102/5000] Processing: volkes... ✓
[103/5000] Processing: golf... ✓
[104/5000] Processing: janet... ✓
[105/5000] Processing: schmeißen... ✓
[106/5000] Processing: grand... ✓
[107/5000] Processing: zurückgekehrt... ✓
[108/5000] Processing: eröffnet... ✓
[109/5000] Processing: summt... ✓
[110/5000] Processing: unterrichten... ✓
  Progress: 110/1250 (8.8%) | Rate: 6.9 words/min | ETA: 164.2 min
[111/5000] Processing: verschaffen... ✓
[112/5000] Processing: verlobte... ✓
[113/5000] Processing: erfahrungen... ✓
[114/5000] Processing: shit... ✓
[115/5000] Processing: persönlichkeit... ✓
[116/5000] Processing: gina... ✓
[117/5000] Processing: streichen... ✓
[118/5000] Processing: offenen... ✓
[119/5000] Processing: weisheit... ✓
[120/5000] Processing: vergeht... ✓
  Progress: 120/1250 (9.6%) | Rate: 7.0 words/min | ETA: 162.3 min
[121/5000] Processing: beruhig... ✓
[122/5000] Processing: zielen... ✓
[123/5000] Processing: fans... ✓
[124/5000] Processing: wüsstest... ✓
[125/5000] Processing: ashley... ✓
[126/5000] Processing: schuldet... ✓
[127/5000] Processing: erhöhen... ✓
[128/5000] Processing: schönsten... ✓
[129/5000] Processing: momente... ✓
[130/5000] Processing: adrian... ✓
  Progress: 130/1250 (10.4%) | Rate: 6.9 words/min | ETA: 162.1 min
[131/5000] Processing: kameraden... ✓
[132/5000] Processing: eingebrochen... ✓
[133/5000] Processing: amüsiert... ✓
[134/5000] Processing: erwähnte... ✓
[135/5000] Processing: mitch... ✓
[136/5000] Processing: premierminister... ✓
[137/5000] Processing: geringste... ✓
[138/5000] Processing: übernachten... ✓
[139/5000] Processing: infiziert... ✓
[140/5000] Processing: goa... ✓
  Progress: 140/1250 (11.2%) | Rate: 6.9 words/min | ETA: 161.4 min
[141/5000] Processing: dinner... ✓
[142/5000] Processing: rieche... ✓
[143/5000] Processing: kredit... ✓
[144/5000] Processing: allison... ✓
[145/5000] Processing: lake... ✓
[146/5000] Processing: legal... ✓
[147/5000] Processing: merke... ✓
[148/5000] Processing: jubel... ✓
[149/5000] Processing: klänge... ✓
[150/5000] Processing: größeren... ✓
  Progress: 150/1250 (12.0%) | Rate: 6.9 words/min | ETA: 159.5 min
[151/5000] Processing: bewacht... ✓
[152/5000] Processing: vietnam... ✓
[153/5000] Processing: lehren... ✓
[154/5000] Processing: chandler... ✓
[155/5000] Processing: präsentieren... ✓
[156/5000] Processing: nacken... ✓
[157/5000] Processing: auflegen... ✓
[158/5000] Processing: vergangen... ✓
[159/5000] Processing: fangt... ✓
[160/5000] Processing: hühner... ✓
  Progress: 160/1250 (12.8%) | Rate: 6.9 words/min | ETA: 159.0 min
[161/5000] Processing: hector... ✓
[162/5000] Processing: teal... ✓
[163/5000] Processing: sprengen... ✓
[164/5000] Processing: einsperren... ✓
[165/5000] Processing: turner... ✓
[166/5000] Processing: zusammenhang... ✓
[167/5000] Processing: wahrer... ✓
[168/5000] Processing: joan... ✓
[169/5000] Processing: marco... ✓
[170/5000] Processing: breit... ✓
  Progress: 170/1250 (13.6%) | Rate: 6.9 words/min | ETA: 157.5 min
[171/5000] Processing: pfeife... ✓
[172/5000] Processing: treibst... ✓
[173/5000] Processing: rannte... ✓
[174/5000] Processing: beschuldigt... ✓
[175/5000] Processing: set... ✓
[176/5000] Processing: verlegt... ✓
[177/5000] Processing: überraschungen... ✓
[178/5000] Processing: orleans... ✓
[179/5000] Processing: douglas... ✓
[180/5000] Processing: tauchen... ✓
  Progress: 180/1250 (14.4%) | Rate: 6.8 words/min | ETA: 156.4 min
[181/5000] Processing: verdanken... ✓
[182/5000] Processing: nadel... ✓
[183/5000] Processing: psst... ✓
[184/5000] Processing: gelacht... ✓
[185/5000] Processing: apfel... ✓
[186/5000] Processing: behilflich... ✓
[187/5000] Processing: dreckskerl... ✓
[188/5000] Processing: mitgefühl... ✓
[189/5000] Processing: wichtigsten... ✓
[190/5000] Processing: krieges... ✓
  Progress: 190/1250 (15.2%) | Rate: 6.8 words/min | ETA: 154.9 min
[191/5000] Processing: wehe... ✓
[192/5000] Processing: hope... ✓
[193/5000] Processing: heirat... ✓
[194/5000] Processing: exakt... ✓
[195/5000] Processing: widerstehen... ✓
[196/5000] Processing: höchst... ✓
[197/5000] Processing: zurückgelassen... ✓
[198/5000] Processing: gespürt... ✓
[199/5000] Processing: methoden... ✓
[200/5000] Processing: interessantes... ✓
  Progress: 200/1250 (16.0%) | Rate: 6.8 words/min | ETA: 153.4 min
[201/5000] Processing: sau... ✓
[202/5000] Processing: notaufnahme... ✓
[203/5000] Processing: verwandten... ✓
[204/5000] Processing: jeffrey... ✓
[205/5000] Processing: trinkgeld... ✓
[206/5000] Processing: ermitteln... ✓
[207/5000] Processing: riechst... ✓
[208/5000] Processing: beach... ✓
[209/5000] Processing: sorte... ✓
[210/5000] Processing: kartoffeln... ✓
  Progress: 210/1250 (16.8%) | Rate: 6.9 words/min | ETA: 151.8 min
[211/5000] Processing: bo... ✓
[212/5000] Processing: elefanten... ✓
[213/5000] Processing: sichere... ✓
[214/5000] Processing: sämtliche... ✓
[215/5000] Processing: gekündigt... ✓
[216/5000] Processing: vereinbarung... ✓
[217/5000] Processing: harmlos... ✓
[218/5000] Processing: weiber... ✓
[219/5000] Processing: this... ✓
[220/5000] Processing: dicken... ✓
  Progress: 220/1250 (17.6%) | Rate: 6.9 words/min | ETA: 149.6 min
[221/5000] Processing: rauskommt... ✓
[222/5000] Processing: old... ✓
[223/5000] Processing: angestellten... ✓
[224/5000] Processing: datum... ✓
[225/5000] Processing: bezug... ✓
[226/5000] Processing: kerzen... ✓
[227/5000] Processing: lawrence... ✓
[228/5000] Processing: marsch... ✓
[229/5000] Processing: benötigt... ✓
[230/5000] Processing: ermittlung... ✓
  Progress: 230/1250 (18.4%) | Rate: 6.9 words/min | ETA: 147.7 min
[231/5000] Processing: lagen... ✓
[232/5000] Processing: unbekannt... ✓
[233/5000] Processing: gefressen... ✓
[234/5000] Processing: brett... ✓
[235/5000] Processing: manieren... ✓
[236/5000] Processing: han... ✓
[237/5000] Processing: enthält... ✓
[238/5000] Processing: anfing... ✓
[239/5000] Processing: kümmerst... ✓
[240/5000] Processing: berühmte... ✓
  Progress: 240/1250 (19.2%) | Rate: 6.9 words/min | ETA: 146.2 min
[241/5000] Processing: schwieriger... ✓
[242/5000] Processing: piloten... ✓
[243/5000] Processing: scherze... ✓
[244/5000] Processing: anfängt... ✓
[245/5000] Processing: läufst... ✓
[246/5000] Processing: bekannten... ✓
[247/5000] Processing: rasen... ✓
[248/5000] Processing: empfehlen... ✓
[249/5000] Processing: härter... ✓
[250/5000] Processing: geweckt... ✓
  Progress: 250/1250 (20.0%) | Rate: 6.9 words/min | ETA: 145.1 min
[251/5000] Processing: befördert... ✓
[252/5000] Processing: reiter... ✓
[253/5000] Processing: empfinden... ✓
[254/5000] Processing: bereite... ✓
[255/5000] Processing: täte... ✓
[256/5000] Processing: benutzte... ✓
[257/5000] Processing: halloween... ✓
[258/5000] Processing: abgesagt... ✓
[259/5000] Processing: down... ✓
[260/5000] Processing: quasi... ✓
  Progress: 260/1250 (20.8%) | Rate: 6.9 words/min | ETA: 144.4 min
[261/5000] Processing: kocht... ✓
[262/5000] Processing: reingekommen... ✓
[263/5000] Processing: hupen... ✓
[264/5000] Processing: hinunter... ✓
[265/5000] Processing: vorüber... ✓
[266/5000] Processing: ausdrücken... ✓
[267/5000] Processing: reese... ✓
[268/5000] Processing: elliot... ✓
[269/5000] Processing: perfekten... ✓
[270/5000] Processing: folgte... ✓
  Progress: 270/1250 (21.6%) | Rate: 6.8 words/min | ETA: 143.4 min
[271/5000] Processing: rebellen... ✓
[272/5000] Processing: di... ✓
[273/5000] Processing: hauptsächlich... ✓
[274/5000] Processing: schuppen... ✓
[275/5000] Processing: braver... ✓
[276/5000] Processing: neill... ✓
[277/5000] Processing: zwanzig... ✓
[278/5000] Processing: berichtet... ✓
[279/5000] Processing: einrichtung... ✓
[280/5000] Processing: november... ✓
  Progress: 280/1250 (22.4%) | Rate: 6.9 words/min | ETA: 141.4 min
[281/5000] Processing: sensoren... ✓
[282/5000] Processing: korrigiert... ✓
[283/5000] Processing: houston... ✓
[284/5000] Processing: richie... ✓
[285/5000] Processing: verdächtig... ✓
[286/5000] Processing: legst... ✓
[287/5000] Processing: aufgebracht... ✓
[288/5000] Processing: alternative... ✓
[289/5000] Processing: experte... ✓
[290/5000] Processing: ferne... ✓
  Progress: 290/1250 (23.2%) | Rate: 6.9 words/min | ETA: 139.7 min
[291/5000] Processing: prinzip... ✓
[292/5000] Processing: holte... ✓
[293/5000] Processing: richte... ✓
[294/5000] Processing: donald... ✓
[295/5000] Processing: weisen... ✓
[296/5000] Processing: ozean... ✓
[297/5000] Processing: gelungen... ✓
[298/5000] Processing: natalie... ✓
[299/5000] Processing: esther... ✓
[300/5000] Processing: abschaum... ✓
  Progress: 300/1250 (24.0%) | Rate: 6.9 words/min | ETA: 138.5 min
[301/5000] Processing: stevie... ✓
[302/5000] Processing: überwacht... ✓
[303/5000] Processing: schwierige... ✓
[304/5000] Processing: ausgedrückt... ✓
[305/5000] Processing: hastings... ✓
[306/5000] Processing: notruf... ✓
[307/5000] Processing: riss... ✓
[308/5000] Processing: bremsen... ✓
[309/5000] Processing: häufig... ✓
[310/5000] Processing: aktivieren... ✓
  Progress: 310/1250 (24.8%) | Rate: 6.8 words/min | ETA: 137.2 min
[311/5000] Processing: lloyd... ✓
[312/5000] Processing: anstrengend... ✓
[313/5000] Processing: antwortet... ✓
[314/5000] Processing: ais... ✓
[315/5000] Processing: verschwörung... ✓
[316/5000] Processing: kellner... ✓
[317/5000] Processing: startet... ✓
[318/5000] Processing: franklin... ✓
[319/5000] Processing: andermal... ✓
[320/5000] Processing: humphrey... ✓
  Progress: 320/1250 (25.6%) | Rate: 6.9 words/min | ETA: 135.5 min
[321/5000] Processing: evan... ✓
[322/5000] Processing: lkw... ✓
[323/5000] Processing: erhält... ✓
[324/5000] Processing: schmeißt... ✓
[325/5000] Processing: fürst... ✓
[326/5000] Processing: carson... ✓
[327/5000] Processing: perry... ✓
[328/5000] Processing: küsse... ✓
[329/5000] Processing: gebet... ✓
[330/5000] Processing: miranda... ✓
  Progress: 330/1250 (26.4%) | Rate: 6.9 words/min | ETA: 134.3 min
[331/5000] Processing: melancholische... ✓
[332/5000] Processing: räume... ✓
[333/5000] Processing: riskiert... ✓
[334/5000] Processing: verhindert... ✓
[335/5000] Processing: ausrede... ✓
[336/5000] Processing: darling... ✓
[337/5000] Processing: tüte... ✓
[338/5000] Processing: manhattan... ✓
[339/5000] Processing: operiert... ✓
[340/5000] Processing: unfassbar... ✓
  Progress: 340/1250 (27.2%) | Rate: 6.9 words/min | ETA: 132.6 min
[341/5000] Processing: herrin... ✓
[342/5000] Processing: hergestellt... ✓
[343/5000] Processing: lila... ✓
[344/5000] Processing: gerichtet... ✓
[345/5000] Processing: fordern... ✓
[346/5000] Processing: fischen... ✓
[347/5000] Processing: kriminelle... ✓
[348/5000] Processing: jenem... ✓
[349/5000] Processing: verschafft... ✓
[350/5000] Processing: dezember... ✓
  Progress: 350/1250 (28.0%) | Rate: 6.8 words/min | ETA: 131.5 min
[351/5000] Processing: anspruch... ✓
[352/5000] Processing: räuspert... ✓
[353/5000] Processing: sid... ✓
[354/5000] Processing: unsichtbar... ✓
[355/5000] Processing: keith... ✓
[356/5000] Processing: seth... ✓
[357/5000] Processing: ersetzt... ✓
[358/5000] Processing: ruby... ✓
[359/5000] Processing: handtuch... ✓
[360/5000] Processing: yang... ✓
  Progress: 360/1250 (28.8%) | Rate: 6.8 words/min | ETA: 130.1 min
[361/5000] Processing: dale... ✓
[362/5000] Processing: blödes... ✓
[363/5000] Processing: doof... ✓
[364/5000] Processing: wertvoll... ✓
[365/5000] Processing: kardinal... ✓
[366/5000] Processing: jefferson... ✓
[367/5000] Processing: kommunikation... ✓
[368/5000] Processing: operieren... ✓
[369/5000] Processing: problemen... ✓
[370/5000] Processing: aliens... ✓
  Progress: 370/1250 (29.6%) | Rate: 6.9 words/min | ETA: 128.3 min
[371/5000] Processing: cameron... ✓
[372/5000] Processing: erik... ✓
[373/5000] Processing: erkannte... ✓
[374/5000] Processing: river... ✓
[375/5000] Processing: loszuwerden... ✓
[376/5000] Processing: unnötig... ✓
[377/5000] Processing: begleite... ✓
[378/5000] Processing: analyse... ✓
[379/5000] Processing: hochzeitstag... ✓
[380/5000] Processing: melodie... ✓
  Progress: 380/1250 (30.4%) | Rate: 6.9 words/min | ETA: 127.0 min
[381/5000] Processing: wehren... ✓
[382/5000] Processing: pablo... ✓
[383/5000] Processing: romantische... ✓
[384/5000] Processing: zurückrufen... ✓
[385/5000] Processing: rente... ✓
[386/5000] Processing: zeremonie... ✓
[387/5000] Processing: platte... ✓
[388/5000] Processing: now... ✓
[389/5000] Processing: ersatz... ✓
[390/5000] Processing: mütze... ✓
  Progress: 390/1250 (31.2%) | Rate: 6.9 words/min | ETA: 125.3 min
[391/5000] Processing: veränderungen... ✓
[392/5000] Processing: zeugin... ✓
[393/5000] Processing: rührt... ✓
[394/5000] Processing: versichert... ✓
[395/5000] Processing: teilt... ✓
[396/5000] Processing: russisch... ✓
[397/5000] Processing: wundervolle... ✓
[398/5000] Processing: willy... ✓
[399/5000] Processing: wiederhören... ✓
[400/5000] Processing: passagiere... ✓
  Progress: 400/1250 (32.0%) | Rate: 6.9 words/min | ETA: 124.1 min
[401/5000] Processing: diebe... ✓
[402/5000] Processing: guckst... ✓
[403/5000] Processing: fließt... ✓
[404/5000] Processing: elend... ✓
[405/5000] Processing: andauernd... ✓
[406/5000] Processing: nicky... ✓
[407/5000] Processing: ungeheuer... ✓
[408/5000] Processing: fit... ✓
[409/5000] Processing: zeitverschwendung... ✓
[410/5000] Processing: ansicht... ✓
  Progress: 410/1250 (32.8%) | Rate: 6.9 words/min | ETA: 122.6 min
[411/5000] Processing: gefährliche... ✓
[412/5000] Processing: bell... ✓
[413/5000] Processing: vierte... ✓
[414/5000] Processing: verbrachte... ✓
[415/5000] Processing: zentimeter... ✓
[416/5000] Processing: trete... ✓
[417/5000] Processing: politische... ✓
[418/5000] Processing: interessen... ✓
[419/5000] Processing: anlage... ✓
[420/5000] Processing: anderson... ✓
  Progress: 420/1250 (33.6%) | Rate: 6.9 words/min | ETA: 121.1 min
[421/5000] Processing: autounfall... ✓
[422/5000] Processing: gefangener... ✓
[423/5000] Processing: aufstand... ✓
[424/5000] Processing: schafe... ✓
[425/5000] Processing: absolute... ✓
[426/5000] Processing: kontakte... ✓
[427/5000] Processing: trip... ✓
[428/5000] Processing: notizen... ✓
[429/5000] Processing: ausgegeben... ✓
[430/5000] Processing: versorgt... ✓
  Progress: 430/1250 (34.4%) | Rate: 6.9 words/min | ETA: 119.7 min
[431/5000] Processing: gnaden... ✓
[432/5000] Processing: piraten... ✓
[433/5000] Processing: eli... ✓
[434/5000] Processing: stuart... ✓
[435/5000] Processing: sowohl... ✓
[436/5000] Processing: muskeln... ✓
[437/5000] Processing: unwahrscheinlich... ✓
[438/5000] Processing: steak... ✓
[439/5000] Processing: japaner... ✓
[440/5000] Processing: spritze... ✓
  Progress: 440/1250 (35.2%) | Rate: 6.9 words/min | ETA: 118.0 min
[441/5000] Processing: there... ✓
[442/5000] Processing: fesseln... ✓
[443/5000] Processing: umarmen... ✓
[444/5000] Processing: loser... ✓
[445/5000] Processing: begleitet... ✓
[446/5000] Processing: früheren... ✓
[447/5000] Processing: ally... ✓
[448/5000] Processing: wacht... ✓
[449/5000] Processing: morden... ✓
[450/5000] Processing: eingefallen... ✓
  Progress: 450/1250 (36.0%) | Rate: 6.8 words/min | ETA: 117.2 min
[451/5000] Processing: fox... ✓
[452/5000] Processing: schneide... ✓
[453/5000] Processing: weiten... ✓
[454/5000] Processing: times... ✓
[455/5000] Processing: musiker... ✓
[456/5000] Processing: reichweite... ✓
[457/5000] Processing: hood... ✓
[458/5000] Processing: maya... ✓
[459/5000] Processing: handys... ✓
[460/5000] Processing: öffentlichen... ✓
  Progress: 460/1250 (36.8%) | Rate: 6.8 words/min | ETA: 115.6 min
[461/5000] Processing: beleidigen... ✓
[462/5000] Processing: russischen... ✓
[463/5000] Processing: gabriel... ✓
[464/5000] Processing: glenn... ✓
[465/5000] Processing: erschien... ✓
[466/5000] Processing: romeo... ✓
[467/5000] Processing: wünsch... ✓
[468/5000] Processing: schach... ✓
[469/5000] Processing: explodieren... ✓
[470/5000] Processing: kater... ✓
  Progress: 470/1250 (37.6%) | Rate: 6.8 words/min | ETA: 114.3 min
[471/5000] Processing: wundern... ✓
[472/5000] Processing: französischen... ✓
[473/5000] Processing: thompson... ✓
[474/5000] Processing: habs... ✓
[475/5000] Processing: beeinflussen... ✓
[476/5000] Processing: heult... ✓
[477/5000] Processing: hinfahren... ✓
[478/5000] Processing: bedingung... ✓
[479/5000] Processing: empfinde... ✓
[480/5000] Processing: top... ✓
  Progress: 480/1250 (38.4%) | Rate: 6.8 words/min | ETA: 113.1 min
[481/5000] Processing: gemocht... ✓
[482/5000] Processing: heran... ✓
[483/5000] Processing: stella... ✓
[484/5000] Processing: ärgern... ✓
[485/5000] Processing: klingst... ✓
[486/5000] Processing: konkurrenz... ✓
[487/5000] Processing: erfordert... ✓
[488/5000] Processing: mädchens... ✓
[489/5000] Processing: unsicher... ✓
[490/5000] Processing: festung... ✓
  Progress: 490/1250 (39.2%) | Rate: 6.8 words/min | ETA: 111.7 min
[491/5000] Processing: runden... ✓
[492/5000] Processing: detektiv... ✓
[493/5000] Processing: pastor... ✓
[494/5000] Processing: kratzer... ✓
[495/5000] Processing: junges... ✓
[496/5000] Processing: melissa... ✓
[497/5000] Processing: gruselig... ✓
[498/5000] Processing: flugzeuge... ✓
[499/5000] Processing: durchgeführt... ✓
[500/5000] Processing: intelligenz... ✓
  Progress: 500/1250 (40.0%) | Rate: 6.8 words/min | ETA: 110.1 min
[501/5000] Processing: stieg... ✓
[502/5000] Processing: zugestimmt... ✓
[503/5000] Processing: mutti... ✓
[504/5000] Processing: genieße... ✓
[505/5000] Processing: schützt... ✓
[506/5000] Processing: rückzug... ✓
[507/5000] Processing: konzentriert... ✓
[508/5000] Processing: schäme... ✓
[509/5000] Processing: reserviert... ✓
[510/5000] Processing: goldenen... ✓
  Progress: 510/1250 (40.8%) | Rate: 6.8 words/min | ETA: 108.7 min
[511/5000] Processing: bude... ✓
[512/5000] Processing: metall... ✓
[513/5000] Processing: kane... ✓
[514/5000] Processing: jacques... ✓
[515/5000] Processing: nüchtern... ✓
[516/5000] Processing: absichten... ✓
[517/5000] Processing: south... ✓
[518/5000] Processing: handschuhe... ✓
[519/5000] Processing: erschießt... ✓
[520/5000] Processing: arrangiert... ✓
  Progress: 520/1250 (41.6%) | Rate: 6.8 words/min | ETA: 107.2 min
[521/5000] Processing: verwundet... ✓
[522/5000] Processing: debbie... ✓
[523/5000] Processing: bates... ✓
[524/5000] Processing: anfühlt... ✓
[525/5000] Processing: drückt... ✓
[526/5000] Processing: absagen... ✓
[527/5000] Processing: behalt... ✓
[528/5000] Processing: einiger... ✓
[529/5000] Processing: russische... ✓
[530/5000] Processing: beeindrucken... ✓
  Progress: 530/1250 (42.4%) | Rate: 6.8 words/min | ETA: 106.0 min
[531/5000] Processing: düstere... ✓
[532/5000] Processing: geschäftlich... ✓
[533/5000] Processing: egoistisch... ✓
[534/5000] Processing: mario... ✓
[535/5000] Processing: rocky... ✓
[536/5000] Processing: ranch... ✓
[537/5000] Processing: pat... ✓
[538/5000] Processing: gerücht... ✓
[539/5000] Processing: jen... ✓
[540/5000] Processing: temperatur... ✓
  Progress: 540/1250 (43.2%) | Rate: 6.8 words/min | ETA: 104.2 min
[541/5000] Processing: weggenommen... ✓
[542/5000] Processing: tickets... ✓
[543/5000] Processing: li... ✓
[544/5000] Processing: ablenken... ✓
[545/5000] Processing: verletzung... ✓
[546/5000] Processing: anwesend... ✓
[547/5000] Processing: umlegen... ✓
[548/5000] Processing: einfachen... ✓
[549/5000] Processing: gehorchen... ✓
[550/5000] Processing: gemalt... ✓
  Progress: 550/1250 (44.0%) | Rate: 6.8 words/min | ETA: 102.8 min
[551/5000] Processing: duncan... ✓
[552/5000] Processing: räuber... ✓
[553/5000] Processing: adler... ✓
[554/5000] Processing: süßigkeiten... ✓
[555/5000] Processing: lunge... ✓
[556/5000] Processing: zurückziehen... ✓
[557/5000] Processing: wyatt... ✓
[558/5000] Processing: sonnenuntergang... ✓
[559/5000] Processing: oper... ✓
[560/5000] Processing: agentur... ✓
  Progress: 560/1250 (44.8%) | Rate: 6.8 words/min | ETA: 101.1 min
[561/5000] Processing: kühe... ✓
[562/5000] Processing: aufräumen... ✓
[563/5000] Processing: krach... ✓
[564/5000] Processing: sharon... ✓
[565/5000] Processing: ablehnen... ✓
[566/5000] Processing: graham... ✓
[567/5000] Processing: pfeil... ✓
[568/5000] Processing: unbekannte... ✓
[569/5000] Processing: aussprechen... ✓
[570/5000] Processing: route... ✓
  Progress: 570/1250 (45.6%) | Rate: 6.8 words/min | ETA: 99.6 min
[571/5000] Processing: emotional... ✓
[572/5000] Processing: belästigen... ✓
[573/5000] Processing: kälte... ✓
[574/5000] Processing: sektor... ✓
[575/5000] Processing: blockiert... ✓
[576/5000] Processing: öffentliche... ✓
[577/5000] Processing: schweden... ✓
[578/5000] Processing: gates... ✓
[579/5000] Processing: häuptling... ✓
[580/5000] Processing: märz... ✓
  Progress: 580/1250 (46.4%) | Rate: 6.8 words/min | ETA: 98.2 min
[581/5000] Processing: nummern... ✓
[582/5000] Processing: dar... ✓
[583/5000] Processing: irrst... ✓
[584/5000] Processing: leite... ✓
[585/5000] Processing: frosch... ✓
[586/5000] Processing: vorübergehend... ✓
[587/5000] Processing: büchern... ✓
[588/5000] Processing: mick... ✓
[589/5000] Processing: miese... ✓
[590/5000] Processing: anfangs... ✓
  Progress: 590/1250 (47.2%) | Rate: 6.8 words/min | ETA: 96.8 min
[591/5000] Processing: verwandt... ✓
[592/5000] Processing: gefährdet... ✓
[593/5000] Processing: cola... ✓
[594/5000] Processing: falscher... ✓
[595/5000] Processing: kara... ✓
[596/5000] Processing: verängstigt... ✓
[597/5000] Processing: quellen... ✓
[598/5000] Processing: republik... ✓
[599/5000] Processing: us... ✓
[600/5000] Processing: silber... ✓
  Progress: 600/1250 (48.0%) | Rate: 6.8 words/min | ETA: 95.4 min
[601/5000] Processing: aß... ✓
[602/5000] Processing: umschlag... ✓
[603/5000] Processing: freust... ✓
[604/5000] Processing: hinsicht... ✓
[605/5000] Processing: ereignis... ✓
[606/5000] Processing: beschissene... ✓
[607/5000] Processing: vergraben... ✓
[608/5000] Processing: gebunden... ✓
[609/5000] Processing: marion... ✓
[610/5000] Processing: ente... ✓
  Progress: 610/1250 (48.8%) | Rate: 6.8 words/min | ETA: 93.9 min
[611/5000] Processing: gläser... ✓
[612/5000] Processing: kommentar... ✓
[613/5000] Processing: doppelte... ✓
[614/5000] Processing: boris... ✓
[615/5000] Processing: sanfte... ✓
[616/5000] Processing: gibbs... ✓
[617/5000] Processing: lola... ✓
[618/5000] Processing: buck... ✓
[619/5000] Processing: zivilisation... ✓
[620/5000] Processing: tiefen... ✓
  Progress: 620/1250 (49.6%) | Rate: 6.8 words/min | ETA: 92.3 min
[621/5000] Processing: reicher... ✓
[622/5000] Processing: verhaftung... ✓
[623/5000] Processing: meldung... ✓
[624/5000] Processing: bohnen... ✓
[625/5000] Processing: pfeifen... ✓
[626/5000] Processing: hall... ✓
[627/5000] Processing: leon... ✓
[628/5000] Processing: raketen... ✓
[629/5000] Processing: gutem... ✓
[630/5000] Processing: versetzen... ✓
  Progress: 630/1250 (50.4%) | Rate: 6.8 words/min | ETA: 90.8 min
[631/5000] Processing: ziege... ✓
[632/5000] Processing: löwe... ✓
[633/5000] Processing: cat... ✓
[634/5000] Processing: central... ✓
[635/5000] Processing: tötest... ✓
[636/5000] Processing: pierce... ✓
[637/5000] Processing: privatsphäre... ✓
[638/5000] Processing: büßen... ✓
[639/5000] Processing: kalten... ✓
[640/5000] Processing: eid... ✓
  Progress: 640/1250 (51.2%) | Rate: 6.8 words/min | ETA: 89.3 min
[641/5000] Processing: burschen... ✓
[642/5000] Processing: zweit... ✓
[643/5000] Processing: unterscheiden... ✓
[644/5000] Processing: gerechnet... ✓
[645/5000] Processing: telegramm... ✓
[646/5000] Processing: sprecht... ✓
[647/5000] Processing: babysitter... ✓
[648/5000] Processing: pfad... ✓
[649/5000] Processing: getanzt... ✓
[650/5000] Processing: mafia... ✓
  Progress: 650/1250 (52.0%) | Rate: 6.8 words/min | ETA: 87.9 min
[651/5000] Processing: verteidigt... ✓
[652/5000] Processing: abschalten... ✓
[653/5000] Processing: wellen... ✓
[654/5000] Processing: besoffen... ✓
[655/5000] Processing: diensten... ✓
[656/5000] Processing: abschließen... ✓
[657/5000] Processing: angehalten... ✓
[658/5000] Processing: doyle... ✓
[659/5000] Processing: assistent... ✓
[660/5000] Processing: ketten... ✓
  Progress: 660/1250 (52.8%) | Rate: 6.8 words/min | ETA: 86.5 min
[661/5000] Processing: reist... ✓
[662/5000] Processing: merkst... ✓
[663/5000] Processing: bot... ✓
[664/5000] Processing: gwen... ✓
[665/5000] Processing: inwiefern... ✓
[666/5000] Processing: pille... ✓
[667/5000] Processing: bock... ✓
[668/5000] Processing: korb... ✓
[669/5000] Processing: herrschaften... ✓
[670/5000] Processing: en... ✓
  Progress: 670/1250 (53.6%) | Rate: 6.8 words/min | ETA: 84.9 min
[671/5000] Processing: bedauern... ✓
[672/5000] Processing: angefasst... ✓
[673/5000] Processing: heißer... ✓
[674/5000] Processing: aufrichtig... ✓
[675/5000] Processing: conrad... ✓
[676/5000] Processing: versorgen... ✓
[677/5000] Processing: sperren... ✓
[678/5000] Processing: naiv... ✓
[679/5000] Processing: mauern... ✓
[680/5000] Processing: hugo... ✓
  Progress: 680/1250 (54.4%) | Rate: 6.8 words/min | ETA: 83.5 min
[681/5000] Processing: erweisen... ✓
[682/5000] Processing: zurücklassen... ✓
[683/5000] Processing: samurai... ✓
[684/5000] Processing: hoffnungen... ✓
[685/5000] Processing: feststellen... ✓
[686/5000] Processing: finch... ✓
[687/5000] Processing: mandanten... ✓
[688/5000] Processing: quartier... ✓
[689/5000] Processing: philippe... ✓
[690/5000] Processing: neidisch... ✓
  Progress: 690/1250 (55.2%) | Rate: 6.8 words/min | ETA: 82.0 min
[691/5000] Processing: alicia... ✓
[692/5000] Processing: chips... ✓
[693/5000] Processing: zugelassen... ✓
[694/5000] Processing: weibliche... ✓
[695/5000] Processing: schlauer... ✓
[696/5000] Processing: vorwürfe... ✓
[697/5000] Processing: aushalten... ✓
[698/5000] Processing: einschlafen... ✓
[699/5000] Processing: transport... ✓
[700/5000] Processing: laptop... ✓
  Progress: 700/1250 (56.0%) | Rate: 6.8 words/min | ETA: 80.5 min
[701/5000] Processing: arrangieren... ✓
[702/5000] Processing: städte... ✓
[703/5000] Processing: vorzustellen... ✓
[704/5000] Processing: unterm... ✓
[705/5000] Processing: flash... ✓
[706/5000] Processing: u-bahn... ✓
[707/5000] Processing: status... ✓
[708/5000] Processing: bond... ✓
[709/5000] Processing: stephanie... ✓
[710/5000] Processing: zweifellos... ✓
  Progress: 710/1250 (56.8%) | Rate: 6.8 words/min | ETA: 79.1 min
[711/5000] Processing: rückwärts... ✓
[712/5000] Processing: skandal... ✓
[713/5000] Processing: angebracht... ✓
[714/5000] Processing: pressen... ✓
[715/5000] Processing: tschuldigung... ✓
[716/5000] Processing: papierkram... ✓
[717/5000] Processing: trat... ✓
[718/5000] Processing: gemeinschaft... ✓
[719/5000] Processing: instinkt... ✓
[720/5000] Processing: flitterwochen... ✓
  Progress: 720/1250 (57.6%) | Rate: 6.8 words/min | ETA: 77.6 min
[721/5000] Processing: narbe... ✓
[722/5000] Processing: kombination... ✓
[723/5000] Processing: vorgesetzten... ✓
[724/5000] Processing: ausprobieren... ✓
[725/5000] Processing: solcher... ✓
[726/5000] Processing: sexuelle... ✓
[727/5000] Processing: geliebter... ✓
[728/5000] Processing: julien... ✓
[729/5000] Processing: lauren... ✓
[730/5000] Processing: ignoriert... ✓
  Progress: 730/1250 (58.4%) | Rate: 6.8 words/min | ETA: 76.1 min
[731/5000] Processing: leslie... ✓
[732/5000] Processing: zogen... ✓
[733/5000] Processing: zahnarzt... ✓
[734/5000] Processing: gelitten... ✓
[735/5000] Processing: zutritt... ✓
[736/5000] Processing: vergewaltigung... ✓
[737/5000] Processing: drehe... ✓
[738/5000] Processing: ertrage... ✓
[739/5000] Processing: andern... ✓
[740/5000] Processing: streich... ✓
  Progress: 740/1250 (59.2%) | Rate: 6.8 words/min | ETA: 74.8 min
[741/5000] Processing: kichert... ✓
[742/5000] Processing: sternenflotte... ✓
[743/5000] Processing: kreaturen... ✓
[744/5000] Processing: reif... ✓
[745/5000] Processing: übermorgen... ✓
[746/5000] Processing: dicker... ✓
[747/5000] Processing: got... ✓
[748/5000] Processing: nest... ✓
[749/5000] Processing: angerichtet... ✓
[750/5000] Processing: verklagen... ✓
  Progress: 750/1250 (60.0%) | Rate: 6.8 words/min | ETA: 73.4 min
[751/5000] Processing: helm... ✓
[752/5000] Processing: bingo... ✓
[753/5000] Processing: vergleichen... ✓
[754/5000] Processing: schweiz... ✓
[755/5000] Processing: bemerken... ✓
[756/5000] Processing: herbst... ✓
[757/5000] Processing: meredith... ✓
[758/5000] Processing: zurückholen... ✓
[759/5000] Processing: nazis... ✓
[760/5000] Processing: stamm... ✓
  Progress: 760/1250 (60.8%) | Rate: 6.8 words/min | ETA: 72.1 min
[761/5000] Processing: auswahl... ✓
[762/5000] Processing: braves... ✓
[763/5000] Processing: sichergehen... ✓
[764/5000] Processing: antreten... ✓
[765/5000] Processing: lester... ✓
[766/5000] Processing: vorstand... ✓
[767/5000] Processing: sdi... ✓
[768/5000] Processing: robbie... ✓
[769/5000] Processing: organisieren... ✓
[770/5000] Processing: tank... ✓
  Progress: 770/1250 (61.6%) | Rate: 6.8 words/min | ETA: 70.7 min
[771/5000] Processing: let... ✓
[772/5000] Processing: besprechung... ✓
[773/5000] Processing: studium... ✓
[774/5000] Processing: gossip... ✓
[775/5000] Processing: kreditkarte... ✓
[776/5000] Processing: schwuchtel... ✓
[777/5000] Processing: profil... ✓
[778/5000] Processing: donner... ✓
[779/5000] Processing: drake... ✓
[780/5000] Processing: schrecken... ✓
  Progress: 780/1250 (62.4%) | Rate: 6.8 words/min | ETA: 69.3 min
[781/5000] Processing: stall... ✓
[782/5000] Processing: saßen... ✓
[783/5000] Processing: quitt... ✓
[784/5000] Processing: hotels... ✓
[785/5000] Processing: respektiere... ✓
[786/5000] Processing: kandidaten... ✓
[787/5000] Processing: schulen... ✓
[788/5000] Processing: crane... ✓
[789/5000] Processing: geschäftsmann... ✓
[790/5000] Processing: arnold... ✓
  Progress: 790/1250 (63.2%) | Rate: 6.8 words/min | ETA: 67.9 min
[791/5000] Processing: läutet... ✓
[792/5000] Processing: lachst... ✓
[793/5000] Processing: champion... ✓
[794/5000] Processing: unverständlich... ✓
[795/5000] Processing: ermorden... ✓
[796/5000] Processing: betracht... ✓
[797/5000] Processing: schadet... ✓
[798/5000] Processing: fester... ✓
[799/5000] Processing: aah... ✓
[800/5000] Processing: rühren... ✓
  Progress: 800/1250 (64.0%) | Rate: 6.8 words/min | ETA: 66.6 min
[801/5000] Processing: geregelt... ✓
[802/5000] Processing: unterbrochen... ✓
[803/5000] Processing: angesicht... ✓
[804/5000] Processing: kriminellen... ✓
[805/5000] Processing: when... ✓
[806/5000] Processing: helena... ✓
[807/5000] Processing: einzelheiten... ✓
[808/5000] Processing: anlügen... ✓
[809/5000] Processing: beschütze... ✓
[810/5000] Processing: stattfinden... ✓
  Progress: 810/1250 (64.8%) | Rate: 6.7 words/min | ETA: 65.2 min
[811/5000] Processing: dads... ✓
[812/5000] Processing: fortschritt... ✓
[813/5000] Processing: gelingt... ✓
[814/5000] Processing: feierabend... ✓
[815/5000] Processing: feste... ✓
[816/5000] Processing: burger... ✓
[817/5000] Processing: spannend... ✓
[818/5000] Processing: deputy... ✓
[819/5000] Processing: einnehmen... ✓
[820/5000] Processing: schalte... ✓
  Progress: 820/1250 (65.6%) | Rate: 6.7 words/min | ETA: 63.7 min
[821/5000] Processing: passwort... ✓
[822/5000] Processing: würstchen... ✓
[823/5000] Processing: mittlerweile... ✓
[824/5000] Processing: aufzugeben... ✓
[825/5000] Processing: führst... ✓
[826/5000] Processing: harper... ✓
[827/5000] Processing: zivilisten... ✓
[828/5000] Processing: ewige... ✓
[829/5000] Processing: emotionen... ✓
[830/5000] Processing: beurteilen... ✓
  Progress: 830/1250 (66.4%) | Rate: 6.8 words/min | ETA: 62.2 min
[831/5000] Processing: käufer... ✓
[832/5000] Processing: stars... ✓
[833/5000] Processing: erwachsenen... ✓
[834/5000] Processing: division... ✓
[835/5000] Processing: aufzunehmen... ✓
[836/5000] Processing: booth... ✓
[837/5000] Processing: werft... ✓
[838/5000] Processing: ältere... ✓
[839/5000] Processing: banken... ✓
[840/5000] Processing: kätzchen... ✓
  Progress: 840/1250 (67.2%) | Rate: 6.8 words/min | ETA: 60.7 min
[841/5000] Processing: option... ✓
[842/5000] Processing: heiratest... ✓
[843/5000] Processing: rettete... ✓
[844/5000] Processing: aufstellen... ✓
[845/5000] Processing: husten... ✓
[846/5000] Processing: schublade... ✓
[847/5000] Processing: gestürzt... ✓
[848/5000] Processing: seattle... ✓
[849/5000] Processing: ankommt... ✓
[850/5000] Processing: befragt... ✓
  Progress: 850/1250 (68.0%) | Rate: 6.7 words/min | ETA: 59.3 min
[851/5000] Processing: buchstaben... ✓
[852/5000] Processing: spielten... ✓
[853/5000] Processing: gestiegen... ✓
[854/5000] Processing: abgefahren... ✓
[855/5000] Processing: gewaschen... ✓
[856/5000] Processing: anzunehmen... ✓
[857/5000] Processing: rob... ✓
[858/5000] Processing: anzahl... ✓
[859/5000] Processing: zombies... ✓
[860/5000] Processing: have... ✓
  Progress: 860/1250 (68.8%) | Rate: 6.7 words/min | ETA: 57.8 min
[861/5000] Processing: anhänger... ✓
[862/5000] Processing: gewisser... ✓
[863/5000] Processing: vorkommen... ✓
[864/5000] Processing: festnehmen... ✓
[865/5000] Processing: willow... ✓
[866/5000] Processing: medizinischen... ✓
[867/5000] Processing: kern... ✓
[868/5000] Processing: offene... ✓
[869/5000] Processing: gefeiert... ✓
[870/5000] Processing: anschließen... ✓
  Progress: 870/1250 (69.6%) | Rate: 6.8 words/min | ETA: 56.3 min
[871/5000] Processing: rico... ✓
[872/5000] Processing: clarke... ✓
[873/5000] Processing: erfindung... ✓
[874/5000] Processing: besserer... ✓
[875/5000] Processing: autopsie... ✓
[876/5000] Processing: rucksack... ✓
[877/5000] Processing: zwingt... ✓
[878/5000] Processing: gnädige... ✓
[879/5000] Processing: einsamkeit... ✓
[880/5000] Processing: gesprungen... ✓
  Progress: 880/1250 (70.4%) | Rate: 6.8 words/min | ETA: 54.7 min
[881/5000] Processing: t-shirt... ✓
[882/5000] Processing: geopfert... ✓
[883/5000] Processing: lena... ✓
[884/5000] Processing: beiseite... ✓
[885/5000] Processing: umgekehrt... ✓
[886/5000] Processing: geschworenen... ✓
[887/5000] Processing: draussen... ✓
[888/5000] Processing: ausgesprochen... ✓
[889/5000] Processing: beseitigen... ✓
[890/5000] Processing: burg... ✓
  Progress: 890/1250 (71.2%) | Rate: 6.8 words/min | ETA: 53.2 min
[891/5000] Processing: ausführen... ✓
[892/5000] Processing: gesperrt... ✓
[893/5000] Processing: carla... ✓
[894/5000] Processing: irrer... ✓
[895/5000] Processing: drehte... ✓
[896/5000] Processing: ersparen... ✓
[897/5000] Processing: force... ✓
[898/5000] Processing: frech... ✓
[899/5000] Processing: einziehen... ✓
[900/5000] Processing: kira... ✓
  Progress: 900/1250 (72.0%) | Rate: 6.8 words/min | ETA: 51.7 min
[901/5000] Processing: hot... ✓
[902/5000] Processing: genehmigung... ✓
[903/5000] Processing: tankstelle... ✓
[904/5000] Processing: versteckte... ✓
[905/5000] Processing: interessanter... ✓
[906/5000] Processing: schneider... ✓
[907/5000] Processing: gelb... ✓
[908/5000] Processing: et... ✓
[909/5000] Processing: gefährden... ✓
[910/5000] Processing: handtasche... ✓
  Progress: 910/1250 (72.8%) | Rate: 6.8 words/min | ETA: 50.2 min
[911/5000] Processing: urteilen... ✓
[912/5000] Processing: erhöht... ✓
[913/5000] Processing: preise... ✓
[914/5000] Processing: bumm... ✓
[915/5000] Processing: unbekannten... ✓
[916/5000] Processing: gelten... ✓
[917/5000] Processing: life... ✓
[918/5000] Processing: butler... ✓
[919/5000] Processing: möglichst... ✓
[920/5000] Processing: münze... ✓
  Progress: 920/1250 (73.6%) | Rate: 6.8 words/min | ETA: 48.7 min
[921/5000] Processing: singe... ✓
[922/5000] Processing: saison... ✓
[923/5000] Processing: andrea... ✓
[924/5000] Processing: partnerin... ✓
[925/5000] Processing: haltung... ✓
[926/5000] Processing: vollidiot... ✓
[927/5000] Processing: fasst... ✓
[928/5000] Processing: winston... ✓
[929/5000] Processing: minus... ✓
[930/5000] Processing: pflichten... ✓
  Progress: 930/1250 (74.4%) | Rate: 6.8 words/min | ETA: 47.1 min
[931/5000] Processing: spar... 