============================================================
German-English Dictionary Builder (Parallel)
============================================================
Total words in list: 5000
Processing range: 1250 to 2500 (1250 words)

Processing words 1251 to 2500 (1250 words)
Output: german_english_dict_batch2_part_2.json
Rate limit: 4s between requests

[1251/5000] Processing: kaufst... ✓
[1252/5000] Processing: abbrechen... ✓
[1253/5000] Processing: seife... ✓
[1254/5000] Processing: herde... ✓
[1255/5000] Processing: zwerg... ✓
[1256/5000] Processing: brandon... ✓
[1257/5000] Processing: neffen... ✓
[1258/5000] Processing: festgehalten... ✓
[1259/5000] Processing: ablenkung... ✓
[1260/5000] Processing: totale... ✓
  Progress: 10/1250 (0.8%) | Rate: 6.9 words/min | ETA: 179.9 min
[1261/5000] Processing: herrscher... ✓
[1262/5000] Processing: überstehen... ✓
[1263/5000] Processing: sprengstoff... ✓
[1264/5000] Processing: mikey... ✓
[1265/5000] Processing: erdbeben... ✓
[1266/5000] Processing: level... ✓
[1267/5000] Processing: australien... ✓
[1268/5000] Processing: figuren... ✓
[1269/5000] Processing: älteren... ✓
[1270/5000] Processing: lynn... ✓
  Progress: 20/1250 (1.6%) | Rate: 7.1 words/min | ETA: 173.1 min
[1271/5000] Processing: po... ✓
[1272/5000] Processing: theo... ✓
[1273/5000] Processing: spinnt... ✓
[1274/5000] Processing: gleichgewicht... ✓
[1275/5000] Processing: schalter... ✓
[1276/5000] Processing: kumpels... ✓
[1277/5000] Processing: zuneigung... ✓
[1278/5000] Processing: rollstuhl... ✓
[1279/5000] Processing: bienen... ✓
[1280/5000] Processing: mischen... ✓
  Progress: 30/1250 (2.4%) | Rate: 7.0 words/min | ETA: 174.7 min
[1281/5000] Processing: hauptstadt... ✓
[1282/5000] Processing: koks... ✓
[1283/5000] Processing: piepen... ✓
[1284/5000] Processing: langem... ✓
[1285/5000] Processing: umsehen... ✓
[1286/5000] Processing: gelegen... ✓
[1287/5000] Processing: em... ✓
[1288/5000] Processing: banditen... ✓
[1289/5000] Processing: hasste... ✓
[1290/5000] Processing: getestet... ✓
  Progress: 40/1250 (3.2%) | Rate: 6.7 words/min | ETA: 180.4 min
[1291/5000] Processing: camille... ✓
[1292/5000] Processing: brody... ✓
[1293/5000] Processing: dosis... ✓
[1294/5000] Processing: glaubten... ✓
[1295/5000] Processing: somit... ✓
[1296/5000] Processing: ernähren... ✓
[1297/5000] Processing: hacken... ✓
[1298/5000] Processing: kammer... ✓
[1299/5000] Processing: lenny... ✓
[1300/5000] Processing: roll... ✓
  Progress: 50/1250 (4.0%) | Rate: 6.7 words/min | ETA: 179.2 min
[1301/5000] Processing: bezaubernd... ✓
[1302/5000] Processing: wiederholt... ✓
[1303/5000] Processing: zueinander... ✓
[1304/5000] Processing: tattoo... ✓
[1305/5000] Processing: melanie... ✓
[1306/5000] Processing: einschließlich... ✓
[1307/5000] Processing: randall... ✓
[1308/5000] Processing: finsternis... ✓
[1309/5000] Processing: wallace... ✓
[1310/5000] Processing: betrachte... ✓
  Progress: 60/1250 (4.8%) | Rate: 6.7 words/min | ETA: 176.9 min
[1311/5000] Processing: schmerzt... ✓
[1312/5000] Processing: gelehrt... ✓
[1313/5000] Processing: gewechselt... ✓
[1314/5000] Processing: menschliches... ✓
[1315/5000] Processing: redete... ✓
[1316/5000] Processing: frühen... ✓
[1317/5000] Processing: voyager... ✓
[1318/5000] Processing: caleb... ✓
[1319/5000] Processing: entdeckte... ✓
[1320/5000] Processing: wirkte... ✓
  Progress: 70/1250 (5.6%) | Rate: 6.7 words/min | ETA: 177.0 min
[1321/5000] Processing: versprichst... ✓
[1322/5000] Processing: scheine... ✓
[1323/5000] Processing: transporter... ✓
[1324/5000] Processing: moderne... ✓
[1325/5000] Processing: elijah... ✓
[1326/5000] Processing: wilder... ✓
[1327/5000] Processing: abgelenkt... ✓
[1328/5000] Processing: abzug... ✓
[1329/5000] Processing: north... ✓
[1330/5000] Processing: becher... ✓
  Progress: 80/1250 (6.4%) | Rate: 6.7 words/min | ETA: 173.5 min
[1331/5000] Processing: sicherstellen... ✓
[1332/5000] Processing: anweisung... ✓
[1333/5000] Processing: klettern... ✓
[1334/5000] Processing: fingern... ✓
[1335/5000] Processing: geste... ✓
[1336/5000] Processing: spürst... ✓
[1337/5000] Processing: privatleben... ✓
[1338/5000] Processing: zusammenarbeit... ✓
[1339/5000] Processing: hinauf... ✓
[1340/5000] Processing: si... ✓
  Progress: 90/1250 (7.2%) | Rate: 6.7 words/min | ETA: 172.9 min
[1341/5000] Processing: tokio... ✓
[1342/5000] Processing: sicherheitsdienst... ✓
[1343/5000] Processing: kaugummi... ✓
[1344/5000] Processing: weltkrieg... ✓
[1345/5000] Processing: huren... ✓
[1346/5000] Processing: foster... ✓
[1347/5000] Processing: gemeinsamen... ✓
[1348/5000] Processing: garantieren... ✓
[1349/5000] Processing: wells... ✓
[1350/5000] Processing: ln... ✓
  Progress: 100/1250 (8.0%) | Rate: 6.8 words/min | ETA: 169.5 min
[1351/5000] Processing: antonio... ✓
[1352/5000] Processing: kommunizieren... ✓
[1353/5000] Processing: cm... ✓
[1354/5000] Processing: marc... ✓
[1355/5000] Processing: blieben... ✓
[1356/5000] Processing: technisch... ✓
[1357/5000] Processing: frühstücken... ✓
[1358/5000] Processing: ve... ✓
[1359/5000] Processing: khan... ✓
[1360/5000] Processing: billiger... ✓
  Progress: 110/1250 (8.8%) | Rate: 6.8 words/min | ETA: 167.8 min
[1361/5000] Processing: elaine... ✓
[1362/5000] Processing: standort... ✓
[1363/5000] Processing: wagt... ✓
[1364/5000] Processing: leugnen... ✓
[1365/5000] Processing: beißt... ✓
[1366/5000] Processing: landung... ✓
[1367/5000] Processing: ernste... ✓
[1368/5000] Processing: schockiert... ✓
[1369/5000] Processing: esst... ✓
[1370/5000] Processing: begleitung... ✓
  Progress: 120/1250 (9.6%) | Rate: 6.8 words/min | ETA: 165.8 min
[1371/5000] Processing: allianz... ✓
[1372/5000] Processing: vermutet... ✓
[1373/5000] Processing: echo... ✓
[1374/5000] Processing: herstellen... ✓
[1375/5000] Processing: lars... ✓
[1376/5000] Processing: lokal... ✓
[1377/5000] Processing: sklave... ✓
[1378/5000] Processing: honig... ✓
[1379/5000] Processing: videos... ✓
[1380/5000] Processing: verkehrt... ✓
  Progress: 130/1250 (10.4%) | Rate: 6.9 words/min | ETA: 163.2 min
[1381/5000] Processing: göttin... ✓
[1382/5000] Processing: segeln... ✓
[1383/5000] Processing: bewahrt... ✓
[1384/5000] Processing: cass... ✓
[1385/5000] Processing: hinterließ... ✓
[1386/5000] Processing: ganzer... ✓
[1387/5000] Processing: cody... ✓
[1388/5000] Processing: doris... ✓
[1389/5000] Processing: verurteilen... ✓
[1390/5000] Processing: höchsten... ✓
  Progress: 140/1250 (11.2%) | Rate: 6.9 words/min | ETA: 161.4 min
[1391/5000] Processing: februar... ✓
[1392/5000] Processing: privaten... ✓
[1393/5000] Processing: burke... ✓
[1394/5000] Processing: begegnung... ✓
[1395/5000] Processing: steige... ✓
[1396/5000] Processing: feuerwehr... ✓
[1397/5000] Processing: apollo... ✓
[1398/5000] Processing: beginne... ✓
[1399/5000] Processing: ähnliches... ✓
[1400/5000] Processing: stevens... ✓
  Progress: 150/1250 (12.0%) | Rate: 6.9 words/min | ETA: 159.5 min
[1401/5000] Processing: grauen... ✓
[1402/5000] Processing: wärter... ✓
[1403/5000] Processing: gewann... ✓
[1404/5000] Processing: vertreter... ✓
[1405/5000] Processing: starker... ✓
[1406/5000] Processing: liebend... ✓
[1407/5000] Processing: marge... ✓
[1408/5000] Processing: schoß... ✓
[1409/5000] Processing: serviert... ✓
[1410/5000] Processing: heilig... ✓
  Progress: 160/1250 (12.8%) | Rate: 6.9 words/min | ETA: 158.5 min
[1411/5000] Processing: bißchen... ✓
[1412/5000] Processing: security... ✓
[1413/5000] Processing: genaue... ✓
[1414/5000] Processing: wally... ✓
[1415/5000] Processing: gewaltig... ✓
[1416/5000] Processing: knoten... ✓
[1417/5000] Processing: begriffen... ✓
[1418/5000] Processing: klarstellen... ✓
[1419/5000] Processing: chwhite... ✓
[1420/5000] Processing: hinrichtung... ✓
  Progress: 170/1250 (13.6%) | Rate: 6.9 words/min | ETA: 157.4 min
[1421/5000] Processing: überwinden... ✓
[1422/5000] Processing: ablegen... ✓
[1423/5000] Processing: einfällt... ✓
[1424/5000] Processing: wundert... ✓
[1425/5000] Processing: stimmte... ✓
[1426/5000] Processing: drohen... ✓
[1427/5000] Processing: madison... ✓
[1428/5000] Processing: entgehen... ✓
[1429/5000] Processing: stundenlang... ✓
[1430/5000] Processing: hausmeister... ✓
  Progress: 180/1250 (14.4%) | Rate: 6.8 words/min | ETA: 156.7 min
[1431/5000] Processing: helikopter... ✓
[1432/5000] Processing: beverly... ✓
[1433/5000] Processing: puppen... ✓
[1434/5000] Processing: aussah... ✓
[1435/5000] Processing: night... ✓
[1436/5000] Processing: beobachte... ✓
[1437/5000] Processing: check... ✓
[1438/5000] Processing: juwelen... ✓
[1439/5000] Processing: bogen... ✓
[1440/5000] Processing: duft... ✓
  Progress: 190/1250 (15.2%) | Rate: 6.8 words/min | ETA: 155.1 min
[1441/5000] Processing: ankam... ✓
[1442/5000] Processing: respektiert... ✓
[1443/5000] Processing: non... ✓
[1444/5000] Processing: schein... ✓
[1445/5000] Processing: gewehre... ✓
[1446/5000] Processing: kellnerin... ✓
[1447/5000] Processing: vertraulich... ✓
[1448/5000] Processing: insgesamt... ✓
[1449/5000] Processing: ächzen... ✓
[1450/5000] Processing: untersuchungen... ✓
  Progress: 200/1250 (16.0%) | Rate: 6.8 words/min | ETA: 153.8 min
[1451/5000] Processing: fliegst... ✓
[1452/5000] Processing: platt... ✓
[1453/5000] Processing: aufrecht... ✓
[1454/5000] Processing: geprüft... ✓
[1455/5000] Processing: hammond... ✓
[1456/5000] Processing: bedient... ✓
[1457/5000] Processing: mangel... ✓
[1458/5000] Processing: hoher... ✓
[1459/5000] Processing: knien... ✓
[1460/5000] Processing: hobby... ✓
  Progress: 210/1250 (16.8%) | Rate: 6.8 words/min | ETA: 152.5 min
[1461/5000] Processing: ling... ✓
[1462/5000] Processing: ivan... ✓
[1463/5000] Processing: nachtisch... ✓
[1464/5000] Processing: kollegin... ✓
[1465/5000] Processing: edwards... ✓
[1466/5000] Processing: alptraum... ✓
[1467/5000] Processing: regina... ✓
[1468/5000] Processing: ausgesehen... ✓
[1469/5000] Processing: reichtum... ✓
[1470/5000] Processing: überaus... ✓
  Progress: 220/1250 (17.6%) | Rate: 6.9 words/min | ETA: 150.2 min
[1471/5000] Processing: eisen... ✓
[1472/5000] Processing: beamen... ✓
[1473/5000] Processing: haftbefehl... ✓
[1474/5000] Processing: verletzte... ✓
[1475/5000] Processing: buchstäblich... ✓
[1476/5000] Processing: größter... ✓
[1477/5000] Processing: sylvia... ✓
[1478/5000] Processing: flieg... ✓
[1479/5000] Processing: dreckige... ✓
[1480/5000] Processing: erfinden... ✓
  Progress: 230/1250 (18.4%) | Rate: 6.8 words/min | ETA: 149.3 min
[1481/5000] Processing: ernte... ✓
[1482/5000] Processing: kamin... ✓
[1483/5000] Processing: scotty... ✓
[1484/5000] Processing: weste... ✓
[1485/5000] Processing: sahst... ✓
[1486/5000] Processing: kennzeichen... ✓
[1487/5000] Processing: grayson... ✓
[1488/5000] Processing: kronen... ✓
[1489/5000] Processing: wage... ✓
[1490/5000] Processing: siegen... ✓
  Progress: 240/1250 (19.2%) | Rate: 6.9 words/min | ETA: 147.3 min
[1491/5000] Processing: verlobten... ✓
[1492/5000] Processing: edgar... ✓
[1493/5000] Processing: afghanistan... ✓
[1494/5000] Processing: würdig... ✓
[1495/5000] Processing: aufwacht... ✓
[1496/5000] Processing: gratulieren... ✓
[1497/5000] Processing: schwager... ✓
[1498/5000] Processing: violet... ✓
[1499/5000] Processing: infos... ✓
[1500/5000] Processing: föderation... ✓
  Progress: 250/1250 (20.0%) | Rate: 6.9 words/min | ETA: 145.7 min
[1501/5000] Processing: dose... ✓
[1502/5000] Processing: wärme... ✓
[1503/5000] Processing: erschienen... ✓
[1504/5000] Processing: magazin... ✓
[1505/5000] Processing: klemme... ✓
[1506/5000] Processing: schenkt... ✓
[1507/5000] Processing: min... ✓
[1508/5000] Processing: wars... ✓
[1509/5000] Processing: verstoßen... ✓
[1510/5000] Processing: nicholas... ✓
  Progress: 260/1250 (20.8%) | Rate: 6.8 words/min | ETA: 144.6 min
[1511/5000] Processing: georgia... ✓
[1512/5000] Processing: kräftig... ✓
[1513/5000] Processing: herzens... ✓
[1514/5000] Processing: mel... ✓
[1515/5000] Processing: nachbarin... ✓
[1516/5000] Processing: igitt... ✓
[1517/5000] Processing: formel... ✓
[1518/5000] Processing: bro... ✓
[1519/5000] Processing: hervor... ✓
[1520/5000] Processing: wohnwagen... ✓
  Progress: 270/1250 (21.6%) | Rate: 6.9 words/min | ETA: 142.6 min
[1521/5000] Processing: wegwerfen... ✓
[1522/5000] Processing: spinne... ✓
[1523/5000] Processing: tumor... ✓
[1524/5000] Processing: bezahlung... ✓
[1525/5000] Processing: päckchen... ✓
[1526/5000] Processing: grob... ✓
[1527/5000] Processing: nagel... ✓
[1528/5000] Processing: donovan... ✓
[1529/5000] Processing: starren... ✓
[1530/5000] Processing: vertreiben... ✓
  Progress: 280/1250 (22.4%) | Rate: 6.9 words/min | ETA: 141.1 min
[1531/5000] Processing: wirkst... ✓
[1532/5000] Processing: traust... ✓
[1533/5000] Processing: heiratete... ✓
[1534/5000] Processing: take... ✓
[1535/5000] Processing: neuesten... ✓
[1536/5000] Processing: e-mails... ✓
[1537/5000] Processing: gitter... ✓
[1538/5000] Processing: blocks... ✓
[1539/5000] Processing: erobern... ✓
[1540/5000] Processing: gin... ✓
  Progress: 290/1250 (23.2%) | Rate: 6.9 words/min | ETA: 139.8 min
[1541/5000] Processing: spinnen... ✓
[1542/5000] Processing: gestalt... ✓
[1543/5000] Processing: liter... ✓
[1544/5000] Processing: patty... ✓
[1545/5000] Processing: drew... ✓
[1546/5000] Processing: illusion... ✓
[1547/5000] Processing: plaudern... ✓
[1548/5000] Processing: schneidet... ✓
[1549/5000] Processing: welle... ✓
[1550/5000] Processing: samuel... ✓
  Progress: 300/1250 (24.0%) | Rate: 6.9 words/min | ETA: 138.5 min
[1551/5000] Processing: haft... ✓
[1552/5000] Processing: seltsamen... ✓
[1553/5000] Processing: spannung... ✓
[1554/5000] Processing: knallt... ✓
[1555/5000] Processing: zurückzukehren... ✓
[1556/5000] Processing: bestimmung... ✓
[1557/5000] Processing: tresor... ✓
[1558/5000] Processing: amber... ✓
[1559/5000] Processing: verfluchten... ✓
[1560/5000] Processing: fischer... ✓
  Progress: 310/1250 (24.8%) | Rate: 6.8 words/min | ETA: 137.3 min
[1561/5000] Processing: verluste... ✓
[1562/5000] Processing: lehre... ✓
[1563/5000] Processing: jenna... ✓
[1564/5000] Processing: revolver... ✓
[1565/5000] Processing: schrott... ✓
[1566/5000] Processing: verbringt... ✓
[1567/5000] Processing: state... ✓
[1568/5000] Processing: wähle... ✓
[1569/5000] Processing: films... ✓
[1570/5000] Processing: vorhang... ✓
  Progress: 320/1250 (25.6%) | Rate: 6.9 words/min | ETA: 135.6 min
[1571/5000] Processing: mitspielen... ✓
[1572/5000] Processing: erregt... ✓
[1573/5000] Processing: arbeiteten... ✓
[1574/5000] Processing: aufgelöst... ✓
[1575/5000] Processing: überlass... ✓
[1576/5000] Processing: trag... ✓
[1577/5000] Processing: überein... ✓
[1578/5000] Processing: unterrichtet... ✓
[1579/5000] Processing: ungewöhnliches... ✓
[1580/5000] Processing: eve... ✓
  Progress: 330/1250 (26.4%) | Rate: 6.8 words/min | ETA: 134.7 min
[1581/5000] Processing: lagerhaus... ✓
[1582/5000] Processing: raub... ✓
[1583/5000] Processing: visionen... ✓
[1584/5000] Processing: firmen... ✓
[1585/5000] Processing: liv... ✓
[1586/5000] Processing: verhandlungen... ✓
[1587/5000] Processing: fickt... ✓
[1588/5000] Processing: verdorben... ✓
[1589/5000] Processing: produktion... ✓
[1590/5000] Processing: füreinander... ✓
  Progress: 340/1250 (27.2%) | Rate: 6.9 words/min | ETA: 132.8 min
[1591/5000] Processing: krankheiten... ✓
[1592/5000] Processing: reggie... ✓
[1593/5000] Processing: jeanne... ✓
[1594/5000] Processing: schräg... ✓
[1595/5000] Processing: belle... ✓
[1596/5000] Processing: bluten... ✓
[1597/5000] Processing: meinten... ✓
[1598/5000] Processing: beamten... ✓
[1599/5000] Processing: bereden... ✓
[1600/5000] Processing: claudia... ✓
  Progress: 350/1250 (28.0%) | Rate: 6.8 words/min | ETA: 131.5 min
[1601/5000] Processing: einmischen... ✓
[1602/5000] Processing: ärsche... ✓
[1603/5000] Processing: futter... ✓
[1604/5000] Processing: verknallt... ✓
[1605/5000] Processing: muschi... ✓
[1606/5000] Processing: beschuldigen... ✓
[1607/5000] Processing: aktien... ✓
[1608/5000] Processing: harrison... ✓
[1609/5000] Processing: scheißer... ✓
[1610/5000] Processing: sexuell... ✓
  Progress: 360/1250 (28.8%) | Rate: 6.8 words/min | ETA: 130.1 min
[1611/5000] Processing: kinderspiel... ✓
[1612/5000] Processing: torres... ✓
[1613/5000] Processing: magische... ✓
[1614/5000] Processing: dummheit... ✓
[1615/5000] Processing: gezahlt... ✓
[1616/5000] Processing: bewegungen... ✓
[1617/5000] Processing: karre... ✓
[1618/5000] Processing: abziehen... ✓
[1619/5000] Processing: bedarf... ✓
[1620/5000] Processing: üblichen... ✓
  Progress: 370/1250 (29.6%) | Rate: 6.8 words/min | ETA: 128.6 min
[1621/5000] Processing: umgelegt... ✓
[1622/5000] Processing: inhalt... ✓
[1623/5000] Processing: dankbarkeit... ✓
[1624/5000] Processing: peng... ✓
[1625/5000] Processing: herkommt... ✓
[1626/5000] Processing: geehrt... ✓
[1627/5000] Processing: träumte... ✓
[1628/5000] Processing: make-up... ✓
[1629/5000] Processing: verhört... ✓
[1630/5000] Processing: messe... ✓
  Progress: 380/1250 (30.4%) | Rate: 6.8 words/min | ETA: 127.6 min
[1631/5000] Processing: anwesen... ✓
[1632/5000] Processing: deutscher... ✓
[1633/5000] Processing: saubere... ✓
[1634/5000] Processing: gebete... ✓
[1635/5000] Processing: pommes... ✓
[1636/5000] Processing: toni... ✓
[1637/5000] Processing: lande... ✓
[1638/5000] Processing: ruht... ✓
[1639/5000] Processing: anerkennung... ✓
[1640/5000] Processing: wunderbaren... ✓
  Progress: 390/1250 (31.2%) | Rate: 6.8 words/min | ETA: 125.9 min
[1641/5000] Processing: galaxie... ✓
[1642/5000] Processing: vermutung... ✓
[1643/5000] Processing: inklusive... ✓
[1644/5000] Processing: überwachung... ✓
[1645/5000] Processing: unabhängig... ✓
[1646/5000] Processing: brien... ✓
[1647/5000] Processing: fernhalten... ✓
[1648/5000] Processing: statue... ✓
[1649/5000] Processing: bestätigung... ✓
[1650/5000] Processing: dawn... ✓
  Progress: 400/1250 (32.0%) | Rate: 6.8 words/min | ETA: 124.6 min
[1651/5000] Processing: finale... ✓
[1652/5000] Processing: verzweiflung... ✓
[1653/5000] Processing: gewährt... ✓
[1654/5000] Processing: deprimiert... ✓
[1655/5000] Processing: erteilen... ✓
[1656/5000] Processing: colin... ✓
[1657/5000] Processing: rahmen... ✓
[1658/5000] Processing: durchgedreht... ✓
[1659/5000] Processing: erteilt... ✓
[1660/5000] Processing: fotze... ✓
  Progress: 410/1250 (32.8%) | Rate: 6.8 words/min | ETA: 123.6 min
[1661/5000] Processing: fehlte... ✓
[1662/5000] Processing: verlorene... ✓
[1663/5000] Processing: kanonen... ✓
[1664/5000] Processing: kansas... ✓
[1665/5000] Processing: klub... ✓
[1666/5000] Processing: britischen... ✓
[1667/5000] Processing: aufzubauen... ✓
[1668/5000] Processing: jubeln... ✓
[1669/5000] Processing: ausgelöscht... ✓
[1670/5000] Processing: marianne... ✓
  Progress: 420/1250 (33.6%) | Rate: 6.8 words/min | ETA: 122.2 min
[1671/5000] Processing: stu... ✓
[1672/5000] Processing: servieren... ✓
[1673/5000] Processing: weltweit... ✓
[1674/5000] Processing: fotografieren... ✓
[1675/5000] Processing: niederlage... ✓
[1676/5000] Processing: zehen... ✓
[1677/5000] Processing: schwächen... ✓
[1678/5000] Processing: sternen... ✓
[1679/5000] Processing: sheila... ✓
[1680/5000] Processing: bemühen... ✓
  Progress: 430/1250 (34.4%) | Rate: 6.8 words/min | ETA: 120.9 min
[1681/5000] Processing: logik... ✓
[1682/5000] Processing: stillen... ✓
[1683/5000] Processing: bellows... ✓
[1684/5000] Processing: todesursache... ✓
[1685/5000] Processing: beschaffen... ✓
[1686/5000] Processing: abgezogen... ✓
[1687/5000] Processing: klassische... ✓
[1688/5000] Processing: außergewöhnlich... ✓
[1689/5000] Processing: gruppen... ✓
[1690/5000] Processing: schwarzes... ✓
  Progress: 440/1250 (35.2%) | Rate: 6.8 words/min | ETA: 119.6 min
[1691/5000] Processing: durchhalten... ✓
[1692/5000] Processing: lm... ✓
[1693/5000] Processing: weitergeht... ✓
[1694/5000] Processing: kooperieren... ✓
[1695/5000] Processing: mächtigen... ✓
[1696/5000] Processing: greif... ✓
[1697/5000] Processing: mehreren... ✓
[1698/5000] Processing: verschwindest... ✓
[1699/5000] Processing: forderungen... ✓
[1700/5000] Processing: anfall... ✓
  Progress: 450/1250 (36.0%) | Rate: 6.8 words/min | ETA: 118.3 min
[1701/5000] Processing: klare... ✓
[1702/5000] Processing: teresa... ✓
[1703/5000] Processing: wunderschönen... ✓
[1704/5000] Processing: bestehe... ✓
[1705/5000] Processing: verkaufte... ✓
[1706/5000] Processing: aufeinander... ✓
[1707/5000] Processing: garcia... ✓
[1708/5000] Processing: hässliche... ✓
[1709/5000] Processing: großem... ✓
[1710/5000] Processing: mitbekommen... ✓
  Progress: 460/1250 (36.8%) | Rate: 6.8 words/min | ETA: 116.9 min
[1711/5000] Processing: gate... ✓
[1712/5000] Processing: saul... ✓
[1713/5000] Processing: ingenieur... ✓
[1714/5000] Processing: campbell... ✓
[1715/5000] Processing: andenken... ✓
[1716/5000] Processing: eintreten... ✓
[1717/5000] Processing: kämpfte... ✓
[1718/5000] Processing: zustimmung... ✓
[1719/5000] Processing: besagt... ✓
[1720/5000] Processing: roter... ✓
  Progress: 470/1250 (37.6%) | Rate: 6.8 words/min | ETA: 115.4 min
[1721/5000] Processing: flamme... ✓
[1722/5000] Processing: aufzuhören... ✓
[1723/5000] Processing: dokument... ✓
[1724/5000] Processing: bishop... ✓
[1725/5000] Processing: schuhen... ✓
[1726/5000] Processing: timmy... ✓
[1727/5000] Processing: simone... ✓
[1728/5000] Processing: federn... ✓
[1729/5000] Processing: paps... ✓
[1730/5000] Processing: auswendig... ✓
  Progress: 480/1250 (38.4%) | Rate: 6.8 words/min | ETA: 113.8 min
[1731/5000] Processing: bundy... ✓
[1732/5000] Processing: spezielle... ✓
[1733/5000] Processing: experimente... ✓
[1734/5000] Processing: szenen... ✓
[1735/5000] Processing: gezählt... ✓
[1736/5000] Processing: pfannkuchen... ✓
[1737/5000] Processing: hase... ✓
[1738/5000] Processing: highway... ✓
[1739/5000] Processing: aufenthalt... ✓
[1740/5000] Processing: bennett... ✓
  Progress: 490/1250 (39.2%) | Rate: 6.8 words/min | ETA: 112.2 min
[1741/5000] Processing: devon... ✓
[1742/5000] Processing: polly... ✓
[1743/5000] Processing: verstecke... ✓
[1744/5000] Processing: summen... ✓
[1745/5000] Processing: blutung... ✓
[1746/5000] Processing: more... ✓
[1747/5000] Processing: heidi... ✓
[1748/5000] Processing: hilflos... ✓
[1749/5000] Processing: staatsanwaltschaft... ✓
[1750/5000] Processing: ehrlichkeit... ✓
  Progress: 500/1250 (40.0%) | Rate: 6.8 words/min | ETA: 110.5 min
[1751/5000] Processing: messen... ✓
[1752/5000] Processing: mächtige... ✓
[1753/5000] Processing: stur... ✓
[1754/5000] Processing: ringe... ✓
[1755/5000] Processing: weiterleben... ✓
[1756/5000] Processing: aufspüren... ✓
[1757/5000] Processing: keks... ✓
[1758/5000] Processing: rückgängig... ✓
[1759/5000] Processing: fünfte... ✓
[1760/5000] Processing: netflix... ✓
  Progress: 510/1250 (40.8%) | Rate: 6.8 words/min | ETA: 108.9 min
[1761/5000] Processing: mieten... ✓
[1762/5000] Processing: speziell... ✓
[1763/5000] Processing: neugier... ✓
[1764/5000] Processing: nägel... ✓
[1765/5000] Processing: ausgefallen... ✓
[1766/5000] Processing: glen... ✓
[1767/5000] Processing: verstorbenen... ✓
[1768/5000] Processing: verkleidet... ✓
[1769/5000] Processing: entdeckung... ✓
[1770/5000] Processing: rauche... ✓
  Progress: 520/1250 (41.6%) | Rate: 6.8 words/min | ETA: 107.4 min
[1771/5000] Processing: betteln... ✓
[1772/5000] Processing: blond... ✓
[1773/5000] Processing: cam... ✓
[1774/5000] Processing: gilbert... ✓
[1775/5000] Processing: burt... ✓
[1776/5000] Processing: weggegangen... ✓
[1777/5000] Processing: nutze... ✓
[1778/5000] Processing: gütiger... ✓
[1779/5000] Processing: abgebrochen... ✓
[1780/5000] Processing: herkunft... ✓
  Progress: 530/1250 (42.4%) | Rate: 6.8 words/min | ETA: 105.9 min
[1781/5000] Processing: annahme... ✓
[1782/5000] Processing: wirfst... ✓
[1783/5000] Processing: gestank... ✓
[1784/5000] Processing: hintertür... ✓
[1785/5000] Processing: truthahn... ✓
[1786/5000] Processing: gefüllt... ✓
[1787/5000] Processing: bereithalten... ✓
[1788/5000] Processing: vorhat... ✓
[1789/5000] Processing: eleanor... ✓
[1790/5000] Processing: touristen... ✓
  Progress: 540/1250 (43.2%) | Rate: 6.8 words/min | ETA: 104.5 min
[1791/5000] Processing: fordere... ✓
[1792/5000] Processing: tagsüber... ✓
[1793/5000] Processing: feucht... ✓
[1794/5000] Processing: jeans... ✓
[1795/5000] Processing: befragung... ✓
[1796/5000] Processing: abgelaufen... ✓
[1797/5000] Processing: picard... ✓
[1798/5000] Processing: fu... ✓
[1799/5000] Processing: wunderbarer... ✓
[1800/5000] Processing: depp... ✓
  Progress: 550/1250 (44.0%) | Rate: 6.8 words/min | ETA: 102.9 min
[1801/5000] Processing: hüte... ✓
[1802/5000] Processing: israel... ✓
[1803/5000] Processing: ausschau... ✓
[1804/5000] Processing: kreischt... ✓
[1805/5000] Processing: bellen... ✓
[1806/5000] Processing: manipulieren... ✓
[1807/5000] Processing: studie... ✓
[1808/5000] Processing: heinrich... ✓
[1809/5000] Processing: knurren... ✓
[1810/5000] Processing: busch... ✓
  Progress: 560/1250 (44.8%) | Rate: 6.8 words/min | ETA: 101.5 min
[1811/5000] Processing: abwesenheit... ✓
[1812/5000] Processing: reitet... ✓
[1813/5000] Processing: komplizierter... ✓
[1814/5000] Processing: traut... ✓
[1815/5000] Processing: bestellung... ✓
[1816/5000] Processing: tatsachen... ✓
[1817/5000] Processing: heiligkeit... ✓
[1818/5000] Processing: back... ✓
[1819/5000] Processing: jahrhunderts... ✓
[1820/5000] Processing: verglichen... ✓
  Progress: 570/1250 (45.6%) | Rate: 6.8 words/min | ETA: 100.1 min
[1821/5000] Processing: sehnsucht... ✓
[1822/5000] Processing: überredet... ✓
[1823/5000] Processing: demokratie... ✓
[1824/5000] Processing: ranger... ✓
[1825/5000] Processing: empfehle... ✓
[1826/5000] Processing: schalt... ✓
[1827/5000] Processing: gevögelt... ✓
[1828/5000] Processing: young... ✓
[1829/5000] Processing: ra... ✓
[1830/5000] Processing: silver... ✓
  Progress: 580/1250 (46.4%) | Rate: 6.8 words/min | ETA: 98.7 min
[1831/5000] Processing: kräften... ✓
[1832/5000] Processing: rauszukommen... ✓
[1833/5000] Processing: schäden... ✓
[1834/5000] Processing: aggressiv... ✓
[1835/5000] Processing: ausleihen... ✓
[1836/5000] Processing: bella... ✓
[1837/5000] Processing: schlucken... ✓
[1838/5000] Processing: wesentlich... ✓
[1839/5000] Processing: satan... ✓
[1840/5000] Processing: erben... ✓
  Progress: 590/1250 (47.2%) | Rate: 6.8 words/min | ETA: 97.3 min
[1841/5000] Processing: police... ✓
[1842/5000] Processing: horn... ✓
[1843/5000] Processing: lebende... ✓
[1844/5000] Processing: schmutzige... ✓
[1845/5000] Processing: eiskalt... ✓
[1846/5000] Processing: sirene... ✓
[1847/5000] Processing: birthday... ✓
[1848/5000] Processing: ritual... ✓
[1849/5000] Processing: ira... ✓
[1850/5000] Processing: pflanze... ✓
  Progress: 600/1250 (48.0%) | Rate: 6.8 words/min | ETA: 95.7 min
[1851/5000] Processing: stürzt... ✓
[1852/5000] Processing: reynolds... ✓
[1853/5000] Processing: investiert... ✓
[1854/5000] Processing: bernie... ✓
[1855/5000] Processing: marilyn... ✓
[1856/5000] Processing: formen... ✓
[1857/5000] Processing: freundchen... ✓
[1858/5000] Processing: politischen... ✓
[1859/5000] Processing: freigelassen... ✓
[1860/5000] Processing: lionel... ✓
  Progress: 610/1250 (48.8%) | Rate: 6.8 words/min | ETA: 94.3 min
[1861/5000] Processing: rausgeworfen... ✓
[1862/5000] Processing: verprügeln... ✓
[1863/5000] Processing: bescheiden... ✓
[1864/5000] Processing: garderobe... ✓
[1865/5000] Processing: streifen... ✓
[1866/5000] Processing: rausgekommen... ✓
[1867/5000] Processing: jodi... ✓
[1868/5000] Processing: voneinander... ✓
[1869/5000] Processing: wirt... ✓
[1870/5000] Processing: kasten... ✓
  Progress: 620/1250 (49.6%) | Rate: 6.8 words/min | ETA: 92.8 min
[1871/5000] Processing: zeichnen... ✓
[1872/5000] Processing: backen... ✓
[1873/5000] Processing: scheitern... ✓
[1874/5000] Processing: francs... ✓
[1875/5000] Processing: jon... ✓
[1876/5000] Processing: salon... ✓
[1877/5000] Processing: medikament... ✓
[1878/5000] Processing: demnächst... ✓
[1879/5000] Processing: geboten... ✓
[1880/5000] Processing: spike... ✓
  Progress: 630/1250 (50.4%) | Rate: 6.8 words/min | ETA: 91.5 min
[1881/5000] Processing: auslösen... ✓
[1882/5000] Processing: pferden... ✓
[1883/5000] Processing: lebensmittel... ✓
[1884/5000] Processing: ruhiger... ✓
[1885/5000] Processing: durchsuchungsbefehl... ✓
[1886/5000] Processing: allmählich... ✓
[1887/5000] Processing: benommen... ✓
[1888/5000] Processing: adieu... ✓
[1889/5000] Processing: fragten... ✓
[1890/5000] Processing: vortrag... ✓
  Progress: 640/1250 (51.2%) | Rate: 6.8 words/min | ETA: 90.0 min
[1891/5000] Processing: amerikas... ✓
[1892/5000] Processing: sherry... ✓
[1893/5000] Processing: och... ✓
[1894/5000] Processing: oui... ✓
[1895/5000] Processing: erpressen... ✓
[1896/5000] Processing: flittchen... ✓
[1897/5000] Processing: zähnen... ✓
[1898/5000] Processing: u-boot... ✓
[1899/5000] Processing: daniels... ✓
[1900/5000] Processing: endete... ✓
  Progress: 650/1250 (52.0%) | Rate: 6.8 words/min | ETA: 88.4 min
[1901/5000] Processing: ängstlich... ✓
[1902/5000] Processing: she... ✓
[1903/5000] Processing: as... ✓
[1904/5000] Processing: durchbruch... ✓
[1905/5000] Processing: dorothy... ✓
[1906/5000] Processing: wiederhaben... ✓
[1907/5000] Processing: schrecklicher... ✓
[1908/5000] Processing: model... ✓
[1909/5000] Processing: besitze... ✓
[1910/5000] Processing: sorg... ✓
  Progress: 660/1250 (52.8%) | Rate: 6.8 words/min | ETA: 86.9 min
[1911/5000] Processing: sophia... ✓
[1912/5000] Processing: sullivan... ✓
[1913/5000] Processing: chor... ✓
[1914/5000] Processing: zuschlagen... ✓
[1915/5000] Processing: schere... ✓
[1916/5000] Processing: kampagne... ✓
[1917/5000] Processing: jax... ✓
[1918/5000] Processing: verrücktes... ✓
[1919/5000] Processing: gestartet... ✓
[1920/5000] Processing: reinigen... ✓
  Progress: 670/1250 (53.6%) | Rate: 6.8 words/min | ETA: 85.3 min
[1921/5000] Processing: stoppt... ✓
[1922/5000] Processing: lucky... ✓
[1923/5000] Processing: quälen... ✓
[1924/5000] Processing: berufung... ✓
[1925/5000] Processing: luis... ✓
[1926/5000] Processing: knöchel... ✓
[1927/5000] Processing: zeitplan... ✓
[1928/5000] Processing: zerbrochen... ✓
[1929/5000] Processing: verfluchter... ✓
[1930/5000] Processing: weichei... ✓
  Progress: 680/1250 (54.4%) | Rate: 6.8 words/min | ETA: 83.8 min
[1931/5000] Processing: jegliche... ✓
[1932/5000] Processing: versuchung... ✓
[1933/5000] Processing: shelby... ✓
[1934/5000] Processing: beitrag... ✓
[1935/5000] Processing: picknick... ✓
[1936/5000] Processing: argument... ✓
[1937/5000] Processing: reiner... ✓
[1938/5000] Processing: flüstern... ✓
[1939/5000] Processing: dummheiten... ✓
[1940/5000] Processing: meile... ✓
  Progress: 690/1250 (55.2%) | Rate: 6.8 words/min | ETA: 82.2 min
[1941/5000] Processing: hamburger... ✓
[1942/5000] Processing: kontaktiert... ✓
[1943/5000] Processing: spione... ✓
[1944/5000] Processing: fähnrich... ✓
[1945/5000] Processing: erinnerte... ✓
[1946/5000] Processing: türklingel... ✓
[1947/5000] Processing: henri... ✓
[1948/5000] Processing: dynamit... ✓
[1949/5000] Processing: organe... ✓
[1950/5000] Processing: fell... ✓
  Progress: 700/1250 (56.0%) | Rate: 6.8 words/min | ETA: 80.7 min
[1951/5000] Processing: sonnenschein... ✓
[1952/5000] Processing: archie... ✓
[1953/5000] Processing: lache... ✓
[1954/5000] Processing: elisabeth... ✓
[1955/5000] Processing: aufgelegt... ✓
[1956/5000] Processing: bräutigam... ✓
[1957/5000] Processing: chinesische... ✓
[1958/5000] Processing: monats... ✓
[1959/5000] Processing: shakespeare... ✓
[1960/5000] Processing: verrät... ✓
  Progress: 710/1250 (56.8%) | Rate: 6.8 words/min | ETA: 79.3 min
[1961/5000] Processing: drunter... ✓
[1962/5000] Processing: schottland... ✓
[1963/5000] Processing: drohung... ✓
[1964/5000] Processing: wa... ✓
[1965/5000] Processing: wende... ✓
[1966/5000] Processing: gefoltert... ✓
[1967/5000] Processing: erwachsener... ✓
[1968/5000] Processing: einzigartig... ✓
[1969/5000] Processing: briten... ✓
[1970/5000] Processing: profis... ✓
  Progress: 720/1250 (57.6%) | Rate: 6.8 words/min | ETA: 77.8 min
[1971/5000] Processing: mon... ✓
[1972/5000] Processing: übertreiben... ✓
[1973/5000] Processing: ressourcen... ✓
[1974/5000] Processing: bischof... ✓
[1975/5000] Processing: nationale... ✓
[1976/5000] Processing: ausstehen... ✓
[1977/5000] Processing: geschwister... ✓
[1978/5000] Processing: mountain... ✓
[1979/5000] Processing: zurücktreten... ✓
[1980/5000] Processing: avery... ✓
  Progress: 730/1250 (58.4%) | Rate: 6.8 words/min | ETA: 76.3 min
[1981/5000] Processing: roberts... ✓
[1982/5000] Processing: axt... ✓
[1983/5000] Processing: hugh... ✓
[1984/5000] Processing: händler... ✓
[1985/5000] Processing: ägypten... ✓
[1986/5000] Processing: überdenken... ✓
[1987/5000] Processing: ludwig... ✓
[1988/5000] Processing: fiona... ✓
[1989/5000] Processing: warme... ✓
[1990/5000] Processing: joel... ✓
  Progress: 740/1250 (59.2%) | Rate: 6.8 words/min | ETA: 74.8 min
[1991/5000] Processing: konzentrier... ✓
[1992/5000] Processing: del... ✓
[1993/5000] Processing: dampf... ✓
[1994/5000] Processing: missbraucht... ✓
[1995/5000] Processing: loyal... ✓
[1996/5000] Processing: wurzeln... ✓
[1997/5000] Processing: aufhängen... ✓
[1998/5000] Processing: wurm... ✓
[1999/5000] Processing: kathy... ✓
[2000/5000] Processing: kerze... ✓
  Progress: 750/1250 (60.0%) | Rate: 6.8 words/min | ETA: 73.4 min
[2001/5000] Processing: bereue... ✓
[2002/5000] Processing: loslegen... ✓
[2003/5000] Processing: fingen... ✓
[2004/5000] Processing: besatzung... ✓
[2005/5000] Processing: dog... ✓
[2006/5000] Processing: klüger... ✓
[2007/5000] Processing: zugestoßen... ✓
[2008/5000] Processing: befürchten... ✓
[2009/5000] Processing: folgende... ✓
[2010/5000] Processing: schmerzhaft... ✓
  Progress: 760/1250 (60.8%) | Rate: 6.8 words/min | ETA: 72.2 min
[2011/5000] Processing: jody... ✓
[2012/5000] Processing: beschrieben... ✓
[2013/5000] Processing: zittern... ✓
[2014/5000] Processing: standpunkt... ✓
[2015/5000] Processing: visier... ✓
[2016/5000] Processing: rang... ✓
[2017/5000] Processing: phoenix... ✓
[2018/5000] Processing: wesley... ✓
[2019/5000] Processing: herausfindet... ✓
[2020/5000] Processing: schaute... ✓
  Progress: 770/1250 (61.6%) | Rate: 6.8 words/min | ETA: 70.9 min
[2021/5000] Processing: theoretisch... ✓
[2022/5000] Processing: if... ✓
[2023/5000] Processing: chan... ✓
[2024/5000] Processing: beutel... ✓
[2025/5000] Processing: drängen... ✓
[2026/5000] Processing: schlimmen... ✓
[2027/5000] Processing: klient... ✓
[2028/5000] Processing: hängst... ✓
[2029/5000] Processing: veranda... ✓
[2030/5000] Processing: pam... ✓
  Progress: 780/1250 (62.4%) | Rate: 6.8 words/min | ETA: 69.4 min
[2031/5000] Processing: jüngste... ✓
[2032/5000] Processing: strahlung... ✓
[2033/5000] Processing: betrügt... ✓
[2034/5000] Processing: unendlich... ✓
[2035/5000] Processing: gedichte... ✓
[2036/5000] Processing: sven... ✓
[2037/5000] Processing: irene... ✓
[2038/5000] Processing: gereist... ✓
[2039/5000] Processing: schiss... ✓
[2040/5000] Processing: benimmst... ✓
  Progress: 790/1250 (63.2%) | Rate: 6.8 words/min | ETA: 68.0 min
[2041/5000] Processing: schwangerschaft... ✓
[2042/5000] Processing: subcentral... ✓
[2043/5000] Processing: kopien... ✓
[2044/5000] Processing: infrage... ✓
[2045/5000] Processing: zweifeln... ✓
[2046/5000] Processing: nonne... ✓
[2047/5000] Processing: müsse... ✓
[2048/5000] Processing: juliette... ✓
[2049/5000] Processing: richtet... ✓
[2050/5000] Processing: lecken... ✓
  Progress: 800/1250 (64.0%) | Rate: 6.8 words/min | ETA: 66.6 min
[2051/5000] Processing: feuerwerk... ✓
[2052/5000] Processing: neueste... ✓
[2053/5000] Processing: geistes... ✓
[2054/5000] Processing: verletzten... ✓
[2055/5000] Processing: abwechslung... ✓
[2056/5000] Processing: ausgeführt... ✓
[2057/5000] Processing: kleingeld... ✓
[2058/5000] Processing: evans... ✓
[2059/5000] Processing: gelegentlich... ✓
[2060/5000] Processing: denise... ✓
  Progress: 810/1250 (64.8%) | Rate: 6.8 words/min | ETA: 65.0 min
[2061/5000] Processing: braten... ✓
[2062/5000] Processing: angelegt... ✓
[2063/5000] Processing: artie... ✓
[2064/5000] Processing: corporal... ✓
[2065/5000] Processing: entsteht... ✓
[2066/5000] Processing: rogers... ✓
[2067/5000] Processing: herzschlag... ✓
[2068/5000] Processing: glücklicherweise... ✓
[2069/5000] Processing: heilung... ✓
[2070/5000] Processing: cäsar... ✓
  Progress: 820/1250 (65.6%) | Rate: 6.8 words/min | ETA: 63.5 min
[2071/5000] Processing: angeklagten... ✓
[2072/5000] Processing: profit... ✓
[2073/5000] Processing: brüllen... ✓
[2074/5000] Processing: verschieden... ✓
[2075/5000] Processing: münzen... ✓
[2076/5000] Processing: hinterlässt... ✓
[2077/5000] Processing: königlichen... ✓
[2078/5000] Processing: stadtrat... ✓
[2079/5000] Processing: pressekonferenz... ✓
[2080/5000] Processing: nich... ✓
  Progress: 830/1250 (66.4%) | Rate: 6.8 words/min | ETA: 62.0 min
[2081/5000] Processing: geschaut... ✓
[2082/5000] Processing: zugegeben... ✓
[2083/5000] Processing: end... ✓
[2084/5000] Processing: komisches... ✓
[2085/5000] Processing: regie... ✓
[2086/5000] Processing: merk... ✓
[2087/5000] Processing: boote... ✓
[2088/5000] Processing: verbrennt... ✓
[2089/5000] Processing: allergisch... ✓
[2090/5000] Processing: schweizer... ✓
  Progress: 840/1250 (67.2%) | Rate: 6.8 words/min | ETA: 60.5 min
[2091/5000] Processing: verdächtiger... ✓
[2092/5000] Processing: gasse... ✓
[2093/5000] Processing: tussi... ✓
[2094/5000] Processing: befürchtet... ✓
[2095/5000] Processing: reite... ✓
[2096/5000] Processing: außerirdische... ✓
[2097/5000] Processing: ehemaliger... ✓
[2098/5000] Processing: radar... ✓
[2099/5000] Processing: gestattet... ✓
[2100/5000] Processing: gefecht... ✓
  Progress: 850/1250 (68.0%) | Rate: 6.8 words/min | ETA: 59.0 min
[2101/5000] Processing: angeschaut... ✓
[2102/5000] Processing: gedient... ✓
[2103/5000] Processing: pension... ✓
[2104/5000] Processing: strich... ✓
[2105/5000] Processing: lippenstift... ✓
[2106/5000] Processing: stab... ✓
[2107/5000] Processing: außerirdischen... ✓
[2108/5000] Processing: termine... ✓
[2109/5000] Processing: maler... ✓
[2110/5000] Processing: verweigert... ✓
  Progress: 860/1250 (68.8%) | Rate: 6.8 words/min | ETA: 57.5 min
[2111/5000] Processing: boxer... ✓
[2112/5000] Processing: vorteile... ✓
[2113/5000] Processing: ausstellung... ✓
[2114/5000] Processing: tragisch... ✓
[2115/5000] Processing: rasch... ✓
[2116/5000] Processing: oberste... ✓
[2117/5000] Processing: polizistin... ✓
[2118/5000] Processing: windeln... ✓
[2119/5000] Processing: detroit... ✓
[2120/5000] Processing: arizona... ✓
  Progress: 870/1250 (69.6%) | Rate: 6.8 words/min | ETA: 55.9 min
[2121/5000] Processing: universums... ✓
[2122/5000] Processing: aufheben... ✓
[2123/5000] Processing: narben... ✓
[2124/5000] Processing: fleißig... ✓
[2125/5000] Processing: freizeit... ✓
[2126/5000] Processing: elegant... ✓
[2127/5000] Processing: dolch... ✓
[2128/5000] Processing: sloan... ✓
[2129/5000] Processing: eindringen... ✓
[2130/5000] Processing: auszeit... ✓
  Progress: 880/1250 (70.4%) | Rate: 6.8 words/min | ETA: 54.4 min
[2131/5000] Processing: internationalen... ✓
[2132/5000] Processing: fielen... ✓
[2133/5000] Processing: weggeworfen... ✓
[2134/5000] Processing: vergeuden... ✓
[2135/5000] Processing: blätter... ✓
[2136/5000] Processing: blass... ✓
[2137/5000] Processing: konzept... ✓
[2138/5000] Processing: look... ✓
[2139/5000] Processing: keineswegs... ✓
[2140/5000] Processing: faden... ✓
  Progress: 890/1250 (71.2%) | Rate: 6.8 words/min | ETA: 52.8 min
[2141/5000] Processing: kleinste... ✓
[2142/5000] Processing: geschrien... ✓
[2143/5000] Processing: ertrunken... ✓
[2144/5000] Processing: blase... ✓
[2145/5000] Processing: treffpunkt... ✓
[2146/5000] Processing: schrift... ✓
[2147/5000] Processing: mathe... ✓
[2148/5000] Processing: royal... ✓
[2149/5000] Processing: evelyn... ✓
[2150/5000] Processing: britische... ✓
  Progress: 900/1250 (72.0%) | Rate: 6.8 words/min | ETA: 51.3 min
[2151/5000] Processing: körperlich... ✓
[2152/5000] Processing: konzentration... ✓
[2153/5000] Processing: schaltet... ✓
[2154/5000] Processing: draht... ✓
[2155/5000] Processing: at... ✓
[2156/5000] Processing: älteste... ✓
[2157/5000] Processing: höhere... ✓
[2158/5000] Processing: gerannt... ✓
[2159/5000] Processing: tower... ✓
[2160/5000] Processing: gedrückt... ✓
  Progress: 910/1250 (72.8%) | Rate: 6.8 words/min | ETA: 49.8 min
[2161/5000] Processing: reinigung... ✓
[2162/5000] Processing: fordert... ✓
[2163/5000] Processing: ideale... ✓
[2164/5000] Processing: stiehlt... ✓
[2165/5000] Processing: money... ✓
[2166/5000] Processing: eiern... ✓
[2167/5000] Processing: dritter... ✓
[2168/5000] Processing: züge... ✓
[2169/5000] Processing: optionen... ✓
[2170/5000] Processing: ge... ✓
  Progress: 920/1250 (73.6%) | Rate: 6.8 words/min | ETA: 48.3 min
[2171/5000] Processing: roland... ✓
[2172/5000] Processing: ersticken... ✓
[2173/5000] Processing: farmer... ✓
[2174/5000] Processing: batterie... ✓
[2175/5000] Processing: obst... ✓
[2176/5000] Processing: badewanne... ✓
[2177/5000] Processing: manches... ✓
[2178/5000] Processing: droge... ✓
[2179/5000] Processing: übertragung... ✓
[2180/5000] Processing: enge... ✓
  Progress: 930/1250 (74.4%) | Rate: 6.8 words/min | ETA: 46.7 min
[2181/5000] Processing: nickerchen... ✓
[2182/5000] Processing: juhu... ✓
[2183/5000] Processing: cora... ✓
[2184/5000] Processing: lungen... ✓
[2185/5000] Processing: öffnete... ✓
[2186/5000] Processing: abschneiden... ✓
[2187/5000] Processing: valentine... ✓
[2188/5000] Processing: hierbei... ✓
[2189/5000] Processing: sorgst... 